2024-11-28 14:40:46.277 [info] Reading sessions from keychain...
2024-11-28 14:40:46.277 [info] Getting sessions for all scopes...
2024-11-28 14:40:46.277 [info] Getting sessions for all scopes...
2024-11-28 14:40:46.277 [info] Getting sessions for all scopes...
2024-11-28 14:40:46.277 [info] Got 0 sessions for ...
2024-11-28 14:40:46.277 [info] Got 0 sessions for ...
2024-11-28 14:40:46.277 [info] Got 0 sessions for ...
2024-11-28 14:40:46.277 [info] Getting sessions for user:email...
2024-11-28 14:40:46.277 [info] Got 0 sessions for user:email...
2024-11-28 14:40:48.445 [info] Logging in with 'any' account...
2024-11-28 14:40:48.445 [info] Logging in for the following scopes: user:email
2024-11-28 14:40:48.466 [info] Trying without local server... (user:email)
2024-11-28 14:42:41.093 [info] Exchanging code for token...
2024-11-28 14:42:41.411 [info] Token exchange success!
2024-11-28 14:42:41.415 [info] Getting user info...
2024-11-28 14:42:41.701 [info] Got account info!
2024-11-28 14:42:41.703 [info] Storing 1 sessions...
2024-11-28 14:42:49.329 [info] Reading sessions from keychain...
2024-11-28 14:42:49.329 [info] Stored 1 sessions!
2024-11-28 14:42:49.329 [info] Login success!
2024-11-28 14:42:49.377 [info] Got stored sessions!
2024-11-28 14:42:49.377 [info] Got 1 verified sessions.
2024-11-28 14:42:49.377 [info] Getting sessions for user:email...
2024-11-28 14:42:49.377 [info] Got 1 sessions for user:email...
