2024-11-28 20:02:50.125 [info] Started local extension host with pid 27886.
2024-11-28 20:02:50.476 [info] Creating lazy extension host (LocalWebWorker). Reason: contains 1 extension(s): blinkshellinc.blink-fs.
2024-11-28 20:02:50.773 [info] Settings Sync: Updating due to initialize
2024-11-28 20:02:50.773 [info] Settings Sync: Updating authentication providers. Authentication Providers from store: [{"id":"github","scopes":["user:email"]},{"id":"microsoft","scopes":["openid","profile","email","offline_access"]}]
2024-11-28 20:02:50.773 [info] Settings Sync: Authentication providers updated []
2024-11-28 20:02:50.977 [info] Settings Sync: Updating authentication providers. Authentication Providers from store: [{"id":"github","scopes":["user:email"]},{"id":"microsoft","scopes":["openid","profile","email","offline_access"]}]
2024-11-28 20:02:50.977 [info] Settings Sync: Authentication providers updated ["github"]
2024-11-28 20:02:50.977 [info] Settings Sync: Updating authentication providers. Authentication Providers from store: [{"id":"github","scopes":["user:email"]},{"id":"microsoft","scopes":["openid","profile","email","offline_access"]}]
2024-11-28 20:02:50.977 [info] Settings Sync: Authentication providers updated ["github"]
2024-11-28 20:02:50.978 [info] Settings Sync: Updating authentication providers. Authentication Providers from store: [{"id":"github","scopes":["user:email"]},{"id":"microsoft","scopes":["openid","profile","email","offline_access"]}]
2024-11-28 20:02:50.978 [info] Settings Sync: Authentication providers updated ["github","microsoft"]
2024-11-28 20:02:50.978 [info] Settings Sync: Updating authentication providers. Authentication Providers from store: [{"id":"github","scopes":["user:email"]},{"id":"microsoft","scopes":["openid","profile","email","offline_access"]}]
2024-11-28 20:02:50.978 [info] Settings Sync: Authentication providers updated ["github","microsoft"]
2024-11-28 20:02:51.016 [info] Settings Sync: Updating due to declared authentication providers changed
2024-11-28 20:02:51.016 [info] Settings Sync: Updating authentication providers. Authentication Providers from store: [{"id":"github","scopes":["user:email"]},{"id":"microsoft","scopes":["openid","profile","email","offline_access"]}]
2024-11-28 20:02:51.016 [info] Settings Sync: Authentication providers updated ["github","microsoft"]
2024-11-28 20:02:51.016 [info] Settings Sync: Updating due to declared authentication providers changed
2024-11-28 20:02:51.016 [info] Settings Sync: Updating authentication providers. Authentication Providers from store: [{"id":"github","scopes":["user:email"]},{"id":"microsoft","scopes":["openid","profile","email","offline_access"]}]
2024-11-28 20:02:51.016 [info] Settings Sync: Authentication providers updated ["github","microsoft"]
2024-11-28 20:02:51.669 [info] Settings Sync: Updating authentication providers. Authentication Providers from store: [{"id":"github","scopes":["user:email"]},{"id":"microsoft","scopes":["openid","profile","email","offline_access"]}]
2024-11-28 20:02:51.670 [info] Settings Sync: Authentication providers updated ["github","microsoft"]
2024-11-28 20:02:52.851 [info] [perf] Render performance baseline is 30ms
