[   976.582] 
X.Org X Server 1.21.1.14
X Protocol Version 11, Revision 0
[   976.584] Current Operating System: Linux spectre 6.12.1-arch1-1 #1 SMP PREEMPT_DYNAMIC Fri, 22 Nov 2024 16:04:27 +0000 x86_64
[   976.584] Kernel command line: initrd=\4f670c8b771b464c87c767dc25bba32b\6.12.1-arch1-1\initrd quiet nowatchdog rw root=UUID=bd3611fe-4355-45c0-8ff4-7a4cd124ef8d resume=UUID=0349dd24-d2a9-4df8-8dc6-7f520bd497c6 rw root=UUID=bd3611fe-4355-45c0-8ff4-7a4cd124ef8d resume=UUID=0349dd24-d2a9-4df8-8dc6-7f520bd497c6 rw root=UUID=bd3611fe-4355-45c0-8ff4-7a4cd124ef8d resume=UUID=0349dd24-d2a9-4df8-8dc6-7f520bd497c6 systemd.machine_id=4f670c8b771b464c87c767dc25bba32b
[   976.586]  
[   976.586] Current version of pixman: 0.44.0
[   976.588] 	Before reporting problems, check http://wiki.x.org
	to make sure that you have the latest version.
[   976.588] Markers: (--) probed, (**) from config file, (==) default setting,
	(++) from command line, (!!) notice, (II) informational,
	(WW) warning, (EE) error, (NI) not implemented, (??) unknown.
[   976.592] (==) Log file: "/home/steve/.local/share/xorg/Xorg.0.log", Time: Wed Nov 27 11:42:01 2024
[   976.593] (==) Using config directory: "/etc/X11/xorg.conf.d"
[   976.594] (==) Using system config directory "/usr/share/X11/xorg.conf.d"
[   976.594] (==) No Layout section.  Using the first Screen section.
[   976.594] (==) No screen section available. Using defaults.
[   976.594] (**) |-->Screen "Default Screen Section" (0)
[   976.594] (**) |   |-->Monitor "<default monitor>"
[   976.594] (==) No monitor specified for screen "Default Screen Section".
	Using a default monitor configuration.
[   976.594] (**) Option "DontZap" "false"
[   976.594] (**) Allowing byte-swapped clients
[   976.594] (==) Automatically adding devices
[   976.594] (==) Automatically enabling devices
[   976.594] (==) Automatically adding GPU devices
[   976.594] (==) Automatically binding GPU devices
[   976.594] (==) Max clients allowed: 256, resource mask: 0x1fffff
[   976.594] (WW) The directory "/usr/share/fonts/Type1" does not exist.
[   976.594] 	Entry deleted from font path.
[   976.594] (WW) The directory "/usr/share/fonts/100dpi" does not exist.
[   976.594] 	Entry deleted from font path.
[   976.594] (WW) The directory "/usr/share/fonts/75dpi" does not exist.
[   976.594] 	Entry deleted from font path.
[   976.594] (==) FontPath set to:
	/usr/share/fonts/misc,
	/usr/share/fonts/TTF,
	/usr/share/fonts/OTF
[   976.594] (==) ModulePath set to "/usr/lib/xorg/modules"
[   976.594] (II) The server relies on udev to provide the list of input devices.
	If no devices become available, reconfigure udev or disable AutoAddDevices.
[   976.594] (II) Module ABI versions:
[   976.594] 	X.Org ANSI C Emulation: 0.4
[   976.594] 	X.Org Video Driver: 25.2
[   976.594] 	X.Org XInput driver : 24.4
[   976.594] 	X.Org Server Extension : 10.0
[   976.594] (++) using VT number 1

[   976.595] (II) systemd-logind: took control of session /org/freedesktop/login1/session/_31
[   976.596] (II) xfree86: Adding drm device (/dev/dri/card1)
[   976.596] (II) Platform probe for /sys/devices/pci0000:00/0000:00:02.0/drm/card1
[   976.596] (II) systemd-logind: got fd for /dev/dri/card1 226:1 fd 13 paused 0
[   976.597] (II) xfree86: Adding drm device (/dev/dri/card0)
[   976.597] (II) Platform probe for /sys/devices/pci0000:00/0000:00:1d.0/0000:3b:00.0/drm/card0
[   976.597] (II) systemd-logind: got fd for /dev/dri/card0 226:0 fd 14 paused 0
[   976.598] (**) OutputClass "nvidia" ModulePath extended to "/usr/lib/nvidia/xorg,/usr/lib/xorg/modules,/usr/lib/xorg/modules"
[   976.599] (--) PCI:*(0@0:2:0) 8086:3ea0:103c:8518 rev 0, Mem @ 0x6042000000/16777216, 0x4000000000/268435456, I/O @ 0x00004000/64, BIOS @ 0x????????/131072
[   976.599] (--) PCI: (59@0:0:0) 10de:1d10:103c:8518 rev 161, Mem @ 0x77000000/16777216, 0x6030000000/268435456, 0x6040000000/33554432, I/O @ 0x00003000/128, BIOS @ 0x????????/524288
[   976.599] (WW) Open ACPI failed (/var/run/acpid.socket) (No such file or directory)
[   976.599] (II) LoadModule: "glx"
[   976.600] (II) Loading /usr/lib/xorg/modules/extensions/libglx.so
[   976.601] (II) Module glx: vendor="X.Org Foundation"
[   976.601] 	compiled for 1.21.1.14, module version = 1.0.0
[   976.601] 	ABI class: X.Org Server Extension, version 10.0
[   976.601] (II) Applying OutputClass "nvidia" to /dev/dri/card0
[   976.601] 	loading driver: nvidia
[   976.601] (==) Matched intel as autoconfigured driver 0
[   976.601] (==) Matched nvidia as autoconfigured driver 1
[   976.601] (==) Matched nouveau as autoconfigured driver 2
[   976.601] (==) Matched nv as autoconfigured driver 3
[   976.601] (==) Matched modesetting as autoconfigured driver 4
[   976.601] (==) Matched fbdev as autoconfigured driver 5
[   976.601] (==) Matched vesa as autoconfigured driver 6
[   976.601] (==) Assigned the driver to the xf86ConfigLayout
[   976.601] (II) LoadModule: "intel"
[   976.601] (II) Loading /usr/lib/xorg/modules/drivers/intel_drv.so
[   976.601] (II) Module intel: vendor="X.Org Foundation"
[   976.601] 	compiled for 1.21.1.11, module version = 2.99.917
[   976.601] 	Module class: X.Org Video Driver
[   976.601] 	ABI class: X.Org Video Driver, version 25.2
[   976.601] (II) LoadModule: "nvidia"
[   976.601] (II) Loading /usr/lib/xorg/modules/drivers/nvidia_drv.so
[   976.601] (II) Module nvidia: vendor="NVIDIA Corporation"
[   976.601] 	compiled for 1.6.99.901, module version = 1.0.0
[   976.601] 	Module class: X.Org Video Driver
[   976.601] (II) LoadModule: "nouveau"
[   976.601] (WW) Warning, couldn't open module nouveau
[   976.601] (EE) Failed to load module "nouveau" (module does not exist, 0)
[   976.601] (II) LoadModule: "nv"
[   976.601] (WW) Warning, couldn't open module nv
[   976.601] (EE) Failed to load module "nv" (module does not exist, 0)
[   976.602] (II) LoadModule: "modesetting"
[   976.602] (II) Loading /usr/lib/xorg/modules/drivers/modesetting_drv.so
[   976.618] (II) Module modesetting: vendor="X.Org Foundation"
[   976.618] 	compiled for 1.21.1.14, module version = 1.21.1
[   976.618] 	Module class: X.Org Video Driver
[   976.618] 	ABI class: X.Org Video Driver, version 25.2
[   976.618] (II) LoadModule: "fbdev"
[   976.618] (WW) Warning, couldn't open module fbdev
[   976.618] (EE) Failed to load module "fbdev" (module does not exist, 0)
[   976.618] (II) LoadModule: "vesa"
[   976.618] (WW) Warning, couldn't open module vesa
[   976.618] (EE) Failed to load module "vesa" (module does not exist, 0)
[   976.618] (II) intel: Driver for Intel(R) Integrated Graphics Chipsets:
	i810, i810-dc100, i810e, i815, i830M, 845G, 854, 852GM/855GM, 865G,
	915G, E7221 (i915), 915GM, 945G, 945GM, 945GME, Pineview GM,
	Pineview G, 965G, G35, 965Q, 946GZ, 965GM, 965GME/GLE, G33, Q35, Q33,
	GM45, 4 Series, G45/G43, Q45/Q43, G41, B43
[   976.618] (II) intel: Driver for Intel(R) HD Graphics
[   976.618] (II) intel: Driver for Intel(R) Iris(TM) Graphics
[   976.618] (II) intel: Driver for Intel(R) Iris(TM) Pro Graphics
[   976.618] (II) NVIDIA dlloader X Driver  565.57.01  Thu Oct 10 12:05:50 UTC 2024
[   976.618] (II) NVIDIA Unified Driver for all Supported NVIDIA GPUs
[   976.618] (II) modesetting: Driver for Modesetting Kernel Drivers: kms
[   976.618] xf86EnableIO: failed to enable I/O ports 0000-03ff (Operation not permitted)
[   976.618] (II) intel(0): Using Kernel Mode Setting driver: i915, version 1.6.0 0
[   976.618] (II) intel(0): SNA compiled from 2.99.917-923-gb74b67f0
[   976.618] (WW) Falling back to old probe method for modesetting
[   976.618] (II) systemd-logind: releasing fd for 226:0
[   976.619] (II) Loading sub module "fb"
[   976.619] (II) LoadModule: "fb"
[   976.619] (II) Module "fb" already built-in
[   976.619] (II) Loading sub module "wfb"
[   976.619] (II) LoadModule: "wfb"
[   976.619] (II) Loading /usr/lib/xorg/modules/libwfb.so
[   976.619] (II) Module wfb: vendor="X.Org Foundation"
[   976.619] 	compiled for 1.21.1.14, module version = 1.0.0
[   976.619] 	ABI class: X.Org ANSI C Emulation, version 0.4
[   976.619] (WW) VGA arbiter: cannot open kernel arbiter, no multi-card support
[   976.620] (--) intel(0): Integrated Graphics Chipset: Intel(R) HD Graphics
[   976.620] (--) intel(0): CPU: x86-64, sse2, sse3, ssse3, sse4.1, sse4.2, avx, avx2; using a maximum of 4 threads
[   976.620] (II) intel(0): Creating default Display subsection in Screen section
	"Default Screen Section" for depth/fbbpp 24/32
[   976.620] (==) intel(0): Depth 24, (--) framebuffer bpp 32
[   976.620] (==) intel(0): RGB weight 888
[   976.620] (==) intel(0): Default visual is TrueColor
[   976.620] (II) intel(0): Output eDP1 has no monitor section
[   976.620] (**) intel(0): Found backlight control interface intel_backlight (type 'raw') for output eDP1
[   976.620] (II) intel(0): Enabled output eDP1
[   976.620] (II) intel(0): Output DP1 has no monitor section
[   976.621] (II) intel(0): Enabled output DP1
[   976.621] (II) intel(0): Output DP2 has no monitor section
[   976.621] (II) intel(0): Enabled output DP2
[   976.621] (--) intel(0): Using a maximum size of 256x256 for hardware cursors
[   976.621] (II) intel(0): Output VIRTUAL1 has no monitor section
[   976.621] (II) intel(0): Enabled output VIRTUAL1
[   976.621] (--) intel(0): Output eDP1 using initial mode 3840x2160 on pipe 0
[   976.621] (==) intel(0): TearFree enabled
[   976.621] (==) intel(0): Using gamma correction (1.0, 1.0, 1.0)
[   976.621] (==) intel(0): DPI set to (96, 96)
[   976.621] (II) Loading sub module "dri3"
[   976.621] (II) LoadModule: "dri3"
[   976.621] (II) Module "dri3" already built-in
[   976.621] (II) Loading sub module "dri2"
[   976.621] (II) LoadModule: "dri2"
[   976.621] (II) Module "dri2" already built-in
[   976.621] (II) Loading sub module "present"
[   976.621] (II) LoadModule: "present"
[   976.621] (II) Module "present" already built-in
[   976.621] (==) NVIDIA(G0): Depth 24, (==) framebuffer bpp 32
[   976.621] (==) NVIDIA(G0): RGB weight 888
[   976.621] (==) NVIDIA(G0): Default visual is TrueColor
[   976.621] (==) NVIDIA(G0): Using gamma correction (1.0, 1.0, 1.0)
[   976.621] (II) Applying OutputClass "nvidia" options to /dev/dri/card0
[   976.621] (**) NVIDIA(G0): Option "AllowEmptyInitialConfiguration"
[   976.621] (**) NVIDIA(G0): Enabling 2D acceleration
[   976.621] (II) Loading sub module "glxserver_nvidia"
[   976.621] (II) LoadModule: "glxserver_nvidia"
[   976.621] (II) Loading /usr/lib/nvidia/xorg/libglxserver_nvidia.so
[   976.631] (II) Module glxserver_nvidia: vendor="NVIDIA Corporation"
[   976.631] 	compiled for 1.6.99.901, module version = 1.0.0
[   976.631] 	Module class: X.Org Server Extension
[   976.631] (II) NVIDIA GLX Module  565.57.01  Thu Oct 10 12:09:28 UTC 2024
[   976.631] (II) NVIDIA: The X server supports PRIME Render Offload.
[   976.632] (II) NVIDIA(G0): NVIDIA GPU NVIDIA GeForce MX150 (GP108-A) at PCI:59:0:0
[   976.632] (II) NVIDIA(G0):     (GPU-0)
[   976.632] (--) NVIDIA(G0): Memory: 2097152 kBytes
[   976.632] (--) NVIDIA(G0): VideoBIOS: 86.08.27.00.0f
[   976.632] (II) NVIDIA(G0): Detected PCI Express Link width: 4X
[   976.632] (II) NVIDIA(G0): Validated MetaModes:
[   976.632] (II) NVIDIA(G0):     "NULL"
[   976.632] (II) NVIDIA(G0): Virtual screen size determined to be 640 x 480
[   976.632] (WW) NVIDIA(G0): Unable to get display device for DPI computation.
[   976.632] (==) NVIDIA(G0): DPI set to (75, 75); computed from built-in default
[   976.632] (II) UnloadModule: "modesetting"
[   976.632] (II) Unloading modesetting
[   976.632] (II) intel(0): SNA initialized with Coffeelake (gen9) backend
[   976.632] (==) intel(0): Backing store enabled
[   976.632] (==) intel(0): Silken mouse enabled
[   976.632] (II) intel(0): HW Cursor enabled
[   976.632] (==) intel(0): DPMS enabled
[   976.632] (==) intel(0): Display hotplug detection enabled
[   976.632] (II) intel(0): [DRI2] Setup complete
[   976.632] (II) intel(0): [DRI2]   DRI driver: i965
[   976.632] (II) intel(0): [DRI2]   VDPAU driver: va_gl
[   976.632] (II) intel(0): direct rendering: DRI2 DRI3 enabled
[   976.632] (II) intel(0): hardware support for Present enabled
[   976.633] (WW) NVIDIA: Failed to bind sideband socket to
[   976.633] (WW) NVIDIA:     '/var/run/nvidia-xdriver-3b3eafb0' Permission denied
[   976.633] (II) NVIDIA: Reserving 24576.00 MB of virtual memory for indirect memory
[   976.633] (II) NVIDIA:     access.
[   976.640] (II) NVIDIA(G0): ACPI: failed to connect to the ACPI event daemon; the daemon
[   976.640] (II) NVIDIA(G0):     may not be running or the "AcpidSocketPath" X
[   976.640] (II) NVIDIA(G0):     configuration option may not be set correctly.  When the
[   976.640] (II) NVIDIA(G0):     ACPI event daemon is available, the NVIDIA X driver will
[   976.640] (II) NVIDIA(G0):     try to use it to receive ACPI event notifications.  For
[   976.640] (II) NVIDIA(G0):     details, please see the "ConnectToAcpid" and
[   976.640] (II) NVIDIA(G0):     "AcpidSocketPath" X configuration options in Appendix B: X
[   976.640] (II) NVIDIA(G0):     Config Options in the README.
[   976.656] (II) NVIDIA(G0): Setting mode "NULL"
[   976.659] (==) NVIDIA(G0): Disabling shared memory pixmaps
[   976.659] (==) NVIDIA(G0): Backing store enabled
[   976.659] (==) NVIDIA(G0): Silken mouse enabled
[   976.659] (==) NVIDIA(G0): DPMS enabled
[   976.659] (II) Loading sub module "dri2"
[   976.659] (II) LoadModule: "dri2"
[   976.659] (II) Module "dri2" already built-in
[   976.659] (II) NVIDIA(G0): [DRI2] Setup complete
[   976.659] (II) NVIDIA(G0): [DRI2]   VDPAU driver: nvidia
[   976.659] (II) Initializing extension Generic Event Extension
[   976.659] (II) Initializing extension SHAPE
[   976.659] (II) Initializing extension MIT-SHM
[   976.659] (II) Initializing extension XInputExtension
[   976.659] (II) Initializing extension XTEST
[   976.660] (II) Initializing extension BIG-REQUESTS
[   976.660] (II) Initializing extension SYNC
[   976.660] (II) Initializing extension XKEYBOARD
[   976.660] (II) Initializing extension XC-MISC
[   976.660] (II) Initializing extension SECURITY
[   976.660] (II) Initializing extension XFIXES
[   976.660] (II) Initializing extension RENDER
[   976.660] (II) Initializing extension RANDR
[   976.660] (II) Initializing extension COMPOSITE
[   976.660] (II) Initializing extension DAMAGE
[   976.660] (II) Initializing extension MIT-SCREEN-SAVER
[   976.660] (II) Initializing extension DOUBLE-BUFFER
[   976.660] (II) Initializing extension RECORD
[   976.660] (II) Initializing extension DPMS
[   976.660] (II) Initializing extension Present
[   976.660] (II) Initializing extension DRI3
[   976.661] (II) Initializing extension X-Resource
[   976.661] (II) Initializing extension XVideo
[   976.661] (II) Initializing extension XVideo-MotionCompensation
[   976.661] (II) Initializing extension GLX
[   976.661] (II) Initializing extension GLX
[   976.661] (II) Indirect GLX disabled.
[   976.661] (EE) AIGLX error: dlopen of /usr/lib/dri/i965_dri.so failed (/usr/lib/dri/i965_dri.so: cannot open shared object file: No such file or directory)
[   976.661] (EE) AIGLX error: unable to load driver i965
[   976.679] (II) IGLX: Loaded and initialized swrast
[   976.679] (II) GLX: Initialized DRISWRAST GL provider for screen 0
[   976.679] (II) Initializing extension XFree86-VidModeExtension
[   976.679] (II) Initializing extension XFree86-DGA
[   976.680] (II) Initializing extension XFree86-DRI
[   976.680] (II) Initializing extension DRI2
[   976.680] (II) Initializing extension NV-GLX
[   976.680] (II) Initializing extension NV-CONTROL
[   976.684] (II) intel(0): switch to mode 3840x2160@60.0 on eDP1 using pipe 0, position (0, 0), rotation normal, reflection none
[   976.694] (II) intel(0): Setting screen physical size to 1016 x 571
[   976.733] (II) config/udev: Adding input device Video Bus (/dev/input/event3)
[   976.733] (**) Video Bus: Applying InputClass "libinput keyboard catchall"
[   976.733] (**) Video Bus: Applying InputClass "system-keyboard"
[   976.733] (**) Video Bus: Applying InputClass "Keyboard Defaults"
[   976.733] (II) LoadModule: "libinput"
[   976.733] (II) Loading /usr/lib/xorg/modules/input/libinput_drv.so
[   976.734] (II) Module libinput: vendor="X.Org Foundation"
[   976.734] 	compiled for 1.21.1.13, module version = 1.5.0
[   976.734] 	Module class: X.Org XInput Driver
[   976.734] 	ABI class: X.Org XInput driver, version 24.4
[   976.734] (II) Using input driver 'libinput' for 'Video Bus'
[   976.735] (II) systemd-logind: got fd for /dev/input/event3 13:67 fd 35 paused 0
[   976.735] (**) Video Bus: always reports core events
[   976.735] (**) Option "Device" "/dev/input/event3"
[   976.736] (II) event3  - Video Bus: is tagged by udev as: Keyboard
[   976.736] (II) event3  - Video Bus: device is a keyboard
[   976.736] (II) event3  - Video Bus: device removed
[   976.736] (**) Option "config_info" "udev:/sys/devices/LNXSYSTM:00/LNXSYBUS:00/PNP0A08:00/LNXVIDEO:00/input/input3/event3"
[   976.736] (II) XINPUT: Adding extended input device "Video Bus" (type: KEYBOARD, id 6)
[   976.736] (**) Option "xkb_layout" "us"
[   976.736] (WW) Option "xkb_variant" requires a string value
[   976.736] (**) Option "xkb_options" "terminate:ctrl_alt_bksp"
[   976.749] (II) event3  - Video Bus: is tagged by udev as: Keyboard
[   976.749] (II) event3  - Video Bus: device is a keyboard
[   976.750] (II) config/udev: Adding input device Video Bus (/dev/input/event4)
[   976.750] (**) Video Bus: Applying InputClass "libinput keyboard catchall"
[   976.750] (**) Video Bus: Applying InputClass "system-keyboard"
[   976.750] (**) Video Bus: Applying InputClass "Keyboard Defaults"
[   976.750] (II) Using input driver 'libinput' for 'Video Bus'
[   976.750] (II) systemd-logind: got fd for /dev/input/event4 13:68 fd 38 paused 0
[   976.750] (**) Video Bus: always reports core events
[   976.750] (**) Option "Device" "/dev/input/event4"
[   976.751] (II) event4  - Video Bus: is tagged by udev as: Keyboard
[   976.751] (II) event4  - Video Bus: device is a keyboard
[   976.751] (II) event4  - Video Bus: device removed
[   976.751] (**) Option "config_info" "udev:/sys/devices/LNXSYSTM:00/LNXSYBUS:00/PNP0A08:00/device:33/LNXVIDEO:01/input/input4/event4"
[   976.751] (II) XINPUT: Adding extended input device "Video Bus" (type: KEYBOARD, id 7)
[   976.751] (**) Option "xkb_layout" "us"
[   976.751] (WW) Option "xkb_variant" requires a string value
[   976.751] (**) Option "xkb_options" "terminate:ctrl_alt_bksp"
[   976.752] (II) event4  - Video Bus: is tagged by udev as: Keyboard
[   976.752] (II) event4  - Video Bus: device is a keyboard
[   976.752] (II) config/udev: Adding input device Power Button (/dev/input/event1)
[   976.752] (**) Power Button: Applying InputClass "libinput keyboard catchall"
[   976.752] (**) Power Button: Applying InputClass "system-keyboard"
[   976.752] (**) Power Button: Applying InputClass "Keyboard Defaults"
[   976.752] (II) Using input driver 'libinput' for 'Power Button'
[   976.753] (II) systemd-logind: got fd for /dev/input/event1 13:65 fd 39 paused 0
[   976.753] (**) Power Button: always reports core events
[   976.753] (**) Option "Device" "/dev/input/event1"
[   976.753] (II) event1  - Power Button: is tagged by udev as: Keyboard
[   976.753] (II) event1  - Power Button: device is a keyboard
[   976.753] (II) event1  - Power Button: device removed
[   976.753] (**) Option "config_info" "udev:/sys/devices/LNXSYSTM:00/LNXSYBUS:00/PNP0C0C:00/input/input1/event1"
[   976.753] (II) XINPUT: Adding extended input device "Power Button" (type: KEYBOARD, id 8)
[   976.753] (**) Option "xkb_layout" "us"
[   976.753] (WW) Option "xkb_variant" requires a string value
[   976.753] (**) Option "xkb_options" "terminate:ctrl_alt_bksp"
[   976.754] (II) event1  - Power Button: is tagged by udev as: Keyboard
[   976.754] (II) event1  - Power Button: device is a keyboard
[   976.754] (II) config/udev: Adding input device Lid Switch (/dev/input/event0)
[   976.754] (II) No input driver specified, ignoring this device.
[   976.754] (II) This device may have been added with another device file.
[   976.755] (II) config/udev: Adding input device ELAN2514:00 04F3:2817 (/dev/input/event10)
[   976.755] (**) ELAN2514:00 04F3:2817: Applying InputClass "libinput touchscreen catchall"
[   976.755] (II) Using input driver 'libinput' for 'ELAN2514:00 04F3:2817'
[   976.755] (II) systemd-logind: got fd for /dev/input/event10 13:74 fd 40 paused 0
[   976.755] (**) ELAN2514:00 04F3:2817: always reports core events
[   976.755] (**) Option "Device" "/dev/input/event10"
[   976.756] (II) event10 - ELAN2514:00 04F3:2817: is tagged by udev as: Touchscreen
[   976.756] (II) event10 - ELAN2514:00 04F3:2817: device is a touch device
[   976.756] (II) event10 - ELAN2514:00 04F3:2817: device removed
[   976.756] (**) Option "config_info" "udev:/sys/devices/pci0000:00/0000:00:15.0/i2c_designware.0/i2c-8/i2c-ELAN2514:00/0018:04F3:2817.0001/input/input19/event10"
[   976.756] (II) XINPUT: Adding extended input device "ELAN2514:00 04F3:2817" (type: TOUCHSCREEN, id 9)
[   976.756] (**) Option "AccelerationScheme" "none"
[   976.756] (**) ELAN2514:00 04F3:2817: (accel) selected scheme none/0
[   976.756] (**) ELAN2514:00 04F3:2817: (accel) acceleration factor: 2.000
[   976.756] (**) ELAN2514:00 04F3:2817: (accel) acceleration threshold: 4
[   976.757] (II) event10 - ELAN2514:00 04F3:2817: is tagged by udev as: Touchscreen
[   976.757] (II) event10 - ELAN2514:00 04F3:2817: device is a touch device
[   976.758] (II) config/udev: Adding input device ELAN2514:00 04F3:2817 (/dev/input/mouse0)
[   976.758] (II) No input driver specified, ignoring this device.
[   976.758] (II) This device may have been added with another device file.
[   976.758] (II) config/udev: Adding input device ELAN2514:00 04F3:2817 UNKNOWN (/dev/input/event11)
[   976.758] (II) No input driver specified, ignoring this device.
[   976.758] (II) This device may have been added with another device file.
[   976.758] (II) config/udev: Adding input device ELAN2514:00 04F3:2817 UNKNOWN (/dev/input/event12)
[   976.758] (II) No input driver specified, ignoring this device.
[   976.758] (II) This device may have been added with another device file.
[   976.759] (II) config/udev: Adding input device ELAN2514:00 04F3:2817 Stylus (/dev/input/event13)
[   976.759] (**) ELAN2514:00 04F3:2817 Stylus: Applying InputClass "libinput tablet catchall"
[   976.759] (II) Using input driver 'libinput' for 'ELAN2514:00 04F3:2817 Stylus'
[   976.759] (II) systemd-logind: got fd for /dev/input/event13 13:77 fd 41 paused 0
[   976.759] (**) ELAN2514:00 04F3:2817 Stylus: always reports core events
[   976.759] (**) Option "Device" "/dev/input/event13"
[   976.760] (II) event13 - ELAN2514:00 04F3:2817 Stylus: is tagged by udev as: Tablet
[   976.781] (II) event13 - ELAN2514:00 04F3:2817 Stylus: device is a tablet
[   976.781] (II) event13 - ELAN2514:00 04F3:2817 Stylus: device removed
[   976.781] (**) Option "config_info" "udev:/sys/devices/pci0000:00/0000:00:15.0/i2c_designware.0/i2c-8/i2c-ELAN2514:00/0018:04F3:2817.0001/input/input22/event13"
[   976.781] (II) XINPUT: Adding extended input device "ELAN2514:00 04F3:2817 Stylus" (type: TABLET, id 10)
[   976.782] (II) event13 - ELAN2514:00 04F3:2817 Stylus: is tagged by udev as: Tablet
[   976.791] (II) event13 - ELAN2514:00 04F3:2817 Stylus: device is a tablet
[   976.791] (II) config/udev: Adding input device ELAN2514:00 04F3:2817 Stylus (/dev/input/mouse1)
[   976.791] (II) No input driver specified, ignoring this device.
[   976.791] (II) This device may have been added with another device file.
[   976.791] (II) config/udev: Adding input device SYNA329A:00 06CB:CD4F Mouse (/dev/input/event14)
[   976.791] (**) SYNA329A:00 06CB:CD4F Mouse: Applying InputClass "libinput pointer catchall"
[   976.791] (II) Using input driver 'libinput' for 'SYNA329A:00 06CB:CD4F Mouse'
[   976.792] (II) systemd-logind: got fd for /dev/input/event14 13:78 fd 43 paused 0
[   976.792] (**) SYNA329A:00 06CB:CD4F Mouse: always reports core events
[   976.792] (**) Option "Device" "/dev/input/event14"
[   976.793] (II) event14 - SYNA329A:00 06CB:CD4F Mouse: is tagged by udev as: Mouse Pointingstick
[   976.793] (II) event14 - SYNA329A:00 06CB:CD4F Mouse: device is a pointer
[   976.793] (II) event14 - SYNA329A:00 06CB:CD4F Mouse: device removed
[   976.793] (II) libinput: SYNA329A:00 06CB:CD4F Mouse: Step value 0 was provided, libinput Fallback acceleration function is used.
[   976.793] (II) libinput: SYNA329A:00 06CB:CD4F Mouse: Step value 0 was provided, libinput Fallback acceleration function is used.
[   976.793] (II) libinput: SYNA329A:00 06CB:CD4F Mouse: Step value 0 was provided, libinput Fallback acceleration function is used.
[   976.793] (**) Option "config_info" "udev:/sys/devices/pci0000:00/0000:00:15.1/i2c_designware.1/i2c-9/i2c-SYNA329A:00/0018:06CB:CD4F.0002/input/input25/event14"
[   976.793] (II) XINPUT: Adding extended input device "SYNA329A:00 06CB:CD4F Mouse" (type: MOUSE, id 11)
[   976.793] (**) Option "AccelerationScheme" "none"
[   976.793] (**) SYNA329A:00 06CB:CD4F Mouse: (accel) selected scheme none/0
[   976.793] (**) SYNA329A:00 06CB:CD4F Mouse: (accel) acceleration factor: 2.000
[   976.793] (**) SYNA329A:00 06CB:CD4F Mouse: (accel) acceleration threshold: 4
[   976.794] (II) event14 - SYNA329A:00 06CB:CD4F Mouse: is tagged by udev as: Mouse Pointingstick
[   976.794] (II) event14 - SYNA329A:00 06CB:CD4F Mouse: device is a pointer
[   976.795] (II) config/udev: Adding input device SYNA329A:00 06CB:CD4F Mouse (/dev/input/mouse2)
[   976.795] (II) No input driver specified, ignoring this device.
[   976.795] (II) This device may have been added with another device file.
[   976.795] (II) config/udev: Adding input device SYNA329A:00 06CB:CD4F Touchpad (/dev/input/event15)
[   976.795] (**) SYNA329A:00 06CB:CD4F Touchpad: Applying InputClass "libinput touchpad catchall"
[   976.795] (**) SYNA329A:00 06CB:CD4F Touchpad: Applying InputClass "touchpad"
[   976.795] (II) Using input driver 'libinput' for 'SYNA329A:00 06CB:CD4F Touchpad'
[   976.796] (II) systemd-logind: got fd for /dev/input/event15 13:79 fd 44 paused 0
[   976.796] (**) SYNA329A:00 06CB:CD4F Touchpad: always reports core events
[   976.796] (**) Option "Device" "/dev/input/event15"
[   976.797] (II) event15 - SYNA329A:00 06CB:CD4F Touchpad: is tagged by udev as: Touchpad
[   976.798] (II) event15 - SYNA329A:00 06CB:CD4F Touchpad: device is a touchpad
[   976.798] (II) event15 - SYNA329A:00 06CB:CD4F Touchpad: device removed
[   976.798] (**) Option "Tapping" "on"
[   976.798] (II) libinput: SYNA329A:00 06CB:CD4F Touchpad: Step value 0 was provided, libinput Fallback acceleration function is used.
[   976.798] (II) libinput: SYNA329A:00 06CB:CD4F Touchpad: Step value 0 was provided, libinput Fallback acceleration function is used.
[   976.798] (II) libinput: SYNA329A:00 06CB:CD4F Touchpad: Step value 0 was provided, libinput Fallback acceleration function is used.
[   976.798] (**) Option "config_info" "udev:/sys/devices/pci0000:00/0000:00:15.1/i2c_designware.1/i2c-9/i2c-SYNA329A:00/0018:06CB:CD4F.0002/input/input27/event15"
[   976.798] (II) XINPUT: Adding extended input device "SYNA329A:00 06CB:CD4F Touchpad" (type: TOUCHPAD, id 12)
[   976.799] (**) Option "AccelerationScheme" "none"
[   976.799] (**) SYNA329A:00 06CB:CD4F Touchpad: (accel) selected scheme none/0
[   976.799] (**) SYNA329A:00 06CB:CD4F Touchpad: (accel) acceleration factor: 2.000
[   976.799] (**) SYNA329A:00 06CB:CD4F Touchpad: (accel) acceleration threshold: 4
[   976.800] (II) event15 - SYNA329A:00 06CB:CD4F Touchpad: is tagged by udev as: Touchpad
[   976.801] (II) event15 - SYNA329A:00 06CB:CD4F Touchpad: device is a touchpad
[   976.801] (II) config/udev: Adding input device SYNA329A:00 06CB:CD4F Touchpad (/dev/input/mouse3)
[   976.801] (**) SYNA329A:00 06CB:CD4F Touchpad: Applying InputClass "touchpad"
[   976.801] (II) Using input driver 'libinput' for 'SYNA329A:00 06CB:CD4F Touchpad'
[   976.801] (**) SYNA329A:00 06CB:CD4F Touchpad: always reports core events
[   976.801] (**) Option "Device" "/dev/input/mouse3"
[   976.801] (EE) xf86OpenSerial: Cannot open device /dev/input/mouse3
	Permission denied.
[   976.801] (II) mouse3: opening input device '/dev/input/mouse3' failed (Permission denied).
[   976.801] (II) mouse3  - failed to create input device '/dev/input/mouse3'.
[   976.801] (EE) libinput: SYNA329A:00 06CB:CD4F Touchpad: Failed to create a device for /dev/input/mouse3
[   976.801] (EE) PreInit returned 2 for "SYNA329A:00 06CB:CD4F Touchpad"
[   976.801] (II) UnloadModule: "libinput"
[   976.802] (II) config/udev: Adding input device sof-hda-dsp Mic (/dev/input/event16)
[   976.802] (II) No input driver specified, ignoring this device.
[   976.802] (II) This device may have been added with another device file.
[   976.802] (II) config/udev: Adding input device sof-hda-dsp Headphone (/dev/input/event17)
[   976.802] (II) No input driver specified, ignoring this device.
[   976.802] (II) This device may have been added with another device file.
[   976.802] (II) config/udev: Adding input device sof-hda-dsp HDMI/DP,pcm=3 (/dev/input/event18)
[   976.802] (II) No input driver specified, ignoring this device.
[   976.802] (II) This device may have been added with another device file.
[   976.802] (II) config/udev: Adding input device sof-hda-dsp HDMI/DP,pcm=4 (/dev/input/event19)
[   976.802] (II) No input driver specified, ignoring this device.
[   976.802] (II) This device may have been added with another device file.
[   976.803] (II) config/udev: Adding input device sof-hda-dsp HDMI/DP,pcm=5 (/dev/input/event20)
[   976.803] (II) No input driver specified, ignoring this device.
[   976.803] (II) This device may have been added with another device file.
[   976.803] (II) config/udev: Adding input device Intel HID events (/dev/input/event6)
[   976.803] (**) Intel HID events: Applying InputClass "libinput keyboard catchall"
[   976.803] (**) Intel HID events: Applying InputClass "system-keyboard"
[   976.803] (**) Intel HID events: Applying InputClass "Keyboard Defaults"
[   976.803] (II) Using input driver 'libinput' for 'Intel HID events'
[   976.803] (II) systemd-logind: got fd for /dev/input/event6 13:70 fd 45 paused 0
[   976.803] (**) Intel HID events: always reports core events
[   976.803] (**) Option "Device" "/dev/input/event6"
[   976.804] (II) event6  - Intel HID events: is tagged by udev as: Keyboard
[   976.804] (II) event6  - Intel HID events: device is a keyboard
[   976.804] (II) event6  - Intel HID events: device removed
[   976.804] (**) Option "config_info" "udev:/sys/devices/platform/INT33D5:00/input/input6/event6"
[   976.804] (II) XINPUT: Adding extended input device "Intel HID events" (type: KEYBOARD, id 13)
[   976.804] (**) Option "xkb_layout" "us"
[   976.804] (WW) Option "xkb_variant" requires a string value
[   976.804] (**) Option "xkb_options" "terminate:ctrl_alt_bksp"
[   976.805] (II) event6  - Intel HID events: is tagged by udev as: Keyboard
[   976.805] (II) event6  - Intel HID events: device is a keyboard
[   976.805] (II) config/udev: Adding input device Intel HID 5 button array (/dev/input/event7)
[   976.805] (**) Intel HID 5 button array: Applying InputClass "libinput keyboard catchall"
[   976.805] (**) Intel HID 5 button array: Applying InputClass "system-keyboard"
[   976.805] (**) Intel HID 5 button array: Applying InputClass "Keyboard Defaults"
[   976.805] (II) Using input driver 'libinput' for 'Intel HID 5 button array'
[   976.805] (II) systemd-logind: got fd for /dev/input/event7 13:71 fd 46 paused 0
[   976.805] (**) Intel HID 5 button array: always reports core events
[   976.805] (**) Option "Device" "/dev/input/event7"
[   976.806] (II) event7  - Intel HID 5 button array: is tagged by udev as: Keyboard
[   976.806] (II) event7  - Intel HID 5 button array: device is a keyboard
[   976.806] (II) event7  - Intel HID 5 button array: device removed
[   976.806] (**) Option "config_info" "udev:/sys/devices/platform/INT33D5:00/input/input7/event7"
[   976.806] (II) XINPUT: Adding extended input device "Intel HID 5 button array" (type: KEYBOARD, id 14)
[   976.806] (**) Option "xkb_layout" "us"
[   976.806] (WW) Option "xkb_variant" requires a string value
[   976.806] (**) Option "xkb_options" "terminate:ctrl_alt_bksp"
[   976.807] (II) event7  - Intel HID 5 button array: is tagged by udev as: Keyboard
[   976.807] (II) event7  - Intel HID 5 button array: device is a keyboard
[   976.807] (II) config/udev: Adding input device Intel HID switches (/dev/input/event8)
[   976.807] (II) No input driver specified, ignoring this device.
[   976.807] (II) This device may have been added with another device file.
[   976.807] (II) config/udev: Adding input device AT Translated Set 2 keyboard (/dev/input/event2)
[   976.807] (**) AT Translated Set 2 keyboard: Applying InputClass "libinput keyboard catchall"
[   976.807] (**) AT Translated Set 2 keyboard: Applying InputClass "system-keyboard"
[   976.807] (**) AT Translated Set 2 keyboard: Applying InputClass "Keyboard Defaults"
[   976.807] (II) Using input driver 'libinput' for 'AT Translated Set 2 keyboard'
[   976.808] (II) systemd-logind: got fd for /dev/input/event2 13:66 fd 47 paused 0
[   976.808] (**) AT Translated Set 2 keyboard: always reports core events
[   976.808] (**) Option "Device" "/dev/input/event2"
[   976.808] (II) event2  - AT Translated Set 2 keyboard: is tagged by udev as: Keyboard
[   976.808] (II) event2  - AT Translated Set 2 keyboard: device is a keyboard
[   976.809] (II) event2  - AT Translated Set 2 keyboard: device removed
[   976.809] (**) Option "config_info" "udev:/sys/devices/platform/i8042/serio0/input/input2/event2"
[   976.809] (II) XINPUT: Adding extended input device "AT Translated Set 2 keyboard" (type: KEYBOARD, id 15)
[   976.809] (**) Option "xkb_layout" "us"
[   976.809] (WW) Option "xkb_variant" requires a string value
[   976.809] (**) Option "xkb_options" "terminate:ctrl_alt_bksp"
[   976.810] (II) event2  - AT Translated Set 2 keyboard: is tagged by udev as: Keyboard
[   976.810] (II) event2  - AT Translated Set 2 keyboard: device is a keyboard
[   976.812] (II) config/udev: Adding input device Wireless hotkeys (/dev/input/event5)
[   976.812] (**) Wireless hotkeys: Applying InputClass "libinput keyboard catchall"
[   976.812] (**) Wireless hotkeys: Applying InputClass "system-keyboard"
[   976.812] (**) Wireless hotkeys: Applying InputClass "Keyboard Defaults"
[   976.812] (II) Using input driver 'libinput' for 'Wireless hotkeys'
[   976.812] (II) systemd-logind: got fd for /dev/input/event5 13:69 fd 48 paused 0
[   976.812] (**) Wireless hotkeys: always reports core events
[   976.812] (**) Option "Device" "/dev/input/event5"
[   976.813] (II) event5  - Wireless hotkeys: is tagged by udev as: Keyboard
[   976.813] (II) event5  - Wireless hotkeys: device is a keyboard
[   976.813] (II) event5  - Wireless hotkeys: device removed
[   976.813] (**) Option "config_info" "udev:/sys/devices/virtual/input/input5/event5"
[   976.813] (II) XINPUT: Adding extended input device "Wireless hotkeys" (type: KEYBOARD, id 16)
[   976.813] (**) Option "xkb_layout" "us"
[   976.813] (WW) Option "xkb_variant" requires a string value
[   976.813] (**) Option "xkb_options" "terminate:ctrl_alt_bksp"
[   976.814] (II) event5  - Wireless hotkeys: is tagged by udev as: Keyboard
[   976.814] (II) event5  - Wireless hotkeys: device is a keyboard
[   976.814] (II) config/udev: Adding input device HP WMI hotkeys (/dev/input/event9)
[   976.814] (**) HP WMI hotkeys: Applying InputClass "libinput keyboard catchall"
[   976.814] (**) HP WMI hotkeys: Applying InputClass "system-keyboard"
[   976.814] (**) HP WMI hotkeys: Applying InputClass "Keyboard Defaults"
[   976.814] (II) Using input driver 'libinput' for 'HP WMI hotkeys'
[   976.814] (II) systemd-logind: got fd for /dev/input/event9 13:73 fd 49 paused 0
[   976.814] (**) HP WMI hotkeys: always reports core events
[   976.814] (**) Option "Device" "/dev/input/event9"
[   976.815] (II) event9  - HP WMI hotkeys: is tagged by udev as: Keyboard Switch
[   976.815] (II) event9  - HP WMI hotkeys: device is a keyboard
[   976.815] (II) event9  - HP WMI hotkeys: device is a switch device
[   976.815] (II) event9  - HP WMI hotkeys: device removed
[   976.815] (**) Option "config_info" "udev:/sys/devices/virtual/input/input9/event9"
[   976.815] (II) XINPUT: Adding extended input device "HP WMI hotkeys" (type: KEYBOARD, id 17)
[   976.815] (**) Option "xkb_layout" "us"
[   976.815] (WW) Option "xkb_variant" requires a string value
[   976.815] (**) Option "xkb_options" "terminate:ctrl_alt_bksp"
[   976.816] (II) event9  - HP WMI hotkeys: is tagged by udev as: Keyboard Switch
[   976.816] (II) event9  - HP WMI hotkeys: device is a keyboard
[   976.816] (II) event9  - HP WMI hotkeys: device is a switch device
[   978.635] (II) intel(0): EDID vendor "AUO", prod id 12523
[   978.635] (II) intel(0): Printing DDC gathered Modelines:
[   978.635] (II) intel(0): Modeline "3840x2160"x0.0  533.30  3840 3888 3920 4000  2160 2163 2168 2222 -hsync -vsync (133.3 kHz eP)
[   978.635] (II) intel(0): Modeline "3840x2160"x0.0  533.30  3840 3888 3920 4000  2160 2163 2168 3333 -hsync -vsync (133.3 kHz e)
[  1111.356] (**) Option "fd" "35"
[  1111.356] (II) event3  - Video Bus: device removed
[  1111.356] (**) Option "fd" "38"
[  1111.356] (II) event4  - Video Bus: device removed
[  1111.356] (**) Option "fd" "39"
[  1111.356] (II) event1  - Power Button: device removed
[  1111.356] (**) Option "fd" "40"
[  1111.356] (II) event10 - ELAN2514:00 04F3:2817: device removed
[  1111.356] (**) Option "fd" "41"
[  1111.356] (II) event13 - ELAN2514:00 04F3:2817 Stylus: device removed
[  1111.357] (**) Option "fd" "43"
[  1111.357] (II) event14 - SYNA329A:00 06CB:CD4F Mouse: device removed
[  1111.357] (**) Option "fd" "44"
[  1111.357] (II) event15 - SYNA329A:00 06CB:CD4F Touchpad: device removed
[  1111.357] (**) Option "fd" "45"
[  1111.357] (II) event6  - Intel HID events: device removed
[  1111.357] (**) Option "fd" "46"
[  1111.357] (II) event7  - Intel HID 5 button array: device removed
[  1111.357] (**) Option "fd" "47"
[  1111.357] (II) event2  - AT Translated Set 2 keyboard: device removed
[  1111.357] (**) Option "fd" "48"
[  1111.357] (II) event5  - Wireless hotkeys: device removed
[  1111.357] (**) Option "fd" "49"
[  1111.357] (II) event9  - HP WMI hotkeys: device removed
[  1111.358] (II) UnloadModule: "libinput"
[  1111.358] (II) systemd-logind: releasing fd for 13:73
[  1111.415] (II) UnloadModule: "libinput"
[  1111.415] (II) systemd-logind: releasing fd for 13:69
[  1111.417] (II) UnloadModule: "libinput"
[  1111.417] (II) systemd-logind: releasing fd for 13:66
[  1111.417] (II) UnloadModule: "libinput"
[  1111.417] (II) systemd-logind: releasing fd for 13:71
[  1111.417] (II) UnloadModule: "libinput"
[  1111.417] (II) systemd-logind: releasing fd for 13:70
[  1111.417] (II) UnloadModule: "libinput"
[  1111.417] (II) systemd-logind: releasing fd for 13:79
[  1111.418] (II) UnloadModule: "libinput"
[  1111.418] (II) systemd-logind: releasing fd for 13:78
[  1111.418] (II) UnloadModule: "libinput"
[  1111.418] (II) systemd-logind: releasing fd for 13:77
[  1111.418] (II) UnloadModule: "libinput"
[  1111.418] (II) systemd-logind: releasing fd for 13:74
[  1111.418] (II) UnloadModule: "libinput"
[  1111.418] (II) systemd-logind: releasing fd for 13:65
[  1111.418] (II) UnloadModule: "libinput"
[  1111.418] (II) systemd-logind: releasing fd for 13:68
[  1111.419] (II) UnloadModule: "libinput"
[  1111.419] (II) systemd-logind: releasing fd for 13:67
[  1111.425] (II) NVIDIA(GPU-0): Deleting GPU-0
[  1111.440] (WW) xf86CloseConsole: KDSETMODE failed: Input/output error
[  1111.440] (WW) xf86CloseConsole: VT_GETMODE failed: Input/output error
[  1111.440] (WW) xf86OpenConsole: VT_GETSTATE failed: Input/output error
[  1111.493] (II) Server terminated successfully (0). Closing log file.
