2024-11-28 14:40:20.108 [info] Started local extension host with pid 18552.
2024-11-28 14:40:20.208 [info] Started initializing default profile extensions in extensions installation folder. file:///home/steve/.vscode/extensions
2024-11-28 14:40:20.344 [info] Completed initializing default profile extensions in extensions installation folder. file:///home/steve/.vscode/extensions
2024-11-28 14:40:20.585 [info] Settings Sync: Updating due to initialize
2024-11-28 14:40:20.585 [info] Settings Sync: Updating authentication providers. Authentication Providers from store: [{"id":"github","scopes":["user:email"]},{"id":"microsoft","scopes":["openid","profile","email","offline_access"]}]
2024-11-28 14:40:20.585 [info] Settings Sync: Authentication providers updated ["github","microsoft"]
2024-11-28 14:40:23.219 [info] [perf] Render performance baseline is 22ms
2024-11-28 14:40:46.188 [info] Settings Sync: Updating authentication providers. Authentication Providers from store: [{"id":"github","scopes":["user:email"]},{"id":"microsoft","scopes":["openid","profile","email","offline_access"]}]
2024-11-28 14:40:46.188 [info] Settings Sync: Authentication providers updated ["github","microsoft"]
2024-11-28 14:40:46.443 [info] Settings Sync: Updating authentication providers. Authentication Providers from store: [{"id":"github","scopes":["user:email"]},{"id":"microsoft","scopes":["openid","profile","email","offline_access"]}]
2024-11-28 14:40:46.443 [info] Settings Sync: Authentication providers updated ["github","microsoft"]
2024-11-28 14:42:49.331 [info] Settings Sync: Updating due to change in sessions
2024-11-28 14:42:49.331 [info] Settings Sync: Updating authentication providers. Authentication Providers from store: [{"id":"github","scopes":["user:email"]},{"id":"microsoft","scopes":["openid","profile","email","offline_access"]}]
2024-11-28 14:42:49.331 [info] Settings Sync: Authentication providers updated ["github","microsoft"]
2024-11-28 14:42:49.332 [info] Settings Sync: Updated current session e3160980bf2d8912
2024-11-28 14:42:49.332 [info] Settings Sync: Updating authentication providers. Authentication Providers from store: [{"id":"github","scopes":["user:email"]},{"id":"microsoft","scopes":["openid","profile","email","offline_access"]}]
2024-11-28 14:42:49.332 [info] Settings Sync: Authentication providers updated ["github","microsoft"]
2024-11-28 14:43:09.514 [info] Creating lazy extension host (LocalWebWorker). Reason: contains 1 new extension(s) (installed or enabled): blinkshellinc.blink-fs
2024-11-28 14:43:10.198 [error] ExtensionHostExtensions: invalid versionId 1 (current: 2): Error: ExtensionHostExtensions: invalid versionId 1 (current: 2)
    at dU.set (vscode-file://vscode-app/opt/visual-studio-code/resources/app/out/vs/workbench/workbench.desktop.main.js:484:16564)
    at LCe.start (vscode-file://vscode-app/opt/visual-studio-code/resources/app/out/vs/workbench/workbench.desktop.main.js:3124:53453)
    at async vot.deltaExtensions (vscode-file://vscode-app/opt/visual-studio-code/resources/app/out/vs/workbench/workbench.desktop.main.js:3130:5343)
    at async Lot.fb (vscode-file://vscode-app/opt/visual-studio-code/resources/app/out/vs/workbench/workbench.desktop.main.js:3130:11031)
    at async Promise.all (index 1)
    at async Lot.eb (vscode-file://vscode-app/opt/visual-studio-code/resources/app/out/vs/workbench/workbench.desktop.main.js:3130:10624)
    at async Lot.db (vscode-file://vscode-app/opt/visual-studio-code/resources/app/out/vs/workbench/workbench.desktop.main.js:3130:10443)
    at async Lot.cb (vscode-file://vscode-app/opt/visual-studio-code/resources/app/out/vs/workbench/workbench.desktop.main.js:3130:9444)
