2024-11-28 14:40:20.054 [info] Added views:outline in workbench.view.explorer
2024-11-28 14:40:20.054 [info] Added views:workbench.view.search in workbench.view.search
2024-11-28 14:40:20.054 [info] Added views:workbench.scm in workbench.view.scm
2024-11-28 14:40:20.054 [info] Added views:workbench.panel.markers.view in workbench.panel.markers
2024-11-28 14:40:20.054 [info] Added views:workbench.panel.output in workbench.panel.output
2024-11-28 14:40:20.054 [info] Added views:terminal in terminal
2024-11-28 14:40:20.054 [info] Added views:timeline in workbench.view.explorer
2024-11-28 14:40:20.054 [info] Added views:workbench.explorer.emptyView in workbench.view.explorer
2024-11-28 14:40:20.175 [info] Added views:workbench.debug.variablesView,workbench.debug.watchExpressionsView,workbench.debug.callStackView,workbench.debug.breakPointsView in workbench.view.debug
2024-11-28 14:40:20.578 [info] Added views:~remote.forwardedPorts in ~remote.forwardedPortsContainer
2024-11-28 14:40:20.931 [info] Added views:workbench.panel.repl.view in workbench.panel.repl
2024-11-28 14:40:20.931 [info] Removed views:workbench.debug.breakPointsView,workbench.debug.callStackView,workbench.debug.watchExpressionsView,workbench.debug.variablesView from workbench.view.debug
2024-11-28 14:40:20.932 [info] Added views:workbench.debug.welcome in workbench.view.debug
2024-11-28 14:42:50.872 [info] View visibility state changed: workbench.explorer.openEditorsView is now visible Explorer
2024-11-28 14:42:50.892 [info] Showing view workbench.explorer.openEditorsView in the container workbench.view.explorer
2024-11-28 14:42:50.893 [info] Added views:workbench.explorer.openEditorsView in workbench.view.explorer
2024-11-28 14:43:09.460 [info] Added views:pythonEnvironments in workbench.view.extension.package-explorer
2024-11-28 14:43:09.462 [info] Added views:foam-vscode.connections,foam-vscode.tags-explorer,foam-vscode.notes-explorer,foam-vscode.orphans,foam-vscode.placeholders in workbench.view.explorer
2024-11-28 14:43:09.464 [info] Added views:todo-tree-view in workbench.view.extension.todo-tree-container
2024-11-28 14:43:09.466 [info] Added views:cSpellInfoView in workbench.view.extension.cspell-info-explorer
2024-11-28 14:43:09.467 [info] Added views:cSpellIssuesViewByFile,cSpellIssuesViewByIssue in workbench.view.extension.cspellPanel
2024-11-28 14:43:09.469 [info] Added views:todomd.webviewTasks,todomd.tasks,todomd.tags,todomd.projects,todomd.contexts,todomd.archived,todomd.due in workbench.view.extension.todomd
2024-11-28 14:43:35.644 [info] Added views:workbench.views.extensions.installed,workbench.views.extensions.popular,extensions.recommendedList in workbench.view.extensions
2024-11-28 14:43:35.647 [info] Removed views:workbench.views.extensions.popular from workbench.view.extensions
