2024-11-28 20:07:37.102 [info] Started local extension host with pid 28851.
2024-11-28 20:07:37.456 [info] Creating lazy extension host (LocalWebWorker). Reason: contains 1 extension(s): blinkshellinc.blink-fs.
2024-11-28 20:07:37.959 [info] Settings Sync: Updating due to initialize
2024-11-28 20:07:37.960 [info] Settings Sync: Updating authentication providers. Authentication Providers from store: [{"id":"github","scopes":["user:email"]},{"id":"microsoft","scopes":["openid","profile","email","offline_access"]}]
2024-11-28 20:07:37.960 [info] Settings Sync: Authentication providers updated []
2024-11-28 20:07:38.062 [info] Settings Sync: Updating authentication providers. Authentication Providers from store: [{"id":"github","scopes":["user:email"]},{"id":"microsoft","scopes":["openid","profile","email","offline_access"]}]
2024-11-28 20:07:38.063 [info] Settings Sync: Authentication providers updated ["github"]
2024-11-28 20:07:38.063 [info] Settings Sync: Updating authentication providers. Authentication Providers from store: [{"id":"github","scopes":["user:email"]},{"id":"microsoft","scopes":["openid","profile","email","offline_access"]}]
2024-11-28 20:07:38.063 [info] Settings Sync: Authentication providers updated ["github"]
2024-11-28 20:07:38.063 [info] Settings Sync: Updating authentication providers. Authentication Providers from store: [{"id":"github","scopes":["user:email"]},{"id":"microsoft","scopes":["openid","profile","email","offline_access"]}]
2024-11-28 20:07:38.063 [info] Settings Sync: Authentication providers updated ["github","microsoft"]
2024-11-28 20:07:38.063 [info] Settings Sync: Updating authentication providers. Authentication Providers from store: [{"id":"github","scopes":["user:email"]},{"id":"microsoft","scopes":["openid","profile","email","offline_access"]}]
2024-11-28 20:07:38.063 [info] Settings Sync: Authentication providers updated ["github","microsoft"]
2024-11-28 20:07:38.064 [info] Settings Sync: Updating due to declared authentication providers changed
2024-11-28 20:07:38.064 [info] Settings Sync: Updating authentication providers. Authentication Providers from store: [{"id":"github","scopes":["user:email"]},{"id":"microsoft","scopes":["openid","profile","email","offline_access"]}]
2024-11-28 20:07:38.064 [info] Settings Sync: Authentication providers updated ["github","microsoft"]
2024-11-28 20:07:38.064 [info] Settings Sync: Updating due to declared authentication providers changed
2024-11-28 20:07:38.064 [info] Settings Sync: Updating authentication providers. Authentication Providers from store: [{"id":"github","scopes":["user:email"]},{"id":"microsoft","scopes":["openid","profile","email","offline_access"]}]
2024-11-28 20:07:38.064 [info] Settings Sync: Authentication providers updated ["github","microsoft"]
2024-11-28 20:07:38.748 [info] Settings Sync: Updating authentication providers. Authentication Providers from store: [{"id":"github","scopes":["user:email"]},{"id":"microsoft","scopes":["openid","profile","email","offline_access"]}]
2024-11-28 20:07:38.748 [info] Settings Sync: Authentication providers updated ["github","microsoft"]
2024-11-28 20:07:39.812 [info] [perf] Render performance baseline is 24ms
