  2024-11-27T12:26:24.950537Z  WARN yazi_adapter::emulator: [Adapter] No special environment variables detected
    at yazi-adapter/src/emulator.rs:73

  2024-11-27T12:26:24.950937Z  WARN yazi_adapter::emulator: [Adapter] Unknown TERM_PROGRAM: 
    at yazi-adapter/src/emulator.rs:87

  2024-11-27T12:26:24.950940Z  WARN yazi_adapter::emulator: [Adapter] Unknown TERM: st-256color
    at yazi-adapter/src/emulator.rs:95

  2024-11-27T12:26:24.951737Z  WARN yazi_adapter::ueberzug: ueberzugpp spawning failed: No such file or directory (os error 2)
    at yazi-adapter/src/ueberzug.rs:96

  2024-11-27T12:26:35.707400Z  WARN yazi_adapter::ueberzug: ueberzugpp spawning failed: No such file or directory (os error 2)
    at yazi-adapter/src/ueberzug.rs:96

  2024-11-27T12:26:37.336805Z  WARN yazi_adapter::ueberzug: ueberzugpp spawning failed: No such file or directory (os error 2)
    at yazi-adapter/src/ueberzug.rs:96

  2024-11-27T12:26:37.369802Z  WARN yazi_adapter::ueberzug: ueberzugpp spawning failed: No such file or directory (os error 2)
    at yazi-adapter/src/ueberzug.rs:96

  2024-11-27T12:26:41.445366Z  WARN yazi_adapter::ueberzug: ueberzugpp spawning failed: No such file or directory (os error 2)
    at yazi-adapter/src/ueberzug.rs:96

  2024-11-27T12:26:41.477745Z  WARN yazi_adapter::ueberzug: ueberzugpp spawning failed: No such file or directory (os error 2)
    at yazi-adapter/src/ueberzug.rs:96

  2024-11-27T12:26:42.020313Z  WARN yazi_adapter::ueberzug: ueberzugpp spawning failed: No such file or directory (os error 2)
    at yazi-adapter/src/ueberzug.rs:96

  2024-11-27T12:26:42.052014Z  WARN yazi_adapter::ueberzug: ueberzugpp spawning failed: No such file or directory (os error 2)
    at yazi-adapter/src/ueberzug.rs:96

  2024-11-27T12:26:42.337894Z  WARN yazi_adapter::ueberzug: ueberzugpp spawning failed: No such file or directory (os error 2)
    at yazi-adapter/src/ueberzug.rs:96

  2024-11-27T12:26:42.372576Z  WARN yazi_adapter::ueberzug: ueberzugpp spawning failed: No such file or directory (os error 2)
    at yazi-adapter/src/ueberzug.rs:96

  2024-11-27T12:26:43.057756Z  WARN yazi_adapter::ueberzug: ueberzugpp spawning failed: No such file or directory (os error 2)
    at yazi-adapter/src/ueberzug.rs:96

  2024-11-27T12:26:43.090713Z  WARN yazi_adapter::ueberzug: ueberzugpp spawning failed: No such file or directory (os error 2)
    at yazi-adapter/src/ueberzug.rs:96

  2024-11-27T12:26:43.347115Z  WARN yazi_adapter::ueberzug: ueberzugpp spawning failed: No such file or directory (os error 2)
    at yazi-adapter/src/ueberzug.rs:96

  2024-11-27T12:26:43.380969Z  WARN yazi_adapter::ueberzug: ueberzugpp spawning failed: No such file or directory (os error 2)
    at yazi-adapter/src/ueberzug.rs:96

  2024-11-27T12:26:44.281171Z  WARN yazi_adapter::ueberzug: ueberzugpp spawning failed: No such file or directory (os error 2)
    at yazi-adapter/src/ueberzug.rs:96

  2024-11-27T12:26:44.313462Z  WARN yazi_adapter::ueberzug: ueberzugpp spawning failed: No such file or directory (os error 2)
    at yazi-adapter/src/ueberzug.rs:96

  2024-11-27T12:26:45.774883Z  WARN yazi_adapter::ueberzug: ueberzugpp spawning failed: No such file or directory (os error 2)
    at yazi-adapter/src/ueberzug.rs:96

  2024-11-27T12:26:45.808307Z  WARN yazi_adapter::ueberzug: ueberzugpp spawning failed: No such file or directory (os error 2)
    at yazi-adapter/src/ueberzug.rs:96

  2024-11-27T12:26:52.906338Z  WARN yazi_adapter::ueberzug: ueberzugpp spawning failed: No such file or directory (os error 2)
    at yazi-adapter/src/ueberzug.rs:96

  2024-11-27T12:26:52.938464Z  WARN yazi_adapter::ueberzug: ueberzugpp spawning failed: No such file or directory (os error 2)
    at yazi-adapter/src/ueberzug.rs:96

  2024-11-27T12:26:53.497915Z  WARN yazi_adapter::ueberzug: ueberzugpp spawning failed: No such file or directory (os error 2)
    at yazi-adapter/src/ueberzug.rs:96

  2024-11-27T12:26:53.531930Z  WARN yazi_adapter::ueberzug: ueberzugpp spawning failed: No such file or directory (os error 2)
    at yazi-adapter/src/ueberzug.rs:96

  2024-11-27T12:26:54.314494Z  WARN yazi_adapter::ueberzug: ueberzugpp spawning failed: No such file or directory (os error 2)
    at yazi-adapter/src/ueberzug.rs:96

  2024-11-27T12:26:54.347180Z  WARN yazi_adapter::ueberzug: ueberzugpp spawning failed: No such file or directory (os error 2)
    at yazi-adapter/src/ueberzug.rs:96

  2024-11-27T12:26:54.629037Z  WARN yazi_adapter::ueberzug: ueberzugpp spawning failed: No such file or directory (os error 2)
    at yazi-adapter/src/ueberzug.rs:96

  2024-11-27T12:26:54.659444Z  WARN yazi_adapter::ueberzug: ueberzugpp spawning failed: No such file or directory (os error 2)
    at yazi-adapter/src/ueberzug.rs:96

  2024-11-27T12:26:55.511890Z  WARN yazi_adapter::ueberzug: ueberzugpp spawning failed: No such file or directory (os error 2)
    at yazi-adapter/src/ueberzug.rs:96

  2024-11-27T12:26:55.544526Z  WARN yazi_adapter::ueberzug: ueberzugpp spawning failed: No such file or directory (os error 2)
    at yazi-adapter/src/ueberzug.rs:96

  2024-11-27T12:26:55.768058Z  WARN yazi_adapter::ueberzug: ueberzugpp spawning failed: No such file or directory (os error 2)
    at yazi-adapter/src/ueberzug.rs:96

  2024-11-27T12:26:55.802210Z  WARN yazi_adapter::ueberzug: ueberzugpp spawning failed: No such file or directory (os error 2)
    at yazi-adapter/src/ueberzug.rs:96

  2024-11-27T22:31:17.387266Z  WARN yazi_adapter::emulator: [Adapter] No special environment variables detected
    at yazi-adapter/src/emulator.rs:73

  2024-11-27T22:31:17.387988Z  WARN yazi_adapter::emulator: [Adapter] Unknown TERM_PROGRAM: 
    at yazi-adapter/src/emulator.rs:87

  2024-11-27T22:31:17.387997Z  WARN yazi_adapter::emulator: [Adapter] Unknown TERM: st-256color
    at yazi-adapter/src/emulator.rs:95

  2024-11-27T22:31:17.389996Z  WARN yazi_adapter::ueberzug: ueberzugpp spawning failed: No such file or directory (os error 2)
    at yazi-adapter/src/ueberzug.rs:96

  2024-11-27T22:31:17.505259Z  WARN yazi_adapter::ueberzug: ueberzugpp spawning failed: No such file or directory (os error 2)
    at yazi-adapter/src/ueberzug.rs:96

  2024-11-27T22:31:19.951411Z  WARN yazi_adapter::ueberzug: ueberzugpp spawning failed: No such file or directory (os error 2)
    at yazi-adapter/src/ueberzug.rs:96

  2024-11-27T22:31:19.984499Z  WARN yazi_adapter::ueberzug: ueberzugpp spawning failed: No such file or directory (os error 2)
    at yazi-adapter/src/ueberzug.rs:96

  2024-11-27T22:31:20.812134Z  WARN yazi_adapter::ueberzug: ueberzugpp spawning failed: No such file or directory (os error 2)
    at yazi-adapter/src/ueberzug.rs:96

  2024-11-27T22:31:21.815606Z  WARN yazi_adapter::ueberzug: ueberzugpp spawning failed: No such file or directory (os error 2)
    at yazi-adapter/src/ueberzug.rs:96

  2024-11-27T22:31:22.018271Z  WARN yazi_adapter::ueberzug: ueberzugpp spawning failed: No such file or directory (os error 2)
    at yazi-adapter/src/ueberzug.rs:96

  2024-11-27T22:31:22.051630Z  WARN yazi_adapter::ueberzug: ueberzugpp spawning failed: No such file or directory (os error 2)
    at yazi-adapter/src/ueberzug.rs:96

