2024-11-28 14:44:36.207 [info] Started local extension host with pid 21023.
2024-11-28 14:44:36.592 [info] Creating lazy extension host (LocalWebWorker). Reason: contains 1 extension(s): blinkshellinc.blink-fs.
2024-11-28 14:44:36.915 [info] Settings Sync: Updating due to initialize
2024-11-28 14:44:36.915 [info] Settings Sync: Updating authentication providers. Authentication Providers from store: [{"id":"github","scopes":["user:email"]},{"id":"microsoft","scopes":["openid","profile","email","offline_access"]}]
2024-11-28 14:44:36.916 [info] Settings Sync: Authentication providers updated []
2024-11-28 14:44:37.050 [info] Settings Sync: Updating authentication providers. Authentication Providers from store: [{"id":"github","scopes":["user:email"]},{"id":"microsoft","scopes":["openid","profile","email","offline_access"]}]
2024-11-28 14:44:37.051 [info] Settings Sync: Authentication providers updated ["github"]
2024-11-28 14:44:37.051 [info] Settings Sync: Updating authentication providers. Authentication Providers from store: [{"id":"github","scopes":["user:email"]},{"id":"microsoft","scopes":["openid","profile","email","offline_access"]}]
2024-11-28 14:44:37.051 [info] Settings Sync: Authentication providers updated ["github"]
2024-11-28 14:44:37.051 [info] Settings Sync: Updating authentication providers. Authentication Providers from store: [{"id":"github","scopes":["user:email"]},{"id":"microsoft","scopes":["openid","profile","email","offline_access"]}]
2024-11-28 14:44:37.051 [info] Settings Sync: Authentication providers updated ["github","microsoft"]
2024-11-28 14:44:37.052 [info] Settings Sync: Updating authentication providers. Authentication Providers from store: [{"id":"github","scopes":["user:email"]},{"id":"microsoft","scopes":["openid","profile","email","offline_access"]}]
2024-11-28 14:44:37.052 [info] Settings Sync: Authentication providers updated ["github","microsoft"]
2024-11-28 14:44:37.068 [info] Settings Sync: Updating due to declared authentication providers changed
2024-11-28 14:44:37.068 [info] Settings Sync: Updating authentication providers. Authentication Providers from store: [{"id":"github","scopes":["user:email"]},{"id":"microsoft","scopes":["openid","profile","email","offline_access"]}]
2024-11-28 14:44:37.068 [info] Settings Sync: Authentication providers updated ["github","microsoft"]
2024-11-28 14:44:37.068 [info] Settings Sync: Updating due to declared authentication providers changed
2024-11-28 14:44:37.068 [info] Settings Sync: Updating authentication providers. Authentication Providers from store: [{"id":"github","scopes":["user:email"]},{"id":"microsoft","scopes":["openid","profile","email","offline_access"]}]
2024-11-28 14:44:37.069 [info] Settings Sync: Authentication providers updated ["github","microsoft"]
2024-11-28 14:44:37.281 [info] Settings Sync: Updating authentication providers. Authentication Providers from store: [{"id":"github","scopes":["user:email"]},{"id":"microsoft","scopes":["openid","profile","email","offline_access"]}]
2024-11-28 14:44:37.281 [info] Settings Sync: Authentication providers updated ["github","microsoft"]
2024-11-28 14:44:38.973 [info] [perf] Render performance baseline is 29ms
