2024-11-30 07:37:14.271 [info] Added views:outline in workbench.view.explorer
2024-11-30 07:37:14.271 [info] Added views:workbench.view.search in workbench.view.search
2024-11-30 07:37:14.271 [info] Added views:workbench.scm in workbench.view.scm
2024-11-30 07:37:14.271 [info] Added views:workbench.panel.markers.view in workbench.panel.markers
2024-11-30 07:37:14.271 [info] Added views:workbench.panel.output in workbench.panel.output
2024-11-30 07:37:14.271 [info] Added views:terminal in terminal
2024-11-30 07:37:14.271 [info] Added views:timeline in workbench.view.explorer
2024-11-30 07:37:14.271 [info] Added views:workbench.explorer.openEditorsView,workbench.explorer.emptyView in workbench.view.explorer
2024-11-30 07:37:14.617 [info] Added views:workbench.debug.welcome in workbench.view.debug
2024-11-30 07:37:14.730 [info] Added views:pythonEnvironments in workbench.view.extension.package-explorer
2024-11-30 07:37:14.730 [info] Added views:foam-vscode.connections,foam-vscode.tags-explorer,foam-vscode.notes-explorer,foam-vscode.orphans,foam-vscode.placeholders in workbench.view.explorer
2024-11-30 07:37:14.730 [info] Added views:todo-tree-view in workbench.view.extension.todo-tree-container
2024-11-30 07:37:14.733 [info] Added views:cSpellInfoView in workbench.view.extension.cspell-info-explorer
2024-11-30 07:37:14.733 [info] Added views:cSpellIssuesViewByFile,cSpellIssuesViewByIssue in workbench.view.extension.cspellPanel
2024-11-30 07:37:14.734 [info] Added views:todomd.webviewTasks,todomd.tasks,todomd.tags,todomd.projects,todomd.contexts,todomd.archived,todomd.due in workbench.view.extension.todomd
2024-11-30 07:37:14.784 [info] Added views:~remote.forwardedPorts in ~remote.forwardedPortsContainer
2024-11-30 07:37:14.982 [info] Added views:workbench.panel.repl.view in workbench.panel.repl
2024-11-30 07:37:52.883 [info] Added views:workbench.views.extensions.installed,workbench.views.extensions.popular,extensions.recommendedList in workbench.view.extensions
2024-11-30 07:37:52.885 [info] Removed views:workbench.views.extensions.popular from workbench.view.extensions
2024-11-30 07:39:11.422 [info] Added views:workbench.scm.history in workbench.view.scm
2024-11-30 08:45:14.847 [info] Removed views:workbench.scm.history from workbench.view.scm
