2024-11-28 14:42:51.776 [info] Getting Manifest... johnpapa.vscode-peacock
2024-11-28 14:42:51.776 [info] Getting Manifest... ms-toolsai.jupyter-keymap
2024-11-28 14:42:51.776 [info] Getting Manifest... foam.foam-vscode
2024-11-28 14:42:51.776 [info] Getting Manifest... ms-dotnettools.vscode-dotnet-runtime
2024-11-28 14:42:51.777 [info] Getting Manifest... romanpeshkov.vscode-text-tables
2024-11-28 14:42:51.777 [info] Getting Manifest... ms-toolsai.vscode-jupyter-cell-tags
2024-11-28 14:42:51.777 [info] Getting Manifest... wesbos.theme-cobalt2
2024-11-28 14:42:51.777 [info] Getting Manifest... bierner.markdown-mermaid
2024-11-28 14:42:51.777 [info] Getting Manifest... mark-wiemer.vscode-autohotkey-plus-plus
2024-11-28 14:42:51.777 [info] Getting Manifest... njpwerner.autodocstring
2024-11-28 14:42:51.777 [info] Getting Manifest... donjayamanne.python-environment-manager
2024-11-28 14:42:51.778 [info] Getting Manifest... gruntfuggly.todo-tree
2024-11-28 14:42:51.778 [info] Getting Manifest... mushan.vscode-paste-image
2024-11-28 14:42:51.778 [info] Getting Manifest... grapecity.gc-excelviewer
2024-11-28 14:42:51.778 [info] Getting Manifest... adamwalzer.string-converter
2024-11-28 14:42:51.778 [info] Getting Manifest... mechatroner.rainbow-csv
2024-11-28 14:42:51.778 [info] Getting Manifest... blinkshellinc.blink-fs
2024-11-28 14:42:51.778 [info] Getting Manifest... ms-toolsai.vscode-jupyter-slideshow
2024-11-28 14:42:51.778 [info] Getting Manifest... yzane.markdown-pdf
2024-11-28 14:42:51.778 [info] Getting Manifest... vscode-icons-team.vscode-icons
2024-11-28 14:42:51.779 [info] Getting Manifest... usernamehw.todo-md
2024-11-28 14:42:51.779 [info] Getting Manifest... wholroyd.jinja
2024-11-28 14:42:51.779 [info] Getting Manifest... yzhang.markdown-all-in-one
2024-11-28 14:42:51.779 [info] Getting Manifest... ozaki.markdown-github-dark
2024-11-28 14:42:51.779 [info] Getting Manifest... blinklang.blinksyntaxhl
2024-11-28 14:42:51.779 [info] Getting Manifest... vscodevim.vim
2024-11-28 14:42:51.780 [info] Getting Manifest... donjayamanne.python-extension-pack
2024-11-28 14:42:51.780 [info] Getting Manifest... visualstudioexptteam.intellicode-api-usage-examples
2024-11-28 14:42:51.780 [info] Getting Manifest... redhat.vscode-yaml
2024-11-28 14:42:51.780 [info] Getting Manifest... hnw.vscode-auto-open-markdown-preview
2024-11-28 14:42:51.780 [info] Getting Manifest... streetsidesoftware.code-spell-checker
2024-11-28 14:42:51.780 [info] Getting Manifest... esbenp.prettier-vscode
2024-11-28 14:42:51.780 [info] Getting Manifest... techer.open-in-browser
2024-11-28 14:42:51.781 [info] Getting Manifest... sndst00m.markdown-github-dark-pack
2024-11-28 14:42:51.781 [info] Getting Manifest... visualstudioexptteam.vscodeintellicode
2024-11-28 14:42:51.781 [info] Getting Manifest... magicstack.magicpython
2024-11-28 14:42:51.781 [info] Getting Manifest... ms-vscode-remote.remote-wsl
2024-11-28 14:42:51.781 [info] Getting Manifest... usernamehw.search
2024-11-28 14:42:51.781 [info] Getting Manifest... ms-toolsai.jupyter-renderers
2024-11-28 14:42:51.781 [info] Getting Manifest... kevinrose.vsc-python-indent
2024-11-28 14:42:51.781 [info] Getting Manifest... ms-toolsai.datawrangler
2024-11-28 14:42:51.782 [info] Getting Manifest... ms-python.isort
2024-11-28 14:42:51.782 [info] Getting Manifest... ms-python.black-formatter
2024-11-28 14:42:51.782 [info] Getting Manifest... ms-python.vscode-pylance
2024-11-28 14:42:51.782 [info] Getting Manifest... ms-python.debugpy
2024-11-28 14:42:51.782 [info] Getting Manifest... ms-python.python
2024-11-28 14:42:51.782 [info] Getting Manifest... ms-toolsai.jupyter
2024-11-28 14:42:52.060 [info] Installing extension: mechatroner.rainbow-csv {"isMachineScoped":false,"donotIncludePackAndDependencies":true,"installGivenVersion":false,"pinned":false,"installPreReleaseVersion":false,"profileLocation":{"$mid":1,"external":"vscode-userdata:/home/steve/.vscode/extensions/extensions.json","path":"/home/steve/.vscode/extensions/extensions.json","scheme":"vscode-userdata"},"isApplicationScoped":false,"context":{"skipWalkthrough":true,"extensionInstallSource":"settingsSync"},"installOnlyNewlyAddedFromExtensionPack":true,"productVersion":{"version":"1.95.3","date":"2024-11-13T14:50:04.152Z"}}
2024-11-28 14:42:52.061 [info] Installing extension: ms-toolsai.jupyter-keymap {"isMachineScoped":false,"donotIncludePackAndDependencies":true,"installGivenVersion":false,"pinned":false,"installPreReleaseVersion":false,"profileLocation":{"$mid":1,"external":"vscode-userdata:/home/steve/.vscode/extensions/extensions.json","path":"/home/steve/.vscode/extensions/extensions.json","scheme":"vscode-userdata"},"isApplicationScoped":false,"context":{"skipWalkthrough":true,"extensionInstallSource":"settingsSync"},"installOnlyNewlyAddedFromExtensionPack":true,"productVersion":{"version":"1.95.3","date":"2024-11-13T14:50:04.152Z"}}
2024-11-28 14:42:52.061 [info] Installing extension: ms-toolsai.vscode-jupyter-slideshow {"isMachineScoped":false,"donotIncludePackAndDependencies":true,"installGivenVersion":false,"pinned":false,"installPreReleaseVersion":false,"profileLocation":{"$mid":1,"external":"vscode-userdata:/home/steve/.vscode/extensions/extensions.json","path":"/home/steve/.vscode/extensions/extensions.json","scheme":"vscode-userdata"},"isApplicationScoped":false,"context":{"skipWalkthrough":true,"extensionInstallSource":"settingsSync"},"installOnlyNewlyAddedFromExtensionPack":true,"productVersion":{"version":"1.95.3","date":"2024-11-13T14:50:04.152Z"}}
2024-11-28 14:42:52.061 [info] Installing extension: ms-toolsai.jupyter-renderers {"isMachineScoped":false,"donotIncludePackAndDependencies":true,"installGivenVersion":false,"pinned":false,"installPreReleaseVersion":false,"profileLocation":{"$mid":1,"external":"vscode-userdata:/home/steve/.vscode/extensions/extensions.json","path":"/home/steve/.vscode/extensions/extensions.json","scheme":"vscode-userdata"},"isApplicationScoped":false,"context":{"skipWalkthrough":true,"extensionInstallSource":"settingsSync"},"installOnlyNewlyAddedFromExtensionPack":true,"productVersion":{"version":"1.95.3","date":"2024-11-13T14:50:04.152Z"}}
2024-11-28 14:42:52.061 [info] Installing extension: ms-toolsai.vscode-jupyter-cell-tags {"isMachineScoped":false,"donotIncludePackAndDependencies":true,"installGivenVersion":false,"pinned":false,"installPreReleaseVersion":false,"profileLocation":{"$mid":1,"external":"vscode-userdata:/home/steve/.vscode/extensions/extensions.json","path":"/home/steve/.vscode/extensions/extensions.json","scheme":"vscode-userdata"},"isApplicationScoped":false,"context":{"skipWalkthrough":true,"extensionInstallSource":"settingsSync"},"installOnlyNewlyAddedFromExtensionPack":true,"productVersion":{"version":"1.95.3","date":"2024-11-13T14:50:04.152Z"}}
2024-11-28 14:42:52.061 [info] Installing extension: ms-toolsai.datawrangler {"isMachineScoped":false,"donotIncludePackAndDependencies":true,"installGivenVersion":false,"pinned":false,"installPreReleaseVersion":false,"profileLocation":{"$mid":1,"external":"vscode-userdata:/home/steve/.vscode/extensions/extensions.json","path":"/home/steve/.vscode/extensions/extensions.json","scheme":"vscode-userdata"},"isApplicationScoped":true,"context":{"skipWalkthrough":true,"extensionInstallSource":"settingsSync"},"installOnlyNewlyAddedFromExtensionPack":true,"productVersion":{"version":"1.95.3","date":"2024-11-13T14:50:04.152Z"}}
2024-11-28 14:42:52.061 [info] Installing extension: ms-toolsai.jupyter {"isMachineScoped":false,"donotIncludePackAndDependencies":true,"installGivenVersion":false,"pinned":false,"installPreReleaseVersion":false,"profileLocation":{"$mid":1,"external":"vscode-userdata:/home/steve/.vscode/extensions/extensions.json","path":"/home/steve/.vscode/extensions/extensions.json","scheme":"vscode-userdata"},"isApplicationScoped":false,"context":{"skipWalkthrough":true,"extensionInstallSource":"settingsSync"},"installOnlyNewlyAddedFromExtensionPack":true,"productVersion":{"version":"1.95.3","date":"2024-11-13T14:50:04.152Z"}}
2024-11-28 14:42:52.061 [info] Installing extension: foam.foam-vscode {"isMachineScoped":false,"donotIncludePackAndDependencies":true,"installGivenVersion":false,"pinned":false,"installPreReleaseVersion":false,"profileLocation":{"$mid":1,"external":"vscode-userdata:/home/steve/.vscode/extensions/extensions.json","path":"/home/steve/.vscode/extensions/extensions.json","scheme":"vscode-userdata"},"isApplicationScoped":false,"context":{"skipWalkthrough":true,"extensionInstallSource":"settingsSync"},"installOnlyNewlyAddedFromExtensionPack":true,"productVersion":{"version":"1.95.3","date":"2024-11-13T14:50:04.152Z"}}
2024-11-28 14:42:52.061 [info] Installing extension: mark-wiemer.vscode-autohotkey-plus-plus {"isMachineScoped":false,"donotIncludePackAndDependencies":true,"installGivenVersion":false,"pinned":false,"installPreReleaseVersion":false,"profileLocation":{"$mid":1,"external":"vscode-userdata:/home/steve/.vscode/extensions/extensions.json","path":"/home/steve/.vscode/extensions/extensions.json","scheme":"vscode-userdata"},"isApplicationScoped":false,"context":{"skipWalkthrough":true,"extensionInstallSource":"settingsSync"},"installOnlyNewlyAddedFromExtensionPack":true,"productVersion":{"version":"1.95.3","date":"2024-11-13T14:50:04.152Z"}}
2024-11-28 14:42:52.062 [info] Installing extension: donjayamanne.python-extension-pack {"isMachineScoped":false,"donotIncludePackAndDependencies":true,"installGivenVersion":false,"pinned":false,"installPreReleaseVersion":false,"profileLocation":{"$mid":1,"external":"vscode-userdata:/home/steve/.vscode/extensions/extensions.json","path":"/home/steve/.vscode/extensions/extensions.json","scheme":"vscode-userdata"},"isApplicationScoped":false,"context":{"skipWalkthrough":true,"extensionInstallSource":"settingsSync"},"installOnlyNewlyAddedFromExtensionPack":true,"productVersion":{"version":"1.95.3","date":"2024-11-13T14:50:04.152Z"}}
2024-11-28 14:42:52.062 [info] Installing extension: donjayamanne.python-environment-manager {"isMachineScoped":false,"donotIncludePackAndDependencies":true,"installGivenVersion":false,"pinned":false,"installPreReleaseVersion":false,"profileLocation":{"$mid":1,"external":"vscode-userdata:/home/steve/.vscode/extensions/extensions.json","path":"/home/steve/.vscode/extensions/extensions.json","scheme":"vscode-userdata"},"isApplicationScoped":false,"context":{"skipWalkthrough":true,"extensionInstallSource":"settingsSync"},"installOnlyNewlyAddedFromExtensionPack":true,"productVersion":{"version":"1.95.3","date":"2024-11-13T14:50:04.152Z"}}
2024-11-28 14:42:52.062 [info] Installing extension: johnpapa.vscode-peacock {"isMachineScoped":false,"donotIncludePackAndDependencies":true,"installGivenVersion":false,"pinned":false,"installPreReleaseVersion":false,"profileLocation":{"$mid":1,"external":"vscode-userdata:/home/steve/.vscode/extensions/extensions.json","path":"/home/steve/.vscode/extensions/extensions.json","scheme":"vscode-userdata"},"isApplicationScoped":false,"context":{"skipWalkthrough":true,"extensionInstallSource":"settingsSync"},"installOnlyNewlyAddedFromExtensionPack":true,"productVersion":{"version":"1.95.3","date":"2024-11-13T14:50:04.152Z"}}
2024-11-28 14:42:52.062 [info] Installing extension: wholroyd.jinja {"isMachineScoped":false,"donotIncludePackAndDependencies":true,"installGivenVersion":false,"pinned":false,"installPreReleaseVersion":false,"profileLocation":{"$mid":1,"external":"vscode-userdata:/home/steve/.vscode/extensions/extensions.json","path":"/home/steve/.vscode/extensions/extensions.json","scheme":"vscode-userdata"},"isApplicationScoped":false,"context":{"skipWalkthrough":true,"extensionInstallSource":"settingsSync"},"installOnlyNewlyAddedFromExtensionPack":true,"productVersion":{"version":"1.95.3","date":"2024-11-13T14:50:04.152Z"}}
2024-11-28 14:42:52.062 [info] Installing extension: vscodevim.vim {"isMachineScoped":false,"donotIncludePackAndDependencies":true,"installGivenVersion":false,"pinned":false,"installPreReleaseVersion":false,"profileLocation":{"$mid":1,"external":"vscode-userdata:/home/steve/.vscode/extensions/extensions.json","path":"/home/steve/.vscode/extensions/extensions.json","scheme":"vscode-userdata"},"isApplicationScoped":false,"context":{"skipWalkthrough":true,"extensionInstallSource":"settingsSync"},"installOnlyNewlyAddedFromExtensionPack":true,"productVersion":{"version":"1.95.3","date":"2024-11-13T14:50:04.152Z"}}
2024-11-28 14:42:52.063 [info] Installing extension: yzhang.markdown-all-in-one {"isMachineScoped":false,"donotIncludePackAndDependencies":true,"installGivenVersion":false,"pinned":false,"installPreReleaseVersion":false,"profileLocation":{"$mid":1,"external":"vscode-userdata:/home/steve/.vscode/extensions/extensions.json","path":"/home/steve/.vscode/extensions/extensions.json","scheme":"vscode-userdata"},"isApplicationScoped":false,"context":{"skipWalkthrough":true,"extensionInstallSource":"settingsSync"},"installOnlyNewlyAddedFromExtensionPack":true,"productVersion":{"version":"1.95.3","date":"2024-11-13T14:50:04.152Z"}}
2024-11-28 14:42:52.063 [info] Installing extension: grapecity.gc-excelviewer {"isMachineScoped":false,"donotIncludePackAndDependencies":true,"installGivenVersion":false,"pinned":false,"installPreReleaseVersion":false,"profileLocation":{"$mid":1,"external":"vscode-userdata:/home/steve/.vscode/extensions/extensions.json","path":"/home/steve/.vscode/extensions/extensions.json","scheme":"vscode-userdata"},"isApplicationScoped":false,"context":{"skipWalkthrough":true,"extensionInstallSource":"settingsSync"},"installOnlyNewlyAddedFromExtensionPack":true,"productVersion":{"version":"1.95.3","date":"2024-11-13T14:50:04.152Z"}}
2024-11-28 14:42:52.063 [info] Installing extension: visualstudioexptteam.intellicode-api-usage-examples {"isMachineScoped":false,"donotIncludePackAndDependencies":true,"installGivenVersion":false,"pinned":false,"installPreReleaseVersion":false,"profileLocation":{"$mid":1,"external":"vscode-userdata:/home/steve/.vscode/extensions/extensions.json","path":"/home/steve/.vscode/extensions/extensions.json","scheme":"vscode-userdata"},"isApplicationScoped":false,"context":{"skipWalkthrough":true,"extensionInstallSource":"settingsSync"},"installOnlyNewlyAddedFromExtensionPack":true,"productVersion":{"version":"1.95.3","date":"2024-11-13T14:50:04.152Z"}}
2024-11-28 14:42:52.063 [info] Installing extension: visualstudioexptteam.vscodeintellicode {"isMachineScoped":false,"donotIncludePackAndDependencies":true,"installGivenVersion":false,"pinned":false,"installPreReleaseVersion":false,"profileLocation":{"$mid":1,"external":"vscode-userdata:/home/steve/.vscode/extensions/extensions.json","path":"/home/steve/.vscode/extensions/extensions.json","scheme":"vscode-userdata"},"isApplicationScoped":false,"context":{"skipWalkthrough":true,"extensionInstallSource":"settingsSync"},"installOnlyNewlyAddedFromExtensionPack":true,"productVersion":{"version":"1.95.3","date":"2024-11-13T14:50:04.152Z"}}
2024-11-28 14:42:52.063 [info] Installing extension: ms-vscode-remote.remote-wsl {"isMachineScoped":false,"donotIncludePackAndDependencies":true,"installGivenVersion":false,"pinned":false,"installPreReleaseVersion":false,"profileLocation":{"$mid":1,"external":"vscode-userdata:/home/steve/.vscode/extensions/extensions.json","path":"/home/steve/.vscode/extensions/extensions.json","scheme":"vscode-userdata"},"isApplicationScoped":false,"context":{"skipWalkthrough":true,"extensionInstallSource":"settingsSync"},"installOnlyNewlyAddedFromExtensionPack":true,"productVersion":{"version":"1.95.3","date":"2024-11-13T14:50:04.152Z"}}
2024-11-28 14:42:52.063 [info] Installing extension: adamwalzer.string-converter {"isMachineScoped":false,"donotIncludePackAndDependencies":true,"installGivenVersion":false,"pinned":false,"installPreReleaseVersion":false,"profileLocation":{"$mid":1,"external":"vscode-userdata:/home/steve/.vscode/extensions/extensions.json","path":"/home/steve/.vscode/extensions/extensions.json","scheme":"vscode-userdata"},"isApplicationScoped":false,"context":{"skipWalkthrough":true,"extensionInstallSource":"settingsSync"},"installOnlyNewlyAddedFromExtensionPack":true,"productVersion":{"version":"1.95.3","date":"2024-11-13T14:50:04.152Z"}}
2024-11-28 14:42:52.063 [info] Installing extension: wesbos.theme-cobalt2 {"isMachineScoped":false,"donotIncludePackAndDependencies":true,"installGivenVersion":false,"pinned":false,"installPreReleaseVersion":false,"profileLocation":{"$mid":1,"external":"vscode-userdata:/home/steve/.vscode/extensions/extensions.json","path":"/home/steve/.vscode/extensions/extensions.json","scheme":"vscode-userdata"},"isApplicationScoped":false,"context":{"skipWalkthrough":true,"extensionInstallSource":"settingsSync"},"installOnlyNewlyAddedFromExtensionPack":true,"productVersion":{"version":"1.95.3","date":"2024-11-13T14:50:04.152Z"}}
2024-11-28 14:42:52.064 [info] Installing extension: vscode-icons-team.vscode-icons {"isMachineScoped":false,"donotIncludePackAndDependencies":true,"installGivenVersion":false,"pinned":false,"installPreReleaseVersion":false,"profileLocation":{"$mid":1,"external":"vscode-userdata:/home/steve/.vscode/extensions/extensions.json","path":"/home/steve/.vscode/extensions/extensions.json","scheme":"vscode-userdata"},"isApplicationScoped":false,"context":{"skipWalkthrough":true,"extensionInstallSource":"settingsSync"},"installOnlyNewlyAddedFromExtensionPack":true,"productVersion":{"version":"1.95.3","date":"2024-11-13T14:50:04.152Z"}}
2024-11-28 14:42:52.064 [info] Installing extension: ozaki.markdown-github-dark {"isMachineScoped":false,"donotIncludePackAndDependencies":true,"installGivenVersion":false,"pinned":false,"installPreReleaseVersion":false,"profileLocation":{"$mid":1,"external":"vscode-userdata:/home/steve/.vscode/extensions/extensions.json","path":"/home/steve/.vscode/extensions/extensions.json","scheme":"vscode-userdata"},"isApplicationScoped":false,"context":{"skipWalkthrough":true,"extensionInstallSource":"settingsSync"},"installOnlyNewlyAddedFromExtensionPack":true,"productVersion":{"version":"1.95.3","date":"2024-11-13T14:50:04.152Z"}}
2024-11-28 14:42:52.064 [info] Installing extension: hnw.vscode-auto-open-markdown-preview {"isMachineScoped":false,"donotIncludePackAndDependencies":true,"installGivenVersion":false,"pinned":false,"installPreReleaseVersion":false,"profileLocation":{"$mid":1,"external":"vscode-userdata:/home/steve/.vscode/extensions/extensions.json","path":"/home/steve/.vscode/extensions/extensions.json","scheme":"vscode-userdata"},"isApplicationScoped":false,"context":{"skipWalkthrough":true,"extensionInstallSource":"settingsSync"},"installOnlyNewlyAddedFromExtensionPack":true,"productVersion":{"version":"1.95.3","date":"2024-11-13T14:50:04.152Z"}}
2024-11-28 14:42:52.064 [info] Installing extension: sndst00m.markdown-github-dark-pack {"isMachineScoped":false,"donotIncludePackAndDependencies":true,"installGivenVersion":false,"pinned":false,"installPreReleaseVersion":false,"profileLocation":{"$mid":1,"external":"vscode-userdata:/home/steve/.vscode/extensions/extensions.json","path":"/home/steve/.vscode/extensions/extensions.json","scheme":"vscode-userdata"},"isApplicationScoped":false,"context":{"skipWalkthrough":true,"extensionInstallSource":"settingsSync"},"installOnlyNewlyAddedFromExtensionPack":true,"productVersion":{"version":"1.95.3","date":"2024-11-13T14:50:04.152Z"}}
2024-11-28 14:42:52.064 [info] Installing extension: magicstack.magicpython {"isMachineScoped":false,"donotIncludePackAndDependencies":true,"installGivenVersion":false,"pinned":false,"installPreReleaseVersion":false,"profileLocation":{"$mid":1,"external":"vscode-userdata:/home/steve/.vscode/extensions/extensions.json","path":"/home/steve/.vscode/extensions/extensions.json","scheme":"vscode-userdata"},"isApplicationScoped":false,"context":{"skipWalkthrough":true,"extensionInstallSource":"settingsSync"},"installOnlyNewlyAddedFromExtensionPack":true,"productVersion":{"version":"1.95.3","date":"2024-11-13T14:50:04.152Z"}}
2024-11-28 14:42:52.064 [info] Installing extension: mushan.vscode-paste-image {"isMachineScoped":false,"donotIncludePackAndDependencies":true,"installGivenVersion":false,"pinned":false,"installPreReleaseVersion":false,"profileLocation":{"$mid":1,"external":"vscode-userdata:/home/steve/.vscode/extensions/extensions.json","path":"/home/steve/.vscode/extensions/extensions.json","scheme":"vscode-userdata"},"isApplicationScoped":false,"context":{"skipWalkthrough":true,"extensionInstallSource":"settingsSync"},"installOnlyNewlyAddedFromExtensionPack":true,"productVersion":{"version":"1.95.3","date":"2024-11-13T14:50:04.152Z"}}
2024-11-28 14:42:52.064 [info] Installing extension: techer.open-in-browser {"isMachineScoped":false,"donotIncludePackAndDependencies":true,"installGivenVersion":false,"pinned":false,"installPreReleaseVersion":false,"profileLocation":{"$mid":1,"external":"vscode-userdata:/home/steve/.vscode/extensions/extensions.json","path":"/home/steve/.vscode/extensions/extensions.json","scheme":"vscode-userdata"},"isApplicationScoped":false,"context":{"skipWalkthrough":true,"extensionInstallSource":"settingsSync"},"installOnlyNewlyAddedFromExtensionPack":true,"productVersion":{"version":"1.95.3","date":"2024-11-13T14:50:04.152Z"}}
2024-11-28 14:42:52.065 [info] Installing extension: streetsidesoftware.code-spell-checker {"isMachineScoped":false,"donotIncludePackAndDependencies":true,"installGivenVersion":false,"pinned":false,"installPreReleaseVersion":false,"profileLocation":{"$mid":1,"external":"vscode-userdata:/home/steve/.vscode/extensions/extensions.json","path":"/home/steve/.vscode/extensions/extensions.json","scheme":"vscode-userdata"},"isApplicationScoped":false,"context":{"skipWalkthrough":true,"extensionInstallSource":"settingsSync"},"installOnlyNewlyAddedFromExtensionPack":true,"productVersion":{"version":"1.95.3","date":"2024-11-13T14:50:04.152Z"}}
2024-11-28 14:42:52.065 [info] Installing extension: usernamehw.todo-md {"isMachineScoped":false,"donotIncludePackAndDependencies":true,"installGivenVersion":false,"pinned":false,"installPreReleaseVersion":false,"profileLocation":{"$mid":1,"external":"vscode-userdata:/home/steve/.vscode/extensions/extensions.json","path":"/home/steve/.vscode/extensions/extensions.json","scheme":"vscode-userdata"},"isApplicationScoped":false,"context":{"skipWalkthrough":true,"extensionInstallSource":"settingsSync"},"installOnlyNewlyAddedFromExtensionPack":true,"productVersion":{"version":"1.95.3","date":"2024-11-13T14:50:04.152Z"}}
2024-11-28 14:42:52.065 [info] Installing extension: usernamehw.search {"isMachineScoped":false,"donotIncludePackAndDependencies":true,"installGivenVersion":false,"pinned":false,"installPreReleaseVersion":false,"profileLocation":{"$mid":1,"external":"vscode-userdata:/home/steve/.vscode/extensions/extensions.json","path":"/home/steve/.vscode/extensions/extensions.json","scheme":"vscode-userdata"},"isApplicationScoped":false,"context":{"skipWalkthrough":true,"extensionInstallSource":"settingsSync"},"installOnlyNewlyAddedFromExtensionPack":true,"productVersion":{"version":"1.95.3","date":"2024-11-13T14:50:04.152Z"}}
2024-11-28 14:42:52.065 [info] Installing extension: ms-dotnettools.vscode-dotnet-runtime {"isMachineScoped":false,"donotIncludePackAndDependencies":true,"installGivenVersion":false,"pinned":false,"installPreReleaseVersion":false,"profileLocation":{"$mid":1,"external":"vscode-userdata:/home/steve/.vscode/extensions/extensions.json","path":"/home/steve/.vscode/extensions/extensions.json","scheme":"vscode-userdata"},"isApplicationScoped":false,"context":{"skipWalkthrough":true,"extensionInstallSource":"settingsSync"},"installOnlyNewlyAddedFromExtensionPack":true,"productVersion":{"version":"1.95.3","date":"2024-11-13T14:50:04.152Z"}}
2024-11-28 14:42:52.065 [info] Installing extension: gruntfuggly.todo-tree {"isMachineScoped":false,"donotIncludePackAndDependencies":true,"installGivenVersion":false,"pinned":false,"installPreReleaseVersion":false,"profileLocation":{"$mid":1,"external":"vscode-userdata:/home/steve/.vscode/extensions/extensions.json","path":"/home/steve/.vscode/extensions/extensions.json","scheme":"vscode-userdata"},"isApplicationScoped":false,"context":{"skipWalkthrough":true,"extensionInstallSource":"settingsSync"},"installOnlyNewlyAddedFromExtensionPack":true,"productVersion":{"version":"1.95.3","date":"2024-11-13T14:50:04.152Z"}}
2024-11-28 14:42:52.065 [info] Installing extension: blinkshellinc.blink-fs {"isMachineScoped":false,"donotIncludePackAndDependencies":true,"installGivenVersion":false,"pinned":false,"installPreReleaseVersion":false,"profileLocation":{"$mid":1,"external":"vscode-userdata:/home/steve/.vscode/extensions/extensions.json","path":"/home/steve/.vscode/extensions/extensions.json","scheme":"vscode-userdata"},"isApplicationScoped":false,"context":{"skipWalkthrough":true,"extensionInstallSource":"settingsSync"},"installOnlyNewlyAddedFromExtensionPack":true,"productVersion":{"version":"1.95.3","date":"2024-11-13T14:50:04.152Z"}}
2024-11-28 14:42:52.065 [info] Installing extension: romanpeshkov.vscode-text-tables {"isMachineScoped":false,"donotIncludePackAndDependencies":true,"installGivenVersion":false,"pinned":false,"installPreReleaseVersion":false,"profileLocation":{"$mid":1,"external":"vscode-userdata:/home/steve/.vscode/extensions/extensions.json","path":"/home/steve/.vscode/extensions/extensions.json","scheme":"vscode-userdata"},"isApplicationScoped":false,"context":{"skipWalkthrough":true,"extensionInstallSource":"settingsSync"},"installOnlyNewlyAddedFromExtensionPack":true,"productVersion":{"version":"1.95.3","date":"2024-11-13T14:50:04.152Z"}}
2024-11-28 14:42:52.066 [info] Installing extension: kevinrose.vsc-python-indent {"isMachineScoped":false,"donotIncludePackAndDependencies":true,"installGivenVersion":false,"pinned":false,"installPreReleaseVersion":false,"profileLocation":{"$mid":1,"external":"vscode-userdata:/home/steve/.vscode/extensions/extensions.json","path":"/home/steve/.vscode/extensions/extensions.json","scheme":"vscode-userdata"},"isApplicationScoped":false,"context":{"skipWalkthrough":true,"extensionInstallSource":"settingsSync"},"installOnlyNewlyAddedFromExtensionPack":true,"productVersion":{"version":"1.95.3","date":"2024-11-13T14:50:04.152Z"}}
2024-11-28 14:42:52.066 [info] Installing extension: njpwerner.autodocstring {"isMachineScoped":false,"donotIncludePackAndDependencies":true,"installGivenVersion":false,"pinned":false,"installPreReleaseVersion":false,"profileLocation":{"$mid":1,"external":"vscode-userdata:/home/steve/.vscode/extensions/extensions.json","path":"/home/steve/.vscode/extensions/extensions.json","scheme":"vscode-userdata"},"isApplicationScoped":false,"context":{"skipWalkthrough":true,"extensionInstallSource":"settingsSync"},"installOnlyNewlyAddedFromExtensionPack":true,"productVersion":{"version":"1.95.3","date":"2024-11-13T14:50:04.152Z"}}
2024-11-28 14:42:52.066 [info] Installing extension: ms-python.isort {"isMachineScoped":false,"donotIncludePackAndDependencies":true,"installGivenVersion":false,"pinned":false,"installPreReleaseVersion":false,"profileLocation":{"$mid":1,"external":"vscode-userdata:/home/steve/.vscode/extensions/extensions.json","path":"/home/steve/.vscode/extensions/extensions.json","scheme":"vscode-userdata"},"isApplicationScoped":false,"context":{"skipWalkthrough":true,"extensionInstallSource":"settingsSync"},"installOnlyNewlyAddedFromExtensionPack":true,"productVersion":{"version":"1.95.3","date":"2024-11-13T14:50:04.152Z"}}
2024-11-28 14:42:52.066 [info] Installing extension: ms-python.debugpy {"isMachineScoped":false,"donotIncludePackAndDependencies":true,"installGivenVersion":false,"pinned":false,"installPreReleaseVersion":false,"profileLocation":{"$mid":1,"external":"vscode-userdata:/home/steve/.vscode/extensions/extensions.json","path":"/home/steve/.vscode/extensions/extensions.json","scheme":"vscode-userdata"},"isApplicationScoped":false,"context":{"skipWalkthrough":true,"extensionInstallSource":"settingsSync"},"installOnlyNewlyAddedFromExtensionPack":true,"productVersion":{"version":"1.95.3","date":"2024-11-13T14:50:04.152Z"}}
2024-11-28 14:42:52.066 [info] Installing extension: ms-python.python {"isMachineScoped":false,"donotIncludePackAndDependencies":true,"installGivenVersion":false,"pinned":false,"installPreReleaseVersion":false,"profileLocation":{"$mid":1,"external":"vscode-userdata:/home/steve/.vscode/extensions/extensions.json","path":"/home/steve/.vscode/extensions/extensions.json","scheme":"vscode-userdata"},"isApplicationScoped":false,"context":{"skipWalkthrough":true,"extensionInstallSource":"settingsSync"},"installOnlyNewlyAddedFromExtensionPack":true,"productVersion":{"version":"1.95.3","date":"2024-11-13T14:50:04.152Z"}}
2024-11-28 14:42:52.066 [info] Installing extension: ms-python.black-formatter {"isMachineScoped":false,"donotIncludePackAndDependencies":true,"installGivenVersion":false,"pinned":false,"installPreReleaseVersion":false,"profileLocation":{"$mid":1,"external":"vscode-userdata:/home/steve/.vscode/extensions/extensions.json","path":"/home/steve/.vscode/extensions/extensions.json","scheme":"vscode-userdata"},"isApplicationScoped":false,"context":{"skipWalkthrough":true,"extensionInstallSource":"settingsSync"},"installOnlyNewlyAddedFromExtensionPack":true,"productVersion":{"version":"1.95.3","date":"2024-11-13T14:50:04.152Z"}}
2024-11-28 14:42:52.066 [info] Installing extension: esbenp.prettier-vscode {"isMachineScoped":false,"donotIncludePackAndDependencies":true,"installGivenVersion":false,"pinned":false,"installPreReleaseVersion":false,"profileLocation":{"$mid":1,"external":"vscode-userdata:/home/steve/.vscode/extensions/extensions.json","path":"/home/steve/.vscode/extensions/extensions.json","scheme":"vscode-userdata"},"isApplicationScoped":false,"context":{"skipWalkthrough":true,"extensionInstallSource":"settingsSync"},"installOnlyNewlyAddedFromExtensionPack":true,"productVersion":{"version":"1.95.3","date":"2024-11-13T14:50:04.152Z"}}
2024-11-28 14:42:52.066 [info] Installing extension: redhat.vscode-yaml {"isMachineScoped":false,"donotIncludePackAndDependencies":true,"installGivenVersion":false,"pinned":false,"installPreReleaseVersion":false,"profileLocation":{"$mid":1,"external":"vscode-userdata:/home/steve/.vscode/extensions/extensions.json","path":"/home/steve/.vscode/extensions/extensions.json","scheme":"vscode-userdata"},"isApplicationScoped":false,"context":{"skipWalkthrough":true,"extensionInstallSource":"settingsSync"},"installOnlyNewlyAddedFromExtensionPack":true,"productVersion":{"version":"1.95.3","date":"2024-11-13T14:50:04.152Z"}}
2024-11-28 14:42:52.067 [info] Installing extension: bierner.markdown-mermaid {"isMachineScoped":false,"donotIncludePackAndDependencies":true,"installGivenVersion":false,"pinned":false,"installPreReleaseVersion":false,"profileLocation":{"$mid":1,"external":"vscode-userdata:/home/steve/.vscode/extensions/extensions.json","path":"/home/steve/.vscode/extensions/extensions.json","scheme":"vscode-userdata"},"isApplicationScoped":false,"context":{"skipWalkthrough":true,"extensionInstallSource":"settingsSync"},"installOnlyNewlyAddedFromExtensionPack":true,"productVersion":{"version":"1.95.3","date":"2024-11-13T14:50:04.152Z"}}
2024-11-28 14:42:52.067 [info] Installing extension: yzane.markdown-pdf {"isMachineScoped":false,"donotIncludePackAndDependencies":true,"installGivenVersion":false,"pinned":false,"installPreReleaseVersion":false,"profileLocation":{"$mid":1,"external":"vscode-userdata:/home/steve/.vscode/extensions/extensions.json","path":"/home/steve/.vscode/extensions/extensions.json","scheme":"vscode-userdata"},"isApplicationScoped":false,"context":{"skipWalkthrough":true,"extensionInstallSource":"settingsSync"},"installOnlyNewlyAddedFromExtensionPack":true,"productVersion":{"version":"1.95.3","date":"2024-11-13T14:50:04.152Z"}}
2024-11-28 14:42:52.067 [info] Installing extension: ms-python.vscode-pylance {"isMachineScoped":false,"donotIncludePackAndDependencies":true,"installGivenVersion":false,"pinned":false,"installPreReleaseVersion":false,"profileLocation":{"$mid":1,"external":"vscode-userdata:/home/steve/.vscode/extensions/extensions.json","path":"/home/steve/.vscode/extensions/extensions.json","scheme":"vscode-userdata"},"isApplicationScoped":false,"context":{"skipWalkthrough":true,"extensionInstallSource":"settingsSync"},"installOnlyNewlyAddedFromExtensionPack":true,"productVersion":{"version":"1.95.3","date":"2024-11-13T14:50:04.152Z"}}
2024-11-28 14:42:52.067 [info] Installing extension: blinklang.blinksyntaxhl {"isMachineScoped":false,"donotIncludePackAndDependencies":true,"installGivenVersion":false,"pinned":false,"installPreReleaseVersion":false,"profileLocation":{"$mid":1,"external":"vscode-userdata:/home/steve/.vscode/extensions/extensions.json","path":"/home/steve/.vscode/extensions/extensions.json","scheme":"vscode-userdata"},"isApplicationScoped":false,"context":{"skipWalkthrough":true,"extensionInstallSource":"settingsSync"},"installOnlyNewlyAddedFromExtensionPack":true,"productVersion":{"version":"1.95.3","date":"2024-11-13T14:50:04.152Z"}}
2024-11-28 14:42:52.067 [info] Installing the extension without checking dependencies and pack mechatroner.rainbow-csv
2024-11-28 14:42:52.067 [info] Installing the extension without checking dependencies and pack ms-toolsai.jupyter-keymap
2024-11-28 14:42:52.067 [info] Installing the extension without checking dependencies and pack ms-toolsai.vscode-jupyter-slideshow
2024-11-28 14:42:52.067 [info] Installing the extension without checking dependencies and pack ms-toolsai.jupyter-renderers
2024-11-28 14:42:52.068 [info] Installing the extension without checking dependencies and pack ms-toolsai.vscode-jupyter-cell-tags
2024-11-28 14:42:52.068 [info] Installing the extension without checking dependencies and pack ms-toolsai.datawrangler
2024-11-28 14:42:52.068 [info] Installing the extension without checking dependencies and pack ms-toolsai.jupyter
2024-11-28 14:42:52.068 [info] Installing the extension without checking dependencies and pack foam.foam-vscode
2024-11-28 14:42:52.068 [info] Installing the extension without checking dependencies and pack mark-wiemer.vscode-autohotkey-plus-plus
2024-11-28 14:42:52.068 [info] Installing the extension without checking dependencies and pack donjayamanne.python-extension-pack
2024-11-28 14:42:52.068 [info] Installing the extension without checking dependencies and pack donjayamanne.python-environment-manager
2024-11-28 14:42:52.069 [info] Installing the extension without checking dependencies and pack johnpapa.vscode-peacock
2024-11-28 14:42:52.069 [info] Installing the extension without checking dependencies and pack wholroyd.jinja
2024-11-28 14:42:52.069 [info] Installing the extension without checking dependencies and pack vscodevim.vim
2024-11-28 14:42:52.069 [info] Installing the extension without checking dependencies and pack yzhang.markdown-all-in-one
2024-11-28 14:42:52.069 [info] Installing the extension without checking dependencies and pack grapecity.gc-excelviewer
2024-11-28 14:42:52.070 [info] Installing the extension without checking dependencies and pack visualstudioexptteam.intellicode-api-usage-examples
2024-11-28 14:42:52.070 [info] Installing the extension without checking dependencies and pack visualstudioexptteam.vscodeintellicode
2024-11-28 14:42:52.070 [info] Installing the extension without checking dependencies and pack ms-vscode-remote.remote-wsl
2024-11-28 14:42:52.070 [info] Installing the extension without checking dependencies and pack adamwalzer.string-converter
2024-11-28 14:42:52.070 [info] Installing the extension without checking dependencies and pack wesbos.theme-cobalt2
2024-11-28 14:42:52.070 [info] Installing the extension without checking dependencies and pack vscode-icons-team.vscode-icons
2024-11-28 14:42:52.071 [info] Installing the extension without checking dependencies and pack ozaki.markdown-github-dark
2024-11-28 14:42:52.071 [info] Installing the extension without checking dependencies and pack hnw.vscode-auto-open-markdown-preview
2024-11-28 14:42:52.071 [info] Installing the extension without checking dependencies and pack sndst00m.markdown-github-dark-pack
2024-11-28 14:42:52.071 [info] Installing the extension without checking dependencies and pack magicstack.magicpython
2024-11-28 14:42:52.071 [info] Installing the extension without checking dependencies and pack mushan.vscode-paste-image
2024-11-28 14:42:52.071 [info] Installing the extension without checking dependencies and pack techer.open-in-browser
2024-11-28 14:42:52.071 [info] Installing the extension without checking dependencies and pack streetsidesoftware.code-spell-checker
2024-11-28 14:42:52.071 [info] Installing the extension without checking dependencies and pack usernamehw.todo-md
2024-11-28 14:42:52.072 [info] Installing the extension without checking dependencies and pack usernamehw.search
2024-11-28 14:42:52.072 [info] Installing the extension without checking dependencies and pack ms-dotnettools.vscode-dotnet-runtime
2024-11-28 14:42:52.072 [info] Installing the extension without checking dependencies and pack gruntfuggly.todo-tree
2024-11-28 14:42:52.072 [info] Installing the extension without checking dependencies and pack blinkshellinc.blink-fs
2024-11-28 14:42:52.072 [info] Installing the extension without checking dependencies and pack romanpeshkov.vscode-text-tables
2024-11-28 14:42:52.072 [info] Installing the extension without checking dependencies and pack kevinrose.vsc-python-indent
2024-11-28 14:42:52.072 [info] Installing the extension without checking dependencies and pack njpwerner.autodocstring
2024-11-28 14:42:52.073 [info] Installing the extension without checking dependencies and pack ms-python.isort
2024-11-28 14:42:52.073 [info] Installing the extension without checking dependencies and pack ms-python.debugpy
2024-11-28 14:42:52.073 [info] Installing the extension without checking dependencies and pack ms-python.python
2024-11-28 14:42:52.073 [info] Installing the extension without checking dependencies and pack ms-python.black-formatter
2024-11-28 14:42:52.073 [info] Installing the extension without checking dependencies and pack esbenp.prettier-vscode
2024-11-28 14:42:52.073 [info] Installing the extension without checking dependencies and pack redhat.vscode-yaml
2024-11-28 14:42:52.073 [info] Installing the extension without checking dependencies and pack bierner.markdown-mermaid
2024-11-28 14:42:52.073 [info] Installing the extension without checking dependencies and pack yzane.markdown-pdf
2024-11-28 14:42:52.073 [info] Installing the extension without checking dependencies and pack ms-python.vscode-pylance
2024-11-28 14:42:52.073 [info] Installing the extension without checking dependencies and pack blinklang.blinksyntaxhl
2024-11-28 14:42:52.471 [info] Extension signature verification result for hnw.vscode-auto-open-markdown-preview: UnknownError. Executed: true. Duration: 9ms.
2024-11-28 14:42:52.481 [info] Extension signature verification result for wholroyd.jinja: UnknownError. Executed: true. Duration: 7ms.
2024-11-28 14:42:52.498 [info] Extension signature verification result for sndst00m.markdown-github-dark-pack: UnknownError. Executed: true. Duration: 6ms.
2024-11-28 14:42:52.504 [info] Extracted extension to file:///home/steve/.vscode/extensions/hnw.vscode-auto-open-markdown-preview-0.0.4: hnw.vscode-auto-open-markdown-preview
2024-11-28 14:42:52.509 [info] Renamed to /home/steve/.vscode/extensions/hnw.vscode-auto-open-markdown-preview-0.0.4
2024-11-28 14:42:52.528 [info] Extracted extension to file:///home/steve/.vscode/extensions/wholroyd.jinja-0.0.8: wholroyd.jinja
2024-11-28 14:42:52.534 [info] Renamed to /home/steve/.vscode/extensions/wholroyd.jinja-0.0.8
2024-11-28 14:42:52.541 [info] Extension signature verification result for blinklang.blinksyntaxhl: UnknownError. Executed: true. Duration: 6ms.
2024-11-28 14:42:52.548 [info] Extracted extension to file:///home/steve/.vscode/extensions/sndst00m.markdown-github-dark-pack-0.1.1: sndst00m.markdown-github-dark-pack
2024-11-28 14:42:52.552 [info] Renamed to /home/steve/.vscode/extensions/sndst00m.markdown-github-dark-pack-0.1.1
2024-11-28 14:42:52.558 [info] Extracted extension to file:///home/steve/.vscode/extensions/blinklang.blinksyntaxhl-1.0.0: blinklang.blinksyntaxhl
2024-11-28 14:42:52.561 [info] Renamed to /home/steve/.vscode/extensions/blinklang.blinksyntaxhl-1.0.0
2024-11-28 14:42:52.593 [error] [uncaught exception in sharedProcess]: Error: ENOENT: no such file or directory, stat '/home/steve/.vscode/extensions/extensions.json.vsctmp': EntryNotFound (FileSystemError): Error: ENOENT: no such file or directory, stat '/home/steve/.vscode/extensions/extensions.json.vsctmp'
    at hm.create (file:///opt/visual-studio-code/resources/app/out/vs/code/electron-utility/sharedProcess/sharedProcessMain.js:35:39254)
    at Es (file:///opt/visual-studio-code/resources/app/out/vs/code/electron-utility/sharedProcess/sharedProcessMain.js:35:39361)
    at Fr.ib (file:///opt/visual-studio-code/resources/app/out/vs/code/electron-utility/sharedProcess/sharedProcessMain.js:71:22677)
    at Fr.stat (file:///opt/visual-studio-code/resources/app/out/vs/code/electron-utility/sharedProcess/sharedProcessMain.js:71:16010)
    at async Zl.stat (file:///opt/visual-studio-code/resources/app/out/vs/code/electron-utility/sharedProcess/sharedProcessMain.js:70:84491)
    at async Jl.yb (file:///opt/visual-studio-code/resources/app/out/vs/code/electron-utility/sharedProcess/sharedProcessMain.js:70:66605)
2024-11-28 14:42:52.615 [info] Extension signature verification result for wesbos.theme-cobalt2: UnknownError. Executed: true. Duration: 6ms.
2024-11-28 14:42:52.632 [info] Extracted extension to file:///home/steve/.vscode/extensions/wesbos.theme-cobalt2-2.4.3: wesbos.theme-cobalt2
2024-11-28 14:42:52.635 [info] Renamed to /home/steve/.vscode/extensions/wesbos.theme-cobalt2-2.4.3
2024-11-28 14:42:52.776 [info] Extension signature verification result for njpwerner.autodocstring: UnknownError. Executed: true. Duration: 13ms.
2024-11-28 14:42:52.798 [info] Extension signature verification result for adamwalzer.string-converter: UnknownError. Executed: true. Duration: 7ms.
2024-11-28 14:42:52.836 [info] Extension signature verification result for mechatroner.rainbow-csv: UnknownError. Executed: true. Duration: 11ms.
2024-11-28 14:42:52.838 [info] Extension signature verification result for romanpeshkov.vscode-text-tables: UnknownError. Executed: true. Duration: 8ms.
2024-11-28 14:42:52.868 [info] Extension signature verification result for mushan.vscode-paste-image: UnknownError. Executed: true. Duration: 8ms.
2024-11-28 14:42:52.884 [info] Extension signature verification result for ms-vscode-remote.remote-wsl: UnknownError. Executed: true. Duration: 7ms.
2024-11-28 14:42:52.900 [info] Extension signature verification result for vscodevim.vim: UnknownError. Executed: true. Duration: 8ms.
2024-11-28 14:42:52.961 [info] Extension signature verification result for foam.foam-vscode: UnknownError. Executed: true. Duration: 8ms.
2024-11-28 14:42:53.009 [info] Extension signature verification result for donjayamanne.python-extension-pack: UnknownError. Executed: true. Duration: 6ms.
2024-11-28 14:42:53.024 [info] Extension signature verification result for ozaki.markdown-github-dark: UnknownError. Executed: true. Duration: 7ms.
2024-11-28 14:42:53.060 [info] Extension signature verification result for techer.open-in-browser: UnknownError. Executed: true. Duration: 14ms.
2024-11-28 14:42:53.062 [info] Extension signature verification result for usernamehw.search: UnknownError. Executed: true. Duration: 14ms.
2024-11-28 14:42:53.064 [info] Extension signature verification result for blinkshellinc.blink-fs: UnknownError. Executed: true. Duration: 10ms.
2024-11-28 14:42:53.086 [info] Extension signature verification result for usernamehw.todo-md: UnknownError. Executed: true. Duration: 13ms.
2024-11-28 14:42:53.089 [info] Extension signature verification result for johnpapa.vscode-peacock: UnknownError. Executed: true. Duration: 9ms.
2024-11-28 14:42:53.110 [info] Extension signature verification result for gruntfuggly.todo-tree: UnknownError. Executed: true. Duration: 9ms.
2024-11-28 14:42:53.135 [info] Extension signature verification result for ms-toolsai.jupyter-keymap: UnknownError. Executed: true. Duration: 12ms.
2024-11-28 14:42:53.136 [info] Extension signature verification result for ms-toolsai.vscode-jupyter-slideshow: UnknownError. Executed: true. Duration: 19ms.
2024-11-28 14:42:53.139 [info] Extension signature verification result for ms-toolsai.vscode-jupyter-cell-tags: UnknownError. Executed: true. Duration: 13ms.
2024-11-28 14:42:53.151 [info] Extension signature verification result for magicstack.magicpython: UnknownError. Executed: true. Duration: 10ms.
2024-11-28 14:42:53.157 [info] Extracted extension to file:///home/steve/.vscode/extensions/donjayamanne.python-extension-pack-1.7.0: donjayamanne.python-extension-pack
2024-11-28 14:42:53.171 [info] Extension signature verification result for mark-wiemer.vscode-autohotkey-plus-plus: UnknownError. Executed: true. Duration: 9ms.
2024-11-28 14:42:53.188 [info] Extension signature verification result for ms-dotnettools.vscode-dotnet-runtime: UnknownError. Executed: true. Duration: 12ms.
2024-11-28 14:42:53.190 [info] Extension signature verification result for kevinrose.vsc-python-indent: UnknownError. Executed: true. Duration: 8ms.
2024-11-28 14:42:53.191 [info] Renamed to /home/steve/.vscode/extensions/donjayamanne.python-extension-pack-1.7.0
2024-11-28 14:42:53.209 [info] Extracted extension to file:///home/steve/.vscode/extensions/usernamehw.search-0.0.1: usernamehw.search
2024-11-28 14:42:53.223 [info] Renamed to /home/steve/.vscode/extensions/usernamehw.search-0.0.1
2024-11-28 14:42:53.237 [info] Extension signature verification result for redhat.vscode-yaml: UnknownError. Executed: true. Duration: 11ms.
2024-11-28 14:42:53.264 [info] Extension signature verification result for yzhang.markdown-all-in-one: UnknownError. Executed: true. Duration: 10ms.
2024-11-28 14:42:53.266 [error] [uncaught exception in sharedProcess]: Error: ENOENT: no such file or directory, stat '/home/steve/.vscode/extensions/extensions.json.vsctmp': EntryNotFound (FileSystemError): Error: ENOENT: no such file or directory, stat '/home/steve/.vscode/extensions/extensions.json.vsctmp'
    at hm.create (file:///opt/visual-studio-code/resources/app/out/vs/code/electron-utility/sharedProcess/sharedProcessMain.js:35:39254)
    at Es (file:///opt/visual-studio-code/resources/app/out/vs/code/electron-utility/sharedProcess/sharedProcessMain.js:35:39361)
    at Fr.ib (file:///opt/visual-studio-code/resources/app/out/vs/code/electron-utility/sharedProcess/sharedProcessMain.js:71:22677)
    at Fr.stat (file:///opt/visual-studio-code/resources/app/out/vs/code/electron-utility/sharedProcess/sharedProcessMain.js:71:16010)
    at async Zl.stat (file:///opt/visual-studio-code/resources/app/out/vs/code/electron-utility/sharedProcess/sharedProcessMain.js:70:84491)
    at async Jl.yb (file:///opt/visual-studio-code/resources/app/out/vs/code/electron-utility/sharedProcess/sharedProcessMain.js:70:66605)
2024-11-28 14:42:53.307 [info] Extracted extension to file:///home/steve/.vscode/extensions/ozaki.markdown-github-dark-0.1.0: ozaki.markdown-github-dark
2024-11-28 14:42:53.310 [info] Extracted extension to file:///home/steve/.vscode/extensions/ms-toolsai.jupyter-keymap-1.1.2: ms-toolsai.jupyter-keymap
2024-11-28 14:42:53.313 [info] Extracted extension to file:///home/steve/.vscode/extensions/blinkshellinc.blink-fs-0.0.54: blinkshellinc.blink-fs
2024-11-28 14:42:53.320 [info] Renamed to /home/steve/.vscode/extensions/ozaki.markdown-github-dark-0.1.0
2024-11-28 14:42:53.324 [info] Renamed to /home/steve/.vscode/extensions/ms-toolsai.jupyter-keymap-1.1.2
2024-11-28 14:42:53.328 [info] Renamed to /home/steve/.vscode/extensions/blinkshellinc.blink-fs-0.0.54
2024-11-28 14:42:53.336 [info] Extracted extension to file:///home/steve/.vscode/extensions/johnpapa.vscode-peacock-4.2.2: johnpapa.vscode-peacock
2024-11-28 14:42:53.353 [info] Renamed to /home/steve/.vscode/extensions/johnpapa.vscode-peacock-4.2.2
2024-11-28 14:42:53.374 [info] Extracted extension to file:///home/steve/.vscode/extensions/foam.foam-vscode-0.26.4: foam.foam-vscode
2024-11-28 14:42:53.393 [info] Renamed to /home/steve/.vscode/extensions/foam.foam-vscode-0.26.4
2024-11-28 14:42:53.415 [info] Extracted extension to file:///home/steve/.vscode/extensions/usernamehw.todo-md-2.30.0: usernamehw.todo-md
2024-11-28 14:42:53.434 [info] Renamed to /home/steve/.vscode/extensions/usernamehw.todo-md-2.30.0
2024-11-28 14:42:53.473 [info] Extracted extension to file:///home/steve/.vscode/extensions/njpwerner.autodocstring-0.6.1: njpwerner.autodocstring
2024-11-28 14:42:53.476 [info] Extracted extension to file:///home/steve/.vscode/extensions/ms-toolsai.vscode-jupyter-slideshow-0.1.6: ms-toolsai.vscode-jupyter-slideshow
2024-11-28 14:42:53.477 [info] Extracted extension to file:///home/steve/.vscode/extensions/vscodevim.vim-1.28.1: vscodevim.vim
2024-11-28 14:42:53.483 [info] Renamed to /home/steve/.vscode/extensions/njpwerner.autodocstring-0.6.1
2024-11-28 14:42:53.488 [info] Renamed to /home/steve/.vscode/extensions/ms-toolsai.vscode-jupyter-slideshow-0.1.6
2024-11-28 14:42:53.489 [info] Renamed to /home/steve/.vscode/extensions/vscodevim.vim-1.28.1
2024-11-28 14:42:53.522 [info] Extracted extension to file:///home/steve/.vscode/extensions/romanpeshkov.vscode-text-tables-0.1.5: romanpeshkov.vscode-text-tables
2024-11-28 14:42:53.522 [info] Extracted extension to file:///home/steve/.vscode/extensions/ms-toolsai.vscode-jupyter-cell-tags-0.1.9: ms-toolsai.vscode-jupyter-cell-tags
2024-11-28 14:42:53.540 [info] Renamed to /home/steve/.vscode/extensions/romanpeshkov.vscode-text-tables-0.1.5
2024-11-28 14:42:53.542 [info] Renamed to /home/steve/.vscode/extensions/ms-toolsai.vscode-jupyter-cell-tags-0.1.9
2024-11-28 14:42:53.555 [info] Extracted extension to file:///home/steve/.vscode/extensions/techer.open-in-browser-2.0.0: techer.open-in-browser
2024-11-28 14:42:53.564 [info] Renamed to /home/steve/.vscode/extensions/techer.open-in-browser-2.0.0
2024-11-28 14:42:53.573 [info] Extracted extension to file:///home/steve/.vscode/extensions/kevinrose.vsc-python-indent-1.18.0: kevinrose.vsc-python-indent
2024-11-28 14:42:53.585 [info] Extracted extension to file:///home/steve/.vscode/extensions/mechatroner.rainbow-csv-3.13.0: mechatroner.rainbow-csv
2024-11-28 14:42:53.589 [info] Renamed to /home/steve/.vscode/extensions/kevinrose.vsc-python-indent-1.18.0
2024-11-28 14:42:53.600 [info] Renamed to /home/steve/.vscode/extensions/mechatroner.rainbow-csv-3.13.0
2024-11-28 14:42:53.713 [info] Extension signature verification result for visualstudioexptteam.intellicode-api-usage-examples: UnknownError. Executed: true. Duration: 6ms.
2024-11-28 14:42:53.743 [info] Extracted extension to file:///home/steve/.vscode/extensions/mark-wiemer.vscode-autohotkey-plus-plus-6.4.1: mark-wiemer.vscode-autohotkey-plus-plus
2024-11-28 14:42:53.751 [info] Renamed to /home/steve/.vscode/extensions/mark-wiemer.vscode-autohotkey-plus-plus-6.4.1
2024-11-28 14:42:53.755 [info] Extracted extension to file:///home/steve/.vscode/extensions/gruntfuggly.todo-tree-0.0.226: gruntfuggly.todo-tree
2024-11-28 14:42:53.756 [info] Extracted extension to file:///home/steve/.vscode/extensions/ms-dotnettools.vscode-dotnet-runtime-2.2.3: ms-dotnettools.vscode-dotnet-runtime
2024-11-28 14:42:53.770 [info] Renamed to /home/steve/.vscode/extensions/gruntfuggly.todo-tree-0.0.226
2024-11-28 14:42:53.775 [info] Renamed to /home/steve/.vscode/extensions/ms-dotnettools.vscode-dotnet-runtime-2.2.3
2024-11-28 14:42:53.783 [info] Extracted extension to file:///home/steve/.vscode/extensions/yzhang.markdown-all-in-one-3.6.2: yzhang.markdown-all-in-one
2024-11-28 14:42:53.790 [info] Extracted extension to file:///home/steve/.vscode/extensions/ms-vscode-remote.remote-wsl-0.88.5: ms-vscode-remote.remote-wsl
2024-11-28 14:42:53.796 [info] Renamed to /home/steve/.vscode/extensions/yzhang.markdown-all-in-one-3.6.2
2024-11-28 14:42:53.798 [info] Renamed to /home/steve/.vscode/extensions/ms-vscode-remote.remote-wsl-0.88.5
2024-11-28 14:42:53.862 [info] Extracted extension to file:///home/steve/.vscode/extensions/redhat.vscode-yaml-1.15.0: redhat.vscode-yaml
2024-11-28 14:42:53.867 [info] Renamed to /home/steve/.vscode/extensions/redhat.vscode-yaml-1.15.0
2024-11-28 14:42:53.915 [info] Extension signature verification result for streetsidesoftware.code-spell-checker: UnknownError. Executed: true. Duration: 6ms.
2024-11-28 14:42:54.019 [info] Extension signature verification result for grapecity.gc-excelviewer: UnknownError. Executed: true. Duration: 6ms.
2024-11-28 14:42:54.124 [info] Extension signature verification result for donjayamanne.python-environment-manager: UnknownError. Executed: true. Duration: 8ms.
2024-11-28 14:42:54.271 [info] Extracted extension to file:///home/steve/.vscode/extensions/visualstudioexptteam.intellicode-api-usage-examples-0.2.9: visualstudioexptteam.intellicode-api-usage-examples
2024-11-28 14:42:54.276 [info] Renamed to /home/steve/.vscode/extensions/visualstudioexptteam.intellicode-api-usage-examples-0.2.9
2024-11-28 14:42:54.323 [error] [uncaught exception in sharedProcess]: Error: ENOENT: no such file or directory, stat '/home/steve/.vscode/extensions/extensions.json.vsctmp': EntryNotFound (FileSystemError): Error: ENOENT: no such file or directory, stat '/home/steve/.vscode/extensions/extensions.json.vsctmp'
    at hm.create (file:///opt/visual-studio-code/resources/app/out/vs/code/electron-utility/sharedProcess/sharedProcessMain.js:35:39254)
    at Es (file:///opt/visual-studio-code/resources/app/out/vs/code/electron-utility/sharedProcess/sharedProcessMain.js:35:39361)
    at Fr.ib (file:///opt/visual-studio-code/resources/app/out/vs/code/electron-utility/sharedProcess/sharedProcessMain.js:71:22677)
    at Fr.stat (file:///opt/visual-studio-code/resources/app/out/vs/code/electron-utility/sharedProcess/sharedProcessMain.js:71:16010)
    at async Zl.stat (file:///opt/visual-studio-code/resources/app/out/vs/code/electron-utility/sharedProcess/sharedProcessMain.js:70:84491)
    at async Jl.yb (file:///opt/visual-studio-code/resources/app/out/vs/code/electron-utility/sharedProcess/sharedProcessMain.js:70:66605)
2024-11-28 14:42:54.333 [info] Extracted extension to file:///home/steve/.vscode/extensions/grapecity.gc-excelviewer-4.2.62: grapecity.gc-excelviewer
2024-11-28 14:42:54.337 [info] Renamed to /home/steve/.vscode/extensions/grapecity.gc-excelviewer-4.2.62
2024-11-28 14:42:54.382 [info] Extracted extension to file:///home/steve/.vscode/extensions/magicstack.magicpython-1.1.0: magicstack.magicpython
2024-11-28 14:42:54.384 [info] Extension signature verification result for esbenp.prettier-vscode: UnknownError. Executed: true. Duration: 8ms.
2024-11-28 14:42:54.389 [info] Renamed to /home/steve/.vscode/extensions/magicstack.magicpython-1.1.0
2024-11-28 14:42:54.402 [info] Extension signature verification result for vscode-icons-team.vscode-icons: UnknownError. Executed: true. Duration: 6ms.
2024-11-28 14:42:54.591 [info] Extracted extension to file:///home/steve/.vscode/extensions/mushan.vscode-paste-image-1.0.4: mushan.vscode-paste-image
2024-11-28 14:42:54.598 [info] Renamed to /home/steve/.vscode/extensions/mushan.vscode-paste-image-1.0.4
2024-11-28 14:42:54.643 [info] Extracted extension to file:///home/steve/.vscode/extensions/esbenp.prettier-vscode-11.0.0: esbenp.prettier-vscode
2024-11-28 14:42:54.649 [info] Renamed to /home/steve/.vscode/extensions/esbenp.prettier-vscode-11.0.0
2024-11-28 14:42:54.680 [error] [uncaught exception in sharedProcess]: Error: ENOENT: no such file or directory, stat '/home/steve/.vscode/extensions/extensions.json.vsctmp': EntryNotFound (FileSystemError): Error: ENOENT: no such file or directory, stat '/home/steve/.vscode/extensions/extensions.json.vsctmp'
    at hm.create (file:///opt/visual-studio-code/resources/app/out/vs/code/electron-utility/sharedProcess/sharedProcessMain.js:35:39254)
    at Es (file:///opt/visual-studio-code/resources/app/out/vs/code/electron-utility/sharedProcess/sharedProcessMain.js:35:39361)
    at Fr.ib (file:///opt/visual-studio-code/resources/app/out/vs/code/electron-utility/sharedProcess/sharedProcessMain.js:71:22677)
    at Fr.stat (file:///opt/visual-studio-code/resources/app/out/vs/code/electron-utility/sharedProcess/sharedProcessMain.js:71:16010)
    at async Zl.stat (file:///opt/visual-studio-code/resources/app/out/vs/code/electron-utility/sharedProcess/sharedProcessMain.js:70:84491)
    at async Jl.yb (file:///opt/visual-studio-code/resources/app/out/vs/code/electron-utility/sharedProcess/sharedProcessMain.js:70:66605)
2024-11-28 14:42:54.709 [info] Extracted extension to file:///home/steve/.vscode/extensions/streetsidesoftware.code-spell-checker-4.0.21: streetsidesoftware.code-spell-checker
2024-11-28 14:42:54.722 [info] Renamed to /home/steve/.vscode/extensions/streetsidesoftware.code-spell-checker-4.0.21
2024-11-28 14:42:54.776 [info] Extracted extension to file:///home/steve/.vscode/extensions/donjayamanne.python-environment-manager-1.2.4: donjayamanne.python-environment-manager
2024-11-28 14:42:54.781 [info] Renamed to /home/steve/.vscode/extensions/donjayamanne.python-environment-manager-1.2.4
2024-11-28 14:42:55.039 [info] Extracted extension to file:///home/steve/.vscode/extensions/adamwalzer.string-converter-0.1.2: adamwalzer.string-converter
2024-11-28 14:42:55.043 [info] Renamed to /home/steve/.vscode/extensions/adamwalzer.string-converter-0.1.2
2024-11-28 14:42:55.125 [error] [uncaught exception in sharedProcess]: Error: ENOENT: no such file or directory, stat '/home/steve/.vscode/extensions/extensions.json.vsctmp': EntryNotFound (FileSystemError): Error: ENOENT: no such file or directory, stat '/home/steve/.vscode/extensions/extensions.json.vsctmp'
    at hm.create (file:///opt/visual-studio-code/resources/app/out/vs/code/electron-utility/sharedProcess/sharedProcessMain.js:35:39254)
    at Es (file:///opt/visual-studio-code/resources/app/out/vs/code/electron-utility/sharedProcess/sharedProcessMain.js:35:39361)
    at Fr.ib (file:///opt/visual-studio-code/resources/app/out/vs/code/electron-utility/sharedProcess/sharedProcessMain.js:71:22677)
    at Fr.stat (file:///opt/visual-studio-code/resources/app/out/vs/code/electron-utility/sharedProcess/sharedProcessMain.js:71:16010)
    at async Zl.stat (file:///opt/visual-studio-code/resources/app/out/vs/code/electron-utility/sharedProcess/sharedProcessMain.js:70:84491)
    at async Jl.yb (file:///opt/visual-studio-code/resources/app/out/vs/code/electron-utility/sharedProcess/sharedProcessMain.js:70:66605)
2024-11-28 14:42:55.427 [info] Extracted extension to file:///home/steve/.vscode/extensions/vscode-icons-team.vscode-icons-12.9.0: vscode-icons-team.vscode-icons
2024-11-28 14:42:55.432 [info] Renamed to /home/steve/.vscode/extensions/vscode-icons-team.vscode-icons-12.9.0
2024-11-28 14:42:55.514 [error] [uncaught exception in sharedProcess]: Error: ENOENT: no such file or directory, stat '/home/steve/.vscode/extensions/extensions.json.vsctmp': EntryNotFound (FileSystemError): Error: ENOENT: no such file or directory, stat '/home/steve/.vscode/extensions/extensions.json.vsctmp'
    at hm.create (file:///opt/visual-studio-code/resources/app/out/vs/code/electron-utility/sharedProcess/sharedProcessMain.js:35:39254)
    at Es (file:///opt/visual-studio-code/resources/app/out/vs/code/electron-utility/sharedProcess/sharedProcessMain.js:35:39361)
    at Fr.ib (file:///opt/visual-studio-code/resources/app/out/vs/code/electron-utility/sharedProcess/sharedProcessMain.js:71:22677)
    at Fr.stat (file:///opt/visual-studio-code/resources/app/out/vs/code/electron-utility/sharedProcess/sharedProcessMain.js:71:16010)
    at async Zl.stat (file:///opt/visual-studio-code/resources/app/out/vs/code/electron-utility/sharedProcess/sharedProcessMain.js:70:84491)
    at async Jl.yb (file:///opt/visual-studio-code/resources/app/out/vs/code/electron-utility/sharedProcess/sharedProcessMain.js:70:66605)
2024-11-28 14:42:55.606 [info] Extension signature verification result for ms-python.isort: UnknownError. Executed: true. Duration: 9ms.
2024-11-28 14:42:55.779 [info] Extracted extension to file:///home/steve/.vscode/extensions/ms-python.isort-2023.10.1: ms-python.isort
2024-11-28 14:42:55.782 [info] Renamed to /home/steve/.vscode/extensions/ms-python.isort-2023.10.1
2024-11-28 14:42:55.817 [error] [uncaught exception in sharedProcess]: Error: ENOENT: no such file or directory, stat '/home/steve/.vscode/extensions/extensions.json.vsctmp': EntryNotFound (FileSystemError): Error: ENOENT: no such file or directory, stat '/home/steve/.vscode/extensions/extensions.json.vsctmp'
    at hm.create (file:///opt/visual-studio-code/resources/app/out/vs/code/electron-utility/sharedProcess/sharedProcessMain.js:35:39254)
    at Es (file:///opt/visual-studio-code/resources/app/out/vs/code/electron-utility/sharedProcess/sharedProcessMain.js:35:39361)
    at Fr.ib (file:///opt/visual-studio-code/resources/app/out/vs/code/electron-utility/sharedProcess/sharedProcessMain.js:71:22677)
    at Fr.stat (file:///opt/visual-studio-code/resources/app/out/vs/code/electron-utility/sharedProcess/sharedProcessMain.js:71:16010)
    at async Zl.stat (file:///opt/visual-studio-code/resources/app/out/vs/code/electron-utility/sharedProcess/sharedProcessMain.js:70:84491)
    at async Jl.yb (file:///opt/visual-studio-code/resources/app/out/vs/code/electron-utility/sharedProcess/sharedProcessMain.js:70:66605)
2024-11-28 14:42:56.576 [info] Extension signature verification result for ms-toolsai.jupyter-renderers: UnknownError. Executed: true. Duration: 23ms.
2024-11-28 14:42:56.747 [info] Extension signature verification result for ms-python.debugpy: UnknownError. Executed: true. Duration: 10ms.
2024-11-28 14:42:57.013 [info] Extension signature verification result for ms-python.black-formatter: UnknownError. Executed: true. Duration: 6ms.
2024-11-28 14:42:57.037 [info] Extracted extension to file:///home/steve/.vscode/extensions/ms-toolsai.jupyter-renderers-1.0.21: ms-toolsai.jupyter-renderers
2024-11-28 14:42:57.041 [info] Renamed to /home/steve/.vscode/extensions/ms-toolsai.jupyter-renderers-1.0.21
2024-11-28 14:42:57.118 [info] Extension signature verification result for ms-toolsai.jupyter: UnknownError. Executed: true. Duration: 8ms.
2024-11-28 14:42:57.123 [error] [uncaught exception in sharedProcess]: Error: ENOENT: no such file or directory, stat '/home/steve/.vscode/extensions/extensions.json.vsctmp': EntryNotFound (FileSystemError): Error: ENOENT: no such file or directory, stat '/home/steve/.vscode/extensions/extensions.json.vsctmp'
    at hm.create (file:///opt/visual-studio-code/resources/app/out/vs/code/electron-utility/sharedProcess/sharedProcessMain.js:35:39254)
    at Es (file:///opt/visual-studio-code/resources/app/out/vs/code/electron-utility/sharedProcess/sharedProcessMain.js:35:39361)
    at Fr.ib (file:///opt/visual-studio-code/resources/app/out/vs/code/electron-utility/sharedProcess/sharedProcessMain.js:71:22677)
    at Fr.stat (file:///opt/visual-studio-code/resources/app/out/vs/code/electron-utility/sharedProcess/sharedProcessMain.js:71:16010)
    at async Zl.stat (file:///opt/visual-studio-code/resources/app/out/vs/code/electron-utility/sharedProcess/sharedProcessMain.js:70:84491)
    at async Jl.yb (file:///opt/visual-studio-code/resources/app/out/vs/code/electron-utility/sharedProcess/sharedProcessMain.js:70:66605)
2024-11-28 14:42:57.318 [info] Extension signature verification result for yzane.markdown-pdf: UnknownError. Executed: true. Duration: 7ms.
2024-11-28 14:42:57.555 [info] Extracted extension to file:///home/steve/.vscode/extensions/ms-python.black-formatter-2024.4.0: ms-python.black-formatter
2024-11-28 14:42:57.561 [info] Renamed to /home/steve/.vscode/extensions/ms-python.black-formatter-2024.4.0
2024-11-28 14:42:57.646 [error] [uncaught exception in sharedProcess]: Error: ENOENT: no such file or directory, stat '/home/steve/.vscode/extensions/extensions.json.vsctmp': EntryNotFound (FileSystemError): Error: ENOENT: no such file or directory, stat '/home/steve/.vscode/extensions/extensions.json.vsctmp'
    at hm.create (file:///opt/visual-studio-code/resources/app/out/vs/code/electron-utility/sharedProcess/sharedProcessMain.js:35:39254)
    at Es (file:///opt/visual-studio-code/resources/app/out/vs/code/electron-utility/sharedProcess/sharedProcessMain.js:35:39361)
    at Fr.ib (file:///opt/visual-studio-code/resources/app/out/vs/code/electron-utility/sharedProcess/sharedProcessMain.js:71:22677)
    at Fr.stat (file:///opt/visual-studio-code/resources/app/out/vs/code/electron-utility/sharedProcess/sharedProcessMain.js:71:16010)
    at async Zl.stat (file:///opt/visual-studio-code/resources/app/out/vs/code/electron-utility/sharedProcess/sharedProcessMain.js:70:84491)
    at async Jl.yb (file:///opt/visual-studio-code/resources/app/out/vs/code/electron-utility/sharedProcess/sharedProcessMain.js:70:66605)
2024-11-28 14:42:57.714 [info] Extracted extension to file:///home/steve/.vscode/extensions/ms-toolsai.jupyter-2024.10.0-linux-x64: ms-toolsai.jupyter
2024-11-28 14:42:57.721 [info] Renamed to /home/steve/.vscode/extensions/ms-toolsai.jupyter-2024.10.0-linux-x64
2024-11-28 14:42:57.768 [info] Extension signature verification result for ms-toolsai.datawrangler: UnknownError. Executed: true. Duration: 6ms.
2024-11-28 14:42:57.772 [info] Extracted extension to file:///home/steve/.vscode/extensions/ms-python.debugpy-2024.12.0-linux-x64: ms-python.debugpy
2024-11-28 14:42:57.776 [info] Renamed to /home/steve/.vscode/extensions/ms-python.debugpy-2024.12.0-linux-x64
2024-11-28 14:42:58.429 [info] Extension signature verification result for ms-python.python: UnknownError. Executed: true. Duration: 6ms.
2024-11-28 14:42:58.610 [info] Extracted extension to file:///home/steve/.vscode/extensions/ms-toolsai.datawrangler-1.12.1: ms-toolsai.datawrangler
2024-11-28 14:42:58.617 [info] Renamed to /home/steve/.vscode/extensions/ms-toolsai.datawrangler-1.12.1
2024-11-28 14:42:58.709 [error] [uncaught exception in sharedProcess]: Error: ENOENT: no such file or directory, stat '/home/steve/.vscode/extensions/extensions.json.vsctmp': EntryNotFound (FileSystemError): Error: ENOENT: no such file or directory, stat '/home/steve/.vscode/extensions/extensions.json.vsctmp'
    at hm.create (file:///opt/visual-studio-code/resources/app/out/vs/code/electron-utility/sharedProcess/sharedProcessMain.js:35:39254)
    at Es (file:///opt/visual-studio-code/resources/app/out/vs/code/electron-utility/sharedProcess/sharedProcessMain.js:35:39361)
    at Fr.ib (file:///opt/visual-studio-code/resources/app/out/vs/code/electron-utility/sharedProcess/sharedProcessMain.js:71:22677)
    at Fr.stat (file:///opt/visual-studio-code/resources/app/out/vs/code/electron-utility/sharedProcess/sharedProcessMain.js:71:16010)
    at async Zl.stat (file:///opt/visual-studio-code/resources/app/out/vs/code/electron-utility/sharedProcess/sharedProcessMain.js:70:84491)
    at async Jl.yb (file:///opt/visual-studio-code/resources/app/out/vs/code/electron-utility/sharedProcess/sharedProcessMain.js:70:66605)
2024-11-28 14:42:58.880 [info] Extension signature verification result for visualstudioexptteam.vscodeintellicode: UnknownError. Executed: true. Duration: 27ms.
2024-11-28 14:42:59.319 [warning] Failed downloading vsix. Unable to write file '/home/steve/.config/Code/CachedExtensionVSIXs/.90351411-c57f-41d8-96e4-d83313b667c0' (Error: net::ERR_NETWORK_CHANGED). Retry again... bierner.markdown-mermaid
2024-11-28 14:43:00.402 [info] Extracted extension to file:///home/steve/.vscode/extensions/visualstudioexptteam.vscodeintellicode-1.3.2: visualstudioexptteam.vscodeintellicode
2024-11-28 14:43:00.409 [info] Renamed to /home/steve/.vscode/extensions/visualstudioexptteam.vscodeintellicode-1.3.2
2024-11-28 14:43:00.491 [error] [uncaught exception in sharedProcess]: Error: ENOENT: no such file or directory, stat '/home/steve/.vscode/extensions/extensions.json.vsctmp': EntryNotFound (FileSystemError): Error: ENOENT: no such file or directory, stat '/home/steve/.vscode/extensions/extensions.json.vsctmp'
    at hm.create (file:///opt/visual-studio-code/resources/app/out/vs/code/electron-utility/sharedProcess/sharedProcessMain.js:35:39254)
    at Es (file:///opt/visual-studio-code/resources/app/out/vs/code/electron-utility/sharedProcess/sharedProcessMain.js:35:39361)
    at Fr.ib (file:///opt/visual-studio-code/resources/app/out/vs/code/electron-utility/sharedProcess/sharedProcessMain.js:71:22677)
    at Fr.stat (file:///opt/visual-studio-code/resources/app/out/vs/code/electron-utility/sharedProcess/sharedProcessMain.js:71:16010)
    at async Zl.stat (file:///opt/visual-studio-code/resources/app/out/vs/code/electron-utility/sharedProcess/sharedProcessMain.js:70:84491)
    at async Jl.yb (file:///opt/visual-studio-code/resources/app/out/vs/code/electron-utility/sharedProcess/sharedProcessMain.js:70:66605)
2024-11-28 14:43:00.736 [info] Extension signature verification result for ms-python.vscode-pylance: UnknownError. Executed: true. Duration: 10ms.
2024-11-28 14:43:01.658 [info] Extracted extension to file:///home/steve/.vscode/extensions/ms-python.python-2024.20.0-linux-x64: ms-python.python
2024-11-28 14:43:01.666 [info] Renamed to /home/steve/.vscode/extensions/ms-python.python-2024.20.0-linux-x64
2024-11-28 14:43:01.749 [error] [uncaught exception in sharedProcess]: Error: ENOENT: no such file or directory, stat '/home/steve/.vscode/extensions/extensions.json.vsctmp': EntryNotFound (FileSystemError): Error: ENOENT: no such file or directory, stat '/home/steve/.vscode/extensions/extensions.json.vsctmp'
    at hm.create (file:///opt/visual-studio-code/resources/app/out/vs/code/electron-utility/sharedProcess/sharedProcessMain.js:35:39254)
    at Es (file:///opt/visual-studio-code/resources/app/out/vs/code/electron-utility/sharedProcess/sharedProcessMain.js:35:39361)
    at Fr.ib (file:///opt/visual-studio-code/resources/app/out/vs/code/electron-utility/sharedProcess/sharedProcessMain.js:71:22677)
    at Fr.stat (file:///opt/visual-studio-code/resources/app/out/vs/code/electron-utility/sharedProcess/sharedProcessMain.js:71:16010)
    at async Zl.stat (file:///opt/visual-studio-code/resources/app/out/vs/code/electron-utility/sharedProcess/sharedProcessMain.js:70:84491)
    at async Jl.yb (file:///opt/visual-studio-code/resources/app/out/vs/code/electron-utility/sharedProcess/sharedProcessMain.js:70:66605)
2024-11-28 14:43:01.876 [info] Extension signature verification result for bierner.markdown-mermaid: UnknownError. Executed: true. Duration: 6ms.
2024-11-28 14:43:02.277 [info] Extracted extension to file:///home/steve/.vscode/extensions/yzane.markdown-pdf-1.5.0: yzane.markdown-pdf
2024-11-28 14:43:02.283 [info] Renamed to /home/steve/.vscode/extensions/yzane.markdown-pdf-1.5.0
2024-11-28 14:43:02.365 [error] [uncaught exception in sharedProcess]: Error: ENOENT: no such file or directory, stat '/home/steve/.vscode/extensions/extensions.json.vsctmp': EntryNotFound (FileSystemError): Error: ENOENT: no such file or directory, stat '/home/steve/.vscode/extensions/extensions.json.vsctmp'
    at hm.create (file:///opt/visual-studio-code/resources/app/out/vs/code/electron-utility/sharedProcess/sharedProcessMain.js:35:39254)
    at Es (file:///opt/visual-studio-code/resources/app/out/vs/code/electron-utility/sharedProcess/sharedProcessMain.js:35:39361)
    at Fr.ib (file:///opt/visual-studio-code/resources/app/out/vs/code/electron-utility/sharedProcess/sharedProcessMain.js:71:22677)
    at Fr.stat (file:///opt/visual-studio-code/resources/app/out/vs/code/electron-utility/sharedProcess/sharedProcessMain.js:71:16010)
    at async Zl.stat (file:///opt/visual-studio-code/resources/app/out/vs/code/electron-utility/sharedProcess/sharedProcessMain.js:70:84491)
    at async Jl.yb (file:///opt/visual-studio-code/resources/app/out/vs/code/electron-utility/sharedProcess/sharedProcessMain.js:70:66605)
2024-11-28 14:43:06.611 [info] Extracted extension to file:///home/steve/.vscode/extensions/ms-python.vscode-pylance-2024.11.3: ms-python.vscode-pylance
2024-11-28 14:43:06.621 [info] Renamed to /home/steve/.vscode/extensions/ms-python.vscode-pylance-2024.11.3
2024-11-28 14:43:06.706 [error] [uncaught exception in sharedProcess]: Error: ENOENT: no such file or directory, stat '/home/steve/.vscode/extensions/extensions.json.vsctmp': EntryNotFound (FileSystemError): Error: ENOENT: no such file or directory, stat '/home/steve/.vscode/extensions/extensions.json.vsctmp'
    at hm.create (file:///opt/visual-studio-code/resources/app/out/vs/code/electron-utility/sharedProcess/sharedProcessMain.js:35:39254)
    at Es (file:///opt/visual-studio-code/resources/app/out/vs/code/electron-utility/sharedProcess/sharedProcessMain.js:35:39361)
    at Fr.ib (file:///opt/visual-studio-code/resources/app/out/vs/code/electron-utility/sharedProcess/sharedProcessMain.js:71:22677)
    at Fr.stat (file:///opt/visual-studio-code/resources/app/out/vs/code/electron-utility/sharedProcess/sharedProcessMain.js:71:16010)
    at async Zl.stat (file:///opt/visual-studio-code/resources/app/out/vs/code/electron-utility/sharedProcess/sharedProcessMain.js:70:84491)
    at async Jl.yb (file:///opt/visual-studio-code/resources/app/out/vs/code/electron-utility/sharedProcess/sharedProcessMain.js:70:66605)
2024-11-28 14:43:09.157 [info] Extracted extension to file:///home/steve/.vscode/extensions/bierner.markdown-mermaid-1.27.0: bierner.markdown-mermaid
2024-11-28 14:43:09.219 [info] Renamed to /home/steve/.vscode/extensions/bierner.markdown-mermaid-1.27.0
2024-11-28 14:43:09.298 [info] Extension installed successfully: hnw.vscode-auto-open-markdown-preview vscode-userdata:/home/steve/.vscode/extensions/extensions.json
2024-11-28 14:43:09.298 [info] Extension installed successfully: wholroyd.jinja vscode-userdata:/home/steve/.vscode/extensions/extensions.json
2024-11-28 14:43:09.298 [info] Extension installed successfully: sndst00m.markdown-github-dark-pack vscode-userdata:/home/steve/.vscode/extensions/extensions.json
2024-11-28 14:43:09.298 [info] Extension installed successfully: blinklang.blinksyntaxhl vscode-userdata:/home/steve/.vscode/extensions/extensions.json
2024-11-28 14:43:09.299 [info] Extension installed successfully: wesbos.theme-cobalt2 vscode-userdata:/home/steve/.vscode/extensions/extensions.json
2024-11-28 14:43:09.299 [info] Extension installed successfully: donjayamanne.python-extension-pack vscode-userdata:/home/steve/.vscode/extensions/extensions.json
2024-11-28 14:43:09.299 [info] Extension installed successfully: usernamehw.search vscode-userdata:/home/steve/.vscode/extensions/extensions.json
2024-11-28 14:43:09.299 [info] Extension installed successfully: ozaki.markdown-github-dark vscode-userdata:/home/steve/.vscode/extensions/extensions.json
2024-11-28 14:43:09.299 [info] Extension installed successfully: ms-toolsai.jupyter-keymap vscode-userdata:/home/steve/.vscode/extensions/extensions.json
2024-11-28 14:43:09.299 [info] Extension installed successfully: blinkshellinc.blink-fs vscode-userdata:/home/steve/.vscode/extensions/extensions.json
2024-11-28 14:43:09.300 [info] Extension installed successfully: johnpapa.vscode-peacock vscode-userdata:/home/steve/.vscode/extensions/extensions.json
2024-11-28 14:43:09.300 [info] Extension installed successfully: foam.foam-vscode vscode-userdata:/home/steve/.vscode/extensions/extensions.json
2024-11-28 14:43:09.300 [info] Extension installed successfully: usernamehw.todo-md vscode-userdata:/home/steve/.vscode/extensions/extensions.json
2024-11-28 14:43:09.300 [info] Extension installed successfully: njpwerner.autodocstring vscode-userdata:/home/steve/.vscode/extensions/extensions.json
2024-11-28 14:43:09.300 [info] Extension installed successfully: ms-toolsai.vscode-jupyter-slideshow vscode-userdata:/home/steve/.vscode/extensions/extensions.json
2024-11-28 14:43:09.300 [info] Extension installed successfully: vscodevim.vim vscode-userdata:/home/steve/.vscode/extensions/extensions.json
2024-11-28 14:43:09.300 [info] Extension installed successfully: romanpeshkov.vscode-text-tables vscode-userdata:/home/steve/.vscode/extensions/extensions.json
2024-11-28 14:43:09.301 [info] Extension installed successfully: ms-toolsai.vscode-jupyter-cell-tags vscode-userdata:/home/steve/.vscode/extensions/extensions.json
2024-11-28 14:43:09.301 [info] Extension installed successfully: techer.open-in-browser vscode-userdata:/home/steve/.vscode/extensions/extensions.json
2024-11-28 14:43:09.301 [info] Extension installed successfully: kevinrose.vsc-python-indent vscode-userdata:/home/steve/.vscode/extensions/extensions.json
2024-11-28 14:43:09.301 [info] Extension installed successfully: mechatroner.rainbow-csv vscode-userdata:/home/steve/.vscode/extensions/extensions.json
2024-11-28 14:43:09.301 [info] Extension installed successfully: mark-wiemer.vscode-autohotkey-plus-plus vscode-userdata:/home/steve/.vscode/extensions/extensions.json
2024-11-28 14:43:09.301 [info] Extension installed successfully: gruntfuggly.todo-tree vscode-userdata:/home/steve/.vscode/extensions/extensions.json
2024-11-28 14:43:09.301 [info] Extension installed successfully: ms-dotnettools.vscode-dotnet-runtime vscode-userdata:/home/steve/.vscode/extensions/extensions.json
2024-11-28 14:43:09.302 [info] Extension installed successfully: yzhang.markdown-all-in-one vscode-userdata:/home/steve/.vscode/extensions/extensions.json
2024-11-28 14:43:09.302 [info] Extension installed successfully: ms-vscode-remote.remote-wsl vscode-userdata:/home/steve/.vscode/extensions/extensions.json
2024-11-28 14:43:09.302 [info] Extension installed successfully: redhat.vscode-yaml vscode-userdata:/home/steve/.vscode/extensions/extensions.json
2024-11-28 14:43:09.302 [info] Extension installed successfully: visualstudioexptteam.intellicode-api-usage-examples vscode-userdata:/home/steve/.vscode/extensions/extensions.json
2024-11-28 14:43:09.302 [info] Extension installed successfully: grapecity.gc-excelviewer vscode-userdata:/home/steve/.vscode/extensions/extensions.json
2024-11-28 14:43:09.302 [info] Extension installed successfully: magicstack.magicpython vscode-userdata:/home/steve/.vscode/extensions/extensions.json
2024-11-28 14:43:09.303 [info] Extension installed successfully: mushan.vscode-paste-image vscode-userdata:/home/steve/.vscode/extensions/extensions.json
2024-11-28 14:43:09.303 [info] Extension installed successfully: esbenp.prettier-vscode vscode-userdata:/home/steve/.vscode/extensions/extensions.json
2024-11-28 14:43:09.303 [info] Extension installed successfully: streetsidesoftware.code-spell-checker vscode-userdata:/home/steve/.vscode/extensions/extensions.json
2024-11-28 14:43:09.303 [info] Extension installed successfully: donjayamanne.python-environment-manager vscode-userdata:/home/steve/.vscode/extensions/extensions.json
2024-11-28 14:43:09.303 [info] Extension installed successfully: adamwalzer.string-converter vscode-userdata:/home/steve/.vscode/extensions/extensions.json
2024-11-28 14:43:09.303 [info] Extension installed successfully: vscode-icons-team.vscode-icons vscode-userdata:/home/steve/.vscode/extensions/extensions.json
2024-11-28 14:43:09.303 [info] Extension installed successfully: ms-python.isort vscode-userdata:/home/steve/.vscode/extensions/extensions.json
2024-11-28 14:43:09.304 [info] Extension installed successfully: ms-toolsai.jupyter-renderers vscode-userdata:/home/steve/.vscode/extensions/extensions.json
2024-11-28 14:43:09.304 [info] Extension installed successfully: ms-python.black-formatter vscode-userdata:/home/steve/.vscode/extensions/extensions.json
2024-11-28 14:43:09.304 [info] Extension installed successfully: ms-toolsai.jupyter vscode-userdata:/home/steve/.vscode/extensions/extensions.json
2024-11-28 14:43:09.304 [info] Extension installed successfully: ms-python.debugpy vscode-userdata:/home/steve/.vscode/extensions/extensions.json
2024-11-28 14:43:09.304 [info] Extension installed successfully: ms-toolsai.datawrangler vscode-userdata:/home/steve/.vscode/extensions/extensions.json
2024-11-28 14:43:09.304 [info] Extension installed successfully: visualstudioexptteam.vscodeintellicode vscode-userdata:/home/steve/.vscode/extensions/extensions.json
2024-11-28 14:43:09.305 [info] Extension installed successfully: ms-python.python vscode-userdata:/home/steve/.vscode/extensions/extensions.json
2024-11-28 14:43:09.305 [info] Extension installed successfully: yzane.markdown-pdf vscode-userdata:/home/steve/.vscode/extensions/extensions.json
2024-11-28 14:43:09.305 [info] Extension installed successfully: ms-python.vscode-pylance vscode-userdata:/home/steve/.vscode/extensions/extensions.json
2024-11-28 14:43:09.305 [info] Extension installed successfully: bierner.markdown-mermaid vscode-userdata:/home/steve/.vscode/extensions/extensions.json
2024-11-28 14:43:09.324 [error] [uncaught exception in sharedProcess]: Error: ENOENT: no such file or directory, stat '/home/steve/.vscode/extensions/extensions.json.vsctmp': EntryNotFound (FileSystemError): Error: ENOENT: no such file or directory, stat '/home/steve/.vscode/extensions/extensions.json.vsctmp'
    at hm.create (file:///opt/visual-studio-code/resources/app/out/vs/code/electron-utility/sharedProcess/sharedProcessMain.js:35:39254)
    at Es (file:///opt/visual-studio-code/resources/app/out/vs/code/electron-utility/sharedProcess/sharedProcessMain.js:35:39361)
    at Fr.ib (file:///opt/visual-studio-code/resources/app/out/vs/code/electron-utility/sharedProcess/sharedProcessMain.js:71:22677)
    at Fr.stat (file:///opt/visual-studio-code/resources/app/out/vs/code/electron-utility/sharedProcess/sharedProcessMain.js:71:16010)
    at async Zl.stat (file:///opt/visual-studio-code/resources/app/out/vs/code/electron-utility/sharedProcess/sharedProcessMain.js:70:84491)
    at async Jl.yb (file:///opt/visual-studio-code/resources/app/out/vs/code/electron-utility/sharedProcess/sharedProcessMain.js:70:66605)
