2024-11-28 14:40:20.471 [info] Using settings sync service https://vscode-sync.trafficmanager.net/
2024-11-28 14:40:20.471 [info] Auto Sync is disabled.
2024-11-28 14:42:49.380 [info] Sync started.
2024-11-28 14:42:49.686 [info] Did reset the local sync state.
2024-11-28 14:42:49.706 [info] Settings: Migrating last sync user data. Resource does not exist.
2024-11-28 14:42:49.707 [info] Settings: Last sync data state does not exist.
2024-11-28 14:42:49.785 [info] Settings: Migrating last sync user data. Resource does not exist.
2024-11-28 14:42:49.785 [info] Settings: Last sync data state does not exist.
2024-11-28 14:42:49.948 [info] GlobalState: Migrating last sync user data. Resource does not exist.
2024-11-28 14:42:49.948 [info] GlobalState: Last sync data state does not exist.
2024-11-28 14:42:49.958 [info] Keybindings: Migrating last sync user data. Resource does not exist.
2024-11-28 14:42:49.958 [info] Keybindings: Last sync data state does not exist.
2024-11-28 14:42:50.053 [info] Snippets: Migrating last sync user data. Resource does not exist.
2024-11-28 14:42:50.054 [info] Snippets: Last sync data state does not exist.
2024-11-28 14:42:50.123 [info] Tasks: Migrating last sync user data. Resource does not exist.
2024-11-28 14:42:50.123 [info] Tasks: Last sync data state does not exist.
2024-11-28 14:42:50.194 [info] GlobalState: Migrating last sync user data. Resource does not exist.
2024-11-28 14:42:50.194 [info] GlobalState: Last sync data state does not exist.
2024-11-28 14:42:50.323 [info] Extensions: Migrating last sync user data. Resource does not exist.
2024-11-28 14:42:50.324 [info] Extensions: Last sync data state does not exist.
2024-11-28 14:42:50.468 [info] Profiles: Migrating last sync user data. Resource does not exist.
2024-11-28 14:42:50.469 [info] Profiles: Last sync data state does not exist.
2024-11-28 14:42:50.530 [info] Profiles: Migrating last sync user data. Resource does not exist.
2024-11-28 14:42:50.530 [info] Profiles: Last sync data state does not exist.
2024-11-28 14:42:50.549 [info] Settings: Updated local settings
2024-11-28 14:42:50.555 [info] Settings: Updated last synchronized settings
2024-11-28 14:42:50.559 [info] Keybindings: No changes found during synchronizing keybindings.
2024-11-28 14:42:50.564 [info] Keybindings: Updated last synchronized keybindings
2024-11-28 14:42:50.566 [info] Snippets: No changes found during synchronizing snippets.
2024-11-28 14:42:50.570 [info] Snippets: Updated last synchronized snippets
2024-11-28 14:42:50.577 [info] Tasks: Updated local tasks
2024-11-28 14:42:50.581 [info] Tasks: Updated last synchronized tasks
2024-11-28 14:42:50.590 [info] GlobalState: Updated global state ["workbench.panel.repl.hidden","workbench.welcomePage.hiddenCategories","workbench.statusbar.hidden","workbench.view.extensions.state.hidden","workbench.welcomePage.walkthroughMetadata","workbench.view.extension.dendron-view.state.hidden","views.customizations","workbench.view.extension.jupyter.state.hidden","commandPalette.mru.cache","commandPalette.mru.counter","nps/skipVersion","ces/skipSurvey","workbench.view.extension.package-explorer.state.hidden","workbench.view.extension.jupyter-variables.state.hidden","workbench.view.extension.markdown-todo.state.hidden","workbench.view.remote.state.hidden","Comments.hidden","workbench.view.extension.test.state.hidden","memento/notebookGettingStarted2","terminal.integrated.showTerminalConfigPrompt","extensionsAssistant/fileExtensionsSuggestionIgnore","recently.opened","remote.explorerType","workbench.view.extension.github-pull-requests.state.hidden","workbench.view.extension.github-pull-request.state.hidden","memento/workbench.editor.keybindings","workbench.view.extension.todo-tree-container.state.hidden","workbench.view.extension.todomd.state.hidden","workbench.view.extension.data-wrangler-primary.state.hidden","workbench.view.extension.data-wrangler-secondary.state.hidden","workbench.view.sync.state.hidden","extensionTips/promptedExecutableTips","fileBasedRecommendations/promptedRecommendations","snippets.usageTimestamps","github-scbret","workbench.view.extension.cspell-info-explorer.state.hidden","workbench.view.extension.cspellPanel.state.hidden","terminal.hidden","workbench.explorer.views.state.hidden","workbench.scm.views.state.hidden","workbench.activity.pinnedViewlets2","workbench.panel.pinnedPanels","nps/lastSessionDate","cpp.1.lastSessionDate","cpp.1.sessionCount","java.2.lastSessionDate","java.2.sessionCount","javascript.1.lastSessionDate","javascript.1.sessionCount","typescript.1.lastSessionDate","typescript.1.sessionCount","csharp.1.lastSessionDate","csharp.1.sessionCount","memento/gettingStartedService","colorThemeData"]
2024-11-28 14:42:50.591 [info] GlobalState: Updated local ui state
2024-11-28 14:42:50.593 [info] GlobalState: Updated last synchronized ui state
2024-11-28 14:42:51.072 [info] Extensions: Disabled extension vscodevim.vim 1.28.1
2024-11-28 14:42:51.373 [info] Extensions: Migrating last sync user data. Resource does not exist.
2024-11-28 14:42:51.374 [info] Extensions: Last sync data state does not exist.
2024-11-28 14:43:09.312 [info] Extensions: Installed extension. hnw.vscode-auto-open-markdown-preview 0.0.4
2024-11-28 14:43:09.312 [info] Extensions: Installed extension. wholroyd.jinja 0.0.8
2024-11-28 14:43:09.312 [info] Extensions: Installed extension. sndst00m.markdown-github-dark-pack 0.1.1
2024-11-28 14:43:09.312 [info] Extensions: Installed extension. blinklang.blinksyntaxhl 1.0.0
2024-11-28 14:43:09.312 [info] Extensions: Installed extension. wesbos.theme-cobalt2 2.4.3
2024-11-28 14:43:09.313 [info] Extensions: Installed extension. donjayamanne.python-extension-pack 1.7.0
2024-11-28 14:43:09.313 [info] Extensions: Installed extension. usernamehw.search 0.0.1
2024-11-28 14:43:09.313 [info] Extensions: Installed extension. ozaki.markdown-github-dark 0.1.0
2024-11-28 14:43:09.313 [info] Extensions: Installed extension. ms-toolsai.jupyter-keymap 1.1.2
2024-11-28 14:43:09.313 [info] Extensions: Installed extension. blinkshellinc.blink-fs 0.0.54
2024-11-28 14:43:09.313 [info] Extensions: Installed extension. johnpapa.vscode-peacock 4.2.2
2024-11-28 14:43:09.313 [info] Extensions: Installed extension. foam.foam-vscode 0.26.4
2024-11-28 14:43:09.314 [info] Extensions: Installed extension. usernamehw.todo-md 2.30.0
2024-11-28 14:43:09.314 [info] Extensions: Installed extension. njpwerner.autodocstring 0.6.1
2024-11-28 14:43:09.314 [info] Extensions: Installed extension. ms-toolsai.vscode-jupyter-slideshow 0.1.6
2024-11-28 14:43:09.314 [info] Extensions: Installed extension. vscodevim.vim 1.28.1
2024-11-28 14:43:09.314 [info] Extensions: Installed extension. romanpeshkov.vscode-text-tables 0.1.5
2024-11-28 14:43:09.314 [info] Extensions: Installed extension. ms-toolsai.vscode-jupyter-cell-tags 0.1.9
2024-11-28 14:43:09.315 [info] Extensions: Installed extension. techer.open-in-browser 2.0.0
2024-11-28 14:43:09.315 [info] Extensions: Installed extension. kevinrose.vsc-python-indent 1.18.0
2024-11-28 14:43:09.317 [info] Extensions: Installed extension. mechatroner.rainbow-csv 3.13.0
2024-11-28 14:43:09.317 [info] Extensions: Installed extension. mark-wiemer.vscode-autohotkey-plus-plus 6.4.1
2024-11-28 14:43:09.317 [info] Extensions: Installed extension. gruntfuggly.todo-tree 0.0.226
2024-11-28 14:43:09.318 [info] Extensions: Installed extension. ms-dotnettools.vscode-dotnet-runtime 2.2.3
2024-11-28 14:43:09.318 [info] Extensions: Installed extension. yzhang.markdown-all-in-one 3.6.2
2024-11-28 14:43:09.318 [info] Extensions: Installed extension. ms-vscode-remote.remote-wsl 0.88.5
2024-11-28 14:43:09.318 [info] Extensions: Installed extension. redhat.vscode-yaml 1.15.0
2024-11-28 14:43:09.318 [info] Extensions: Installed extension. visualstudioexptteam.intellicode-api-usage-examples 0.2.9
2024-11-28 14:43:09.318 [info] Extensions: Installed extension. grapecity.gc-excelviewer 4.2.62
2024-11-28 14:43:09.318 [info] Extensions: Installed extension. magicstack.magicpython 1.1.0
2024-11-28 14:43:09.319 [info] Extensions: Installed extension. mushan.vscode-paste-image 1.0.4
2024-11-28 14:43:09.319 [info] Extensions: Installed extension. esbenp.prettier-vscode 11.0.0
2024-11-28 14:43:09.319 [info] Extensions: Installed extension. streetsidesoftware.code-spell-checker 4.0.21
2024-11-28 14:43:09.319 [info] Extensions: Installed extension. donjayamanne.python-environment-manager 1.2.4
2024-11-28 14:43:09.319 [info] Extensions: Installed extension. adamwalzer.string-converter 0.1.2
2024-11-28 14:43:09.319 [info] Extensions: Installed extension. vscode-icons-team.vscode-icons 12.9.0
2024-11-28 14:43:09.320 [info] Extensions: Installed extension. ms-python.isort 2023.10.1
2024-11-28 14:43:09.320 [info] Extensions: Installed extension. ms-toolsai.jupyter-renderers 1.0.21
2024-11-28 14:43:09.320 [info] Extensions: Installed extension. ms-python.black-formatter 2024.4.0
2024-11-28 14:43:09.320 [info] Extensions: Installed extension. ms-toolsai.jupyter 2024.10.0
2024-11-28 14:43:09.320 [info] Extensions: Installed extension. ms-python.debugpy 2024.12.0
2024-11-28 14:43:09.320 [info] Extensions: Installed extension. ms-toolsai.datawrangler 1.12.1
2024-11-28 14:43:09.320 [info] Extensions: Installed extension. visualstudioexptteam.vscodeintellicode 1.3.2
2024-11-28 14:43:09.321 [info] Extensions: Installed extension. ms-python.python 2024.20.0
2024-11-28 14:43:09.321 [info] Extensions: Installed extension. yzane.markdown-pdf 1.5.0
2024-11-28 14:43:09.321 [info] Extensions: Installed extension. ms-python.vscode-pylance 2024.11.3
2024-11-28 14:43:09.321 [info] Extensions: Installed extension. bierner.markdown-mermaid 1.27.0
2024-11-28 14:43:09.341 [info] Extensions: Updated last synchronized extensions.
2024-11-28 14:43:09.345 [info] Profiles: No changes found during synchronizing profiles.
2024-11-28 14:43:09.361 [info] Profiles: Updated last synchronized profiles.
2024-11-28 14:43:09.384 [info] Sync done. Took 20005ms
2024-11-28 14:43:09.613 [info] Auto Sync: Triggered by Interval
2024-11-28 14:43:09.613 [info] Sync started.
2024-11-28 14:43:10.166 [info] Settings: No changes found during synchronizing settings.
2024-11-28 14:43:10.180 [info] Keybindings: No changes found during synchronizing keybindings.
2024-11-28 14:43:10.188 [info] Snippets: No changes found during synchronizing snippets.
2024-11-28 14:43:10.197 [info] Tasks: No changes found during synchronizing tasks.
2024-11-28 14:43:10.404 [info] GlobalState: Updated remote ui state. Updated: workbench.activity.pinnedViewlets2,workbench.panel.pinnedPanels,memento/gettingStartedService,workbench.welcomePage.walkthroughMetadata.
2024-11-28 14:43:10.407 [info] GlobalState: Updated last synchronized ui state
2024-11-28 14:43:10.485 [info] Extensions: No changes found during synchronizing extensions.
2024-11-28 14:43:10.486 [info] Profiles: No changes found during synchronizing profiles.
2024-11-28 14:43:10.486 [info] Sync done. Took 873ms
2024-11-28 14:43:12.234 [info] Auto Sync: Triggered by Activity
2024-11-28 14:43:12.234 [info] Sync started.
2024-11-28 14:43:12.301 [info] Settings: No changes found during synchronizing settings.
2024-11-28 14:43:12.303 [info] Keybindings: No changes found during synchronizing keybindings.
2024-11-28 14:43:12.305 [info] Snippets: No changes found during synchronizing snippets.
2024-11-28 14:43:12.306 [info] Tasks: No changes found during synchronizing tasks.
2024-11-28 14:43:12.309 [info] GlobalState: No changes found during synchronizing ui state.
2024-11-28 14:43:12.365 [info] Extensions: No changes found during synchronizing extensions.
2024-11-28 14:43:12.371 [info] Profiles: No changes found during synchronizing profiles.
2024-11-28 14:43:12.372 [info] Sync done. Took 141ms
2024-11-28 14:43:37.817 [info] Auto Sync: Triggered by Activity
2024-11-28 14:43:37.817 [info] Sync started.
2024-11-28 14:43:37.890 [info] Settings: No changes found during synchronizing settings.
2024-11-28 14:43:37.898 [info] Keybindings: No changes found during synchronizing keybindings.
2024-11-28 14:43:37.904 [info] Snippets: No changes found during synchronizing snippets.
2024-11-28 14:43:37.908 [info] Tasks: No changes found during synchronizing tasks.
2024-11-28 14:43:37.912 [info] GlobalState: No changes found during synchronizing ui state.
2024-11-28 14:43:37.968 [info] Extensions: No changes found during synchronizing extensions.
2024-11-28 14:43:37.969 [info] Profiles: No changes found during synchronizing profiles.
2024-11-28 14:43:37.970 [info] Sync done. Took 156ms
