2024-11-28 14:43:57.809 [info] Using settings sync service https://vscode-sync.trafficmanager.net/
2024-11-28 14:43:57.810 [info] Auto Sync is enabled.
2024-11-28 14:43:57.810 [info] Auto Sync: Suspended until auth token is available.
2024-11-28 14:43:59.363 [info] Auto Sync: Triggered by Interval
2024-11-28 14:43:59.363 [info] Sync started.
2024-11-28 14:43:59.801 [info] Settings: No changes found during synchronizing settings.
2024-11-28 14:43:59.808 [info] Keybindings: No changes found during synchronizing keybindings.
2024-11-28 14:43:59.812 [info] Snippets: No changes found during synchronizing snippets.
2024-11-28 14:43:59.815 [info] Tasks: No changes found during synchronizing tasks.
2024-11-28 14:44:00.024 [info] GlobalState: Updated remote ui state. Updated: cpp.1.lastSessionDate,cpp.1.sessionCount,java.2.lastSessionDate,java.2.sessionCount,javascript.1.lastSessionDate,javascript.1.sessionCount,typescript.1.lastSessionDate,typescript.1.sessionCount,csharp.1.lastSessionDate,csharp.1.sessionCount.
2024-11-28 14:44:00.028 [info] GlobalState: Updated last synchronized ui state
2024-11-28 14:44:00.090 [info] Extensions: No changes found during synchronizing extensions.
2024-11-28 14:44:00.093 [info] Profiles: No changes found during synchronizing profiles.
2024-11-28 14:44:00.094 [info] Sync done. Took 735ms
2024-11-28 14:44:01.880 [info] Auto Sync: Triggered by Activity
2024-11-28 14:44:01.880 [info] Sync started.
2024-11-28 14:44:01.965 [info] Settings: No changes found during synchronizing settings.
2024-11-28 14:44:01.968 [info] Keybindings: No changes found during synchronizing keybindings.
2024-11-28 14:44:01.971 [info] Snippets: No changes found during synchronizing snippets.
2024-11-28 14:44:01.973 [info] Tasks: No changes found during synchronizing tasks.
2024-11-28 14:44:01.976 [info] GlobalState: No changes found during synchronizing ui state.
2024-11-28 14:44:02.017 [info] Extensions: No changes found during synchronizing extensions.
2024-11-28 14:44:02.018 [info] Profiles: No changes found during synchronizing profiles.
2024-11-28 14:44:02.018 [info] Sync done. Took 140ms
