2024-11-30 07:37:16.330 [info] [main] Log level: Info
2024-11-30 07:37:16.330 [info] [main] Validating found git in: "git"
2024-11-30 07:37:16.330 [info] [main] Using git "2.47.1" from "git"
2024-11-30 07:37:16.330 [info] [Model][doInitialScan] Initial repository scan started
2024-11-30 07:37:16.330 [info] [Model][doInitialScan] Initial repository scan completed - repositories (0), closed repositories (0), parent repositories (0), unsafe repositories (0)
2024-11-30 07:38:21.308 [info] > git rev-parse --show-toplevel [6ms]
2024-11-30 07:38:21.309 [info] fatal: not a git repository (or any of the parent directories): .git
2024-11-30 07:38:59.820 [info] > git rev-parse --show-toplevel [8ms]
2024-11-30 07:39:11.403 [info] > git rev-parse --show-toplevel [2ms]
2024-11-30 07:39:11.413 [info] > git rev-parse --git-dir --git-common-dir [1ms]
2024-11-30 07:39:11.424 [info] [Model][openRepository] Opened repository: /home/steve/dotfiles
2024-11-30 07:39:11.435 [info] > git config --get commit.template [3ms]
2024-11-30 07:39:11.448 [info] > git for-each-ref --format=%(refname)%00%(upstream:short)%00%(objectname)%00%(upstream:track)%00%(upstream:remotename)%00%(upstream:remoteref) refs/heads/main refs/remotes/main [4ms]
2024-11-30 07:39:11.465 [info] > git for-each-ref --sort -committerdate --format %(refname) %(objectname) %(*objectname) [2ms]
2024-11-30 07:39:11.471 [info] > git status -z -uall [14ms]
2024-11-30 07:39:11.493 [info] > git for-each-ref --format=%(refname)%00%(upstream:short)%00%(objectname)%00%(upstream:track)%00%(upstream:remotename)%00%(upstream:remoteref) refs/heads/main refs/remotes/main [11ms]
2024-11-30 07:39:11.500 [info] > git config --local branch.main.vscode-merge-base [1ms]
2024-11-30 07:39:11.501 [warning] [Git][config] git config failed: Failed to execute git
2024-11-30 07:39:11.508 [info] > git config --get commit.template [17ms]
2024-11-30 07:39:11.516 [info] > git for-each-ref --format=%(refname)%00%(upstream:short)%00%(objectname)%00%(upstream:track)%00%(upstream:remotename)%00%(upstream:remoteref) refs/heads/main refs/remotes/main [1ms]
2024-11-30 07:39:11.530 [info] > git status -z -uall [7ms]
2024-11-30 07:39:11.530 [info] > git reflog main --grep-reflog=branch: Created from *. [22ms]
2024-11-30 07:39:11.538 [info] > git for-each-ref --sort -committerdate --format %(refname) %(objectname) %(*objectname) [9ms]
2024-11-30 07:39:11.548 [info] > git for-each-ref --format=%(refname)%00%(upstream:short)%00%(objectname)%00%(upstream:track)%00%(upstream:remotename)%00%(upstream:remoteref) refs/heads/main refs/remotes/main [2ms]
2024-11-30 07:39:11.554 [info] > git symbolic-ref --short refs/remotes/origin/HEAD [16ms]
2024-11-30 07:39:11.561 [info] > git for-each-ref --format=%(refname)%00%(upstream:short)%00%(objectname)%00%(upstream:track)%00%(upstream:remotename)%00%(upstream:remoteref) refs/heads/origin/main refs/remotes/origin/main [2ms]
2024-11-30 07:39:11.568 [info] > git config --local branch.main.vscode-merge-base [14ms]
2024-11-30 07:39:11.568 [warning] [Git][config] git config failed: Failed to execute git
2024-11-30 07:39:11.575 [info] > git config --local branch.main.vscode-merge-base origin/main [7ms]
2024-11-30 07:39:11.582 [info] > git reflog main --grep-reflog=branch: Created from *. [7ms]
2024-11-30 07:39:11.589 [info] > git config --get commit.template [7ms]
2024-11-30 07:39:11.595 [info] > git symbolic-ref --short refs/remotes/origin/HEAD [6ms]
2024-11-30 07:39:11.600 [info] > git for-each-ref --format=%(refname)%00%(upstream:short)%00%(objectname)%00%(upstream:track)%00%(upstream:remotename)%00%(upstream:remoteref) refs/heads/main refs/remotes/main [6ms]
2024-11-30 07:39:11.601 [info] > git for-each-ref --format=%(refname)%00%(upstream:short)%00%(objectname)%00%(upstream:track)%00%(upstream:remotename)%00%(upstream:remoteref) refs/heads/origin/main refs/remotes/origin/main [1ms]
2024-11-30 07:39:11.617 [info] > git status -z -uall [5ms]
2024-11-30 07:39:11.618 [info] > git config --local branch.main.vscode-merge-base origin/main [10ms]
2024-11-30 07:39:11.619 [info] > git for-each-ref --sort -committerdate --format %(refname) %(objectname) %(*objectname) [3ms] (cancelled)
2024-11-30 07:39:11.637 [info] > git for-each-ref --format=%(refname)%00%(upstream:short)%00%(objectname)%00%(upstream:track)%00%(upstream:remotename)%00%(upstream:remoteref) refs/heads/main refs/remotes/main [13ms]
2024-11-30 07:39:11.643 [info] > git config --local branch.main.vscode-merge-base [1ms]
2024-11-30 07:39:11.648 [info] > git config --get commit.template [12ms]
2024-11-30 07:39:11.648 [info] > git merge-base refs/heads/main refs/remotes/origin/main [19ms]
2024-11-30 07:39:11.656 [info] > git for-each-ref --format=%(refname)%00%(upstream:short)%00%(objectname)%00%(upstream:track)%00%(upstream:remotename)%00%(upstream:remoteref) refs/heads/origin/main refs/remotes/origin/main [8ms]
2024-11-30 07:39:11.667 [info] > git merge-base refs/heads/main refs/remotes/origin/main [6ms]
2024-11-30 07:39:11.673 [info] > git diff --name-status -z --diff-filter=ADMR 5ee927744126e1fe26935c6d35dfccfd61d3611d...refs/remotes/origin/main [18ms]
2024-11-30 07:39:11.674 [info] > git diff --name-status -z --diff-filter=ADMR 5ee927744126e1fe26935c6d35dfccfd61d3611d...refs/remotes/origin/main [1ms]
2024-11-30 07:39:11.675 [info] > git for-each-ref --format=%(refname)%00%(upstream:short)%00%(objectname)%00%(upstream:track)%00%(upstream:remotename)%00%(upstream:remoteref) refs/heads/main refs/remotes/main [8ms]
2024-11-30 07:39:11.686 [info] > git status -z -uall [6ms]
2024-11-30 07:39:11.687 [info] > git for-each-ref --sort -committerdate --format %(refname) %(objectname) %(*objectname) [2ms]
2024-11-30 07:39:11.743 [info] > git show --textconv :key_binds_dwm.txt [11ms]
2024-11-30 07:39:11.745 [info] > git ls-files --stage -- /home/steve/dotfiles/key_binds_dwm.txt [3ms]
2024-11-30 07:39:11.756 [info] > git cat-file -s 4a40886171e91895bcb1c12b6258720fc7819fa7 [2ms]
2024-11-30 07:39:11.973 [info] > git check-ignore -v -z --stdin [7ms]
2024-11-30 07:39:12.806 [info] > git config --get commit.template [7ms]
2024-11-30 07:39:12.806 [info] > git for-each-ref --format=%(refname)%00%(upstream:short)%00%(objectname)%00%(upstream:track)%00%(upstream:remotename)%00%(upstream:remoteref) refs/heads/main refs/remotes/main [1ms]
2024-11-30 07:39:12.820 [info] > git status -z -uall [7ms]
2024-11-30 07:39:12.821 [info] > git for-each-ref --sort -committerdate --format %(refname) %(objectname) %(*objectname) [2ms]
2024-11-30 07:39:12.922 [info] > git ls-files --stage -- /home/steve/dotfiles/key_binds_dwm.txt [6ms]
2024-11-30 07:39:12.945 [info] > git cat-file -s 4a40886171e91895bcb1c12b6258720fc7819fa7 [4ms]
2024-11-30 07:39:12.972 [info] > git show --textconv :key_binds_dwm.txt [5ms]
2024-11-30 07:39:18.991 [info] > git rev-parse --show-toplevel [1ms]
2024-11-30 07:39:18.991 [info] fatal: not a git repository (or any of the parent directories): .git
2024-11-30 07:39:24.273 [info] > git show --textconv :key_binds_dwm.txt [20ms]
2024-11-30 07:39:24.275 [info] > git ls-files --stage -- /home/steve/dotfiles/key_binds_dwm.txt [3ms]
2024-11-30 07:39:24.285 [info] > git cat-file -s 4a40886171e91895bcb1c12b6258720fc7819fa7 [2ms]
2024-11-30 07:40:14.828 [info] > git show --textconv :key_binds_dwm.txt [12ms]
2024-11-30 07:40:14.829 [info] > git ls-files --stage -- /home/steve/dotfiles/key_binds_dwm.txt [3ms]
2024-11-30 07:40:14.840 [info] > git cat-file -s 4a40886171e91895bcb1c12b6258720fc7819fa7 [2ms]
2024-11-30 07:40:30.489 [info] > git rev-parse --show-toplevel [3ms]
2024-11-30 07:40:30.489 [info] fatal: not a git repository (or any of the parent directories): .git
2024-11-30 07:40:49.952 [info] > git show --textconv :key_binds_dwm.txt [7ms]
2024-11-30 07:40:49.953 [info] > git ls-files --stage -- /home/steve/dotfiles/key_binds_dwm.txt [2ms]
2024-11-30 07:40:49.961 [info] > git cat-file -s 4a40886171e91895bcb1c12b6258720fc7819fa7 [2ms]
2024-11-30 07:40:53.130 [info] > git rev-parse --show-toplevel [2ms]
2024-11-30 07:40:53.130 [info] fatal: not a git repository (or any of the parent directories): .git
2024-11-30 07:40:55.320 [info] > git show --textconv :key_binds_dwm.txt [27ms]
2024-11-30 07:40:55.326 [info] > git ls-files --stage -- /home/steve/dotfiles/key_binds_dwm.txt [6ms]
2024-11-30 07:40:55.346 [info] > git cat-file -s 4a40886171e91895bcb1c12b6258720fc7819fa7 [4ms]
2024-11-30 07:41:09.655 [info] > git rev-parse --show-toplevel [1ms]
2024-11-30 07:41:09.655 [info] fatal: not a git repository (or any of the parent directories): .git
2024-11-30 07:42:48.013 [info] > git rev-parse --show-toplevel [6ms]
2024-11-30 07:42:48.014 [info] fatal: not a git repository (or any of the parent directories): .git
2024-11-30 07:42:48.093 [info] > git rev-parse --show-toplevel [9ms]
2024-11-30 07:42:48.093 [info] fatal: not a git repository (or any of the parent directories): .git
2024-11-30 07:42:48.326 [info] > git show --textconv :keybinds_dwm1.txt [22ms]
2024-11-30 07:42:48.330 [info] > git ls-files --stage -- /home/steve/dotfiles/keybinds_dwm1.txt [6ms]
2024-11-30 07:42:48.664 [info] > git check-ignore -v -z --stdin [5ms]
2024-11-30 07:42:49.183 [info] > git config --get commit.template [22ms]
2024-11-30 07:42:49.186 [info] > git for-each-ref --format=%(refname)%00%(upstream:short)%00%(objectname)%00%(upstream:track)%00%(upstream:remotename)%00%(upstream:remoteref) refs/heads/main refs/remotes/main [5ms]
2024-11-30 07:42:49.226 [info] > git status -z -uall [20ms]
2024-11-30 07:42:49.226 [info] > git for-each-ref --sort -committerdate --format %(refname) %(objectname) %(*objectname) [4ms]
2024-11-30 07:47:16.277 [info] > git config --get commit.template [9ms]
2024-11-30 07:47:16.278 [info] > git for-each-ref --format=%(refname)%00%(upstream:short)%00%(objectname)%00%(upstream:track)%00%(upstream:remotename)%00%(upstream:remoteref) refs/heads/main refs/remotes/main [1ms]
2024-11-30 07:47:16.290 [info] > git status -z -uall [6ms]
2024-11-30 07:47:16.291 [info] > git for-each-ref --sort -committerdate --format %(refname) %(objectname) %(*objectname) [2ms]
2024-11-30 07:49:19.507 [info] > git config --get commit.template [23ms]
2024-11-30 07:49:19.509 [info] > git for-each-ref --format=%(refname)%00%(upstream:short)%00%(objectname)%00%(upstream:track)%00%(upstream:remotename)%00%(upstream:remoteref) refs/heads/main refs/remotes/main [5ms]
2024-11-30 07:49:19.536 [info] > git status -z -uall [12ms]
2024-11-30 07:49:19.537 [info] > git for-each-ref --sort -committerdate --format %(refname) %(objectname) %(*objectname) [3ms]
2024-11-30 07:51:54.012 [info] > git config --get commit.template [21ms]
2024-11-30 07:51:54.014 [info] > git for-each-ref --format=%(refname)%00%(upstream:short)%00%(objectname)%00%(upstream:track)%00%(upstream:remotename)%00%(upstream:remoteref) refs/heads/main refs/remotes/main [5ms]
2024-11-30 07:51:54.047 [info] > git status -z -uall [15ms]
2024-11-30 07:51:54.048 [info] > git for-each-ref --sort -committerdate --format %(refname) %(objectname) %(*objectname) [3ms]
2024-11-30 07:53:58.664 [info] > git config --get commit.template [8ms]
2024-11-30 07:53:58.665 [info] > git for-each-ref --format=%(refname)%00%(upstream:short)%00%(objectname)%00%(upstream:track)%00%(upstream:remotename)%00%(upstream:remoteref) refs/heads/main refs/remotes/main [2ms]
2024-11-30 07:53:58.682 [info] > git status -z -uall [9ms]
2024-11-30 07:53:58.683 [info] > git for-each-ref --sort -committerdate --format %(refname) %(objectname) %(*objectname) [2ms]
2024-11-30 07:54:17.020 [info] > git config --get commit.template [6ms]
2024-11-30 07:54:17.020 [info] > git for-each-ref --format=%(refname)%00%(upstream:short)%00%(objectname)%00%(upstream:track)%00%(upstream:remotename)%00%(upstream:remoteref) refs/heads/main refs/remotes/main [1ms]
2024-11-30 07:54:17.030 [info] > git status -z -uall [5ms]
2024-11-30 07:54:17.031 [info] > git for-each-ref --sort -committerdate --format %(refname) %(objectname) %(*objectname) [1ms]
2024-11-30 07:55:54.941 [info] > git config --get commit.template [8ms]
2024-11-30 07:55:54.941 [info] > git for-each-ref --format=%(refname)%00%(upstream:short)%00%(objectname)%00%(upstream:track)%00%(upstream:remotename)%00%(upstream:remoteref) refs/heads/main refs/remotes/main [2ms]
2024-11-30 07:55:54.956 [info] > git status -z -uall [8ms]
2024-11-30 07:55:54.957 [info] > git for-each-ref --sort -committerdate --format %(refname) %(objectname) %(*objectname) [2ms]
2024-11-30 07:57:35.472 [info] > git config --get commit.template [2ms]
2024-11-30 07:57:35.478 [info] > git for-each-ref --format=%(refname)%00%(upstream:short)%00%(objectname)%00%(upstream:track)%00%(upstream:remotename)%00%(upstream:remoteref) refs/heads/main refs/remotes/main [1ms]
2024-11-30 07:57:35.489 [info] > git status -z -uall [5ms]
2024-11-30 07:57:35.490 [info] > git for-each-ref --sort -committerdate --format %(refname) %(objectname) %(*objectname) [1ms]
2024-11-30 07:59:46.830 [info] > git config --get commit.template [23ms]
2024-11-30 07:59:46.833 [info] > git for-each-ref --format=%(refname)%00%(upstream:short)%00%(objectname)%00%(upstream:track)%00%(upstream:remotename)%00%(upstream:remoteref) refs/heads/main refs/remotes/main [5ms]
2024-11-30 07:59:46.878 [info] > git status -z -uall [24ms]
2024-11-30 07:59:46.879 [info] > git for-each-ref --sort -committerdate --format %(refname) %(objectname) %(*objectname) [5ms]
2024-11-30 08:03:19.674 [info] > git config --get commit.template [23ms]
2024-11-30 08:03:19.676 [info] > git for-each-ref --format=%(refname)%00%(upstream:short)%00%(objectname)%00%(upstream:track)%00%(upstream:remotename)%00%(upstream:remoteref) refs/heads/main refs/remotes/main [5ms]
2024-11-30 08:03:19.693 [info] > git status -z -uall [7ms]
2024-11-30 08:03:19.694 [info] > git for-each-ref --sort -committerdate --format %(refname) %(objectname) %(*objectname) [2ms]
2024-11-30 08:04:29.450 [info] > git config --get commit.template [9ms]
2024-11-30 08:04:29.451 [info] > git for-each-ref --format=%(refname)%00%(upstream:short)%00%(objectname)%00%(upstream:track)%00%(upstream:remotename)%00%(upstream:remoteref) refs/heads/main refs/remotes/main [2ms]
2024-11-30 08:04:29.471 [info] > git status -z -uall [11ms]
2024-11-30 08:04:29.472 [info] > git for-each-ref --sort -committerdate --format %(refname) %(objectname) %(*objectname) [2ms]
2024-11-30 08:05:12.103 [info] > git config --get commit.template [21ms]
2024-11-30 08:05:12.106 [info] > git for-each-ref --format=%(refname)%00%(upstream:short)%00%(objectname)%00%(upstream:track)%00%(upstream:remotename)%00%(upstream:remoteref) refs/heads/main refs/remotes/main [5ms]
2024-11-30 08:05:12.145 [info] > git status -z -uall [19ms]
2024-11-30 08:05:12.146 [info] > git for-each-ref --sort -committerdate --format %(refname) %(objectname) %(*objectname) [3ms]
2024-11-30 08:06:49.708 [info] > git config --get commit.template [21ms]
2024-11-30 08:06:49.712 [info] > git for-each-ref --format=%(refname)%00%(upstream:short)%00%(objectname)%00%(upstream:track)%00%(upstream:remotename)%00%(upstream:remoteref) refs/heads/main refs/remotes/main [4ms]
2024-11-30 08:06:49.734 [info] > git status -z -uall [5ms]
2024-11-30 08:06:49.735 [info] > git for-each-ref --sort -committerdate --format %(refname) %(objectname) %(*objectname) [1ms]
2024-11-30 08:07:34.415 [info] > git config --get commit.template [21ms]
2024-11-30 08:07:34.417 [info] > git for-each-ref --format=%(refname)%00%(upstream:short)%00%(objectname)%00%(upstream:track)%00%(upstream:remotename)%00%(upstream:remoteref) refs/heads/main refs/remotes/main [5ms]
2024-11-30 08:07:34.455 [info] > git status -z -uall [18ms]
2024-11-30 08:07:34.455 [info] > git for-each-ref --sort -committerdate --format %(refname) %(objectname) %(*objectname) [1ms]
2024-11-30 08:08:38.410 [info] > git rev-parse --show-toplevel [6ms]
2024-11-30 08:08:38.410 [info] fatal: not a git repository (or any of the parent directories): .git
2024-11-30 08:08:46.195 [info] > git rev-parse --show-toplevel [3ms]
2024-11-30 08:08:46.195 [info] fatal: not a git repository (or any of the parent directories): .git
2024-11-30 08:08:46.218 [info] > git rev-parse --show-toplevel [7ms]
2024-11-30 08:08:46.218 [info] fatal: not a git repository (or any of the parent directories): .git
2024-11-30 08:08:48.637 [info] > git rev-parse --show-toplevel [2ms]
2024-11-30 08:08:48.637 [info] fatal: not a git repository (or any of the parent directories): .git
2024-11-30 08:08:48.657 [info] > git rev-parse --show-toplevel [2ms]
2024-11-30 08:08:48.657 [info] fatal: not a git repository (or any of the parent directories): .git
2024-11-30 08:08:48.897 [info] > git show --textconv :keybinds_dwm1.txt [15ms]
2024-11-30 08:08:48.899 [info] > git ls-files --stage -- /home/steve/dotfiles/keybinds_dwm1.txt [3ms]
2024-11-30 08:09:25.041 [info] > git config --get commit.template [1ms]
2024-11-30 08:09:25.048 [info] > git for-each-ref --format=%(refname)%00%(upstream:short)%00%(objectname)%00%(upstream:track)%00%(upstream:remotename)%00%(upstream:remoteref) refs/heads/main refs/remotes/main [2ms]
2024-11-30 08:09:25.061 [info] > git status -z -uall [7ms]
2024-11-30 08:09:25.062 [info] > git for-each-ref --sort -committerdate --format %(refname) %(objectname) %(*objectname) [1ms]
2024-11-30 08:11:09.591 [info] > git config --get commit.template [6ms]
2024-11-30 08:11:09.592 [info] > git for-each-ref --format=%(refname)%00%(upstream:short)%00%(objectname)%00%(upstream:track)%00%(upstream:remotename)%00%(upstream:remoteref) refs/heads/main refs/remotes/main [1ms]
2024-11-30 08:11:09.604 [info] > git status -z -uall [7ms]
2024-11-30 08:11:09.605 [info] > git for-each-ref --sort -committerdate --format %(refname) %(objectname) %(*objectname) [1ms]
2024-11-30 08:13:14.082 [info] > git config --get commit.template [21ms]
2024-11-30 08:13:14.084 [info] > git for-each-ref --format=%(refname)%00%(upstream:short)%00%(objectname)%00%(upstream:track)%00%(upstream:remotename)%00%(upstream:remoteref) refs/heads/main refs/remotes/main [5ms]
2024-11-30 08:13:14.111 [info] > git status -z -uall [13ms]
2024-11-30 08:13:14.112 [info] > git for-each-ref --sort -committerdate --format %(refname) %(objectname) %(*objectname) [3ms]
2024-11-30 08:20:09.747 [info] > git config --get commit.template [22ms]
2024-11-30 08:20:09.750 [info] > git for-each-ref --format=%(refname)%00%(upstream:short)%00%(objectname)%00%(upstream:track)%00%(upstream:remotename)%00%(upstream:remoteref) refs/heads/main refs/remotes/main [5ms]
2024-11-30 08:20:09.793 [info] > git status -z -uall [24ms]
2024-11-30 08:20:09.795 [info] > git for-each-ref --sort -committerdate --format %(refname) %(objectname) %(*objectname) [5ms]
2024-11-30 08:20:30.048 [info] > git config --get commit.template [22ms]
2024-11-30 08:20:30.051 [info] > git for-each-ref --format=%(refname)%00%(upstream:short)%00%(objectname)%00%(upstream:track)%00%(upstream:remotename)%00%(upstream:remoteref) refs/heads/main refs/remotes/main [5ms]
2024-11-30 08:20:30.093 [info] > git status -z -uall [22ms]
2024-11-30 08:20:30.095 [info] > git for-each-ref --sort -committerdate --format %(refname) %(objectname) %(*objectname) [5ms]
2024-11-30 08:21:32.237 [info] > git config --get commit.template [17ms]
2024-11-30 08:21:32.238 [info] > git for-each-ref --format=%(refname)%00%(upstream:short)%00%(objectname)%00%(upstream:track)%00%(upstream:remotename)%00%(upstream:remoteref) refs/heads/main refs/remotes/main [1ms]
2024-11-30 08:21:32.249 [info] > git status -z -uall [6ms]
2024-11-30 08:21:32.250 [info] > git for-each-ref --sort -committerdate --format %(refname) %(objectname) %(*objectname) [1ms]
2024-11-30 08:21:49.886 [info] > git config --get commit.template [18ms]
2024-11-30 08:21:49.887 [info] > git for-each-ref --format=%(refname)%00%(upstream:short)%00%(objectname)%00%(upstream:track)%00%(upstream:remotename)%00%(upstream:remoteref) refs/heads/main refs/remotes/main [3ms]
2024-11-30 08:21:49.902 [info] > git status -z -uall [7ms]
2024-11-30 08:21:49.903 [info] > git for-each-ref --sort -committerdate --format %(refname) %(objectname) %(*objectname) [2ms]
2024-11-30 08:22:12.888 [info] > git config --get commit.template [4ms]
2024-11-30 08:22:12.912 [info] > git for-each-ref --format=%(refname)%00%(upstream:short)%00%(objectname)%00%(upstream:track)%00%(upstream:remotename)%00%(upstream:remoteref) refs/heads/main refs/remotes/main [5ms]
2024-11-30 08:22:12.950 [info] > git status -z -uall [18ms]
2024-11-30 08:22:12.951 [info] > git for-each-ref --sort -committerdate --format %(refname) %(objectname) %(*objectname) [3ms]
2024-11-30 08:23:40.887 [info] > git config --get commit.template [19ms]
2024-11-30 08:23:40.890 [info] > git for-each-ref --format=%(refname)%00%(upstream:short)%00%(objectname)%00%(upstream:track)%00%(upstream:remotename)%00%(upstream:remoteref) refs/heads/main refs/remotes/main [4ms]
2024-11-30 08:23:40.928 [info] > git status -z -uall [20ms]
2024-11-30 08:23:40.931 [info] > git for-each-ref --sort -committerdate --format %(refname) %(objectname) %(*objectname) [7ms]
2024-11-30 08:24:28.936 [info] > git config --get commit.template [21ms]
2024-11-30 08:24:28.940 [info] > git for-each-ref --format=%(refname)%00%(upstream:short)%00%(objectname)%00%(upstream:track)%00%(upstream:remotename)%00%(upstream:remoteref) refs/heads/main refs/remotes/main [6ms]
2024-11-30 08:24:28.985 [info] > git status -z -uall [24ms]
2024-11-30 08:24:28.985 [info] > git for-each-ref --sort -committerdate --format %(refname) %(objectname) %(*objectname) [4ms]
2024-11-30 08:27:25.002 [info] > git config --get commit.template [23ms]
2024-11-30 08:27:25.007 [info] > git for-each-ref --format=%(refname)%00%(upstream:short)%00%(objectname)%00%(upstream:track)%00%(upstream:remotename)%00%(upstream:remoteref) refs/heads/main refs/remotes/main [5ms]
2024-11-30 08:27:25.050 [info] > git status -z -uall [21ms]
2024-11-30 08:27:25.051 [info] > git for-each-ref --sort -committerdate --format %(refname) %(objectname) %(*objectname) [2ms]
2024-11-30 08:29:25.731 [info] > git config --get commit.template [21ms]
2024-11-30 08:29:25.734 [info] > git for-each-ref --format=%(refname)%00%(upstream:short)%00%(objectname)%00%(upstream:track)%00%(upstream:remotename)%00%(upstream:remoteref) refs/heads/main refs/remotes/main [5ms]
2024-11-30 08:29:25.772 [info] > git status -z -uall [18ms]
2024-11-30 08:29:25.773 [info] > git for-each-ref --sort -committerdate --format %(refname) %(objectname) %(*objectname) [3ms]
2024-11-30 08:31:16.558 [info] > git config --get commit.template [6ms]
2024-11-30 08:31:16.559 [info] > git for-each-ref --format=%(refname)%00%(upstream:short)%00%(objectname)%00%(upstream:track)%00%(upstream:remotename)%00%(upstream:remoteref) refs/heads/main refs/remotes/main [2ms]
2024-11-30 08:31:16.570 [info] > git status -z -uall [6ms]
2024-11-30 08:31:16.571 [info] > git for-each-ref --sort -committerdate --format %(refname) %(objectname) %(*objectname) [2ms]
2024-11-30 08:32:59.024 [info] > git config --get commit.template [21ms]
2024-11-30 08:32:59.027 [info] > git for-each-ref --format=%(refname)%00%(upstream:short)%00%(objectname)%00%(upstream:track)%00%(upstream:remotename)%00%(upstream:remoteref) refs/heads/main refs/remotes/main [5ms]
2024-11-30 08:32:59.073 [info] > git status -z -uall [25ms]
2024-11-30 08:32:59.073 [info] > git for-each-ref --sort -committerdate --format %(refname) %(objectname) %(*objectname) [6ms]
2024-11-30 08:38:21.743 [info] > git config --get commit.template [6ms]
2024-11-30 08:38:21.744 [info] > git for-each-ref --format=%(refname)%00%(upstream:short)%00%(objectname)%00%(upstream:track)%00%(upstream:remotename)%00%(upstream:remoteref) refs/heads/main refs/remotes/main [2ms]
2024-11-30 08:38:21.756 [info] > git status -z -uall [7ms]
2024-11-30 08:38:21.757 [info] > git for-each-ref --sort -committerdate --format %(refname) %(objectname) %(*objectname) [2ms]
2024-11-30 08:41:24.425 [info] > git config --get commit.template [24ms]
2024-11-30 08:41:24.428 [info] > git for-each-ref --format=%(refname)%00%(upstream:short)%00%(objectname)%00%(upstream:track)%00%(upstream:remotename)%00%(upstream:remoteref) refs/heads/main refs/remotes/main [5ms]
2024-11-30 08:41:24.461 [info] > git status -z -uall [16ms]
2024-11-30 08:41:24.461 [info] > git for-each-ref --sort -committerdate --format %(refname) %(objectname) %(*objectname) [3ms]
2024-11-30 08:42:16.076 [info] > git config --get commit.template [23ms]
2024-11-30 08:42:16.079 [info] > git for-each-ref --format=%(refname)%00%(upstream:short)%00%(objectname)%00%(upstream:track)%00%(upstream:remotename)%00%(upstream:remoteref) refs/heads/main refs/remotes/main [5ms]
2024-11-30 08:42:16.122 [info] > git status -z -uall [23ms]
2024-11-30 08:42:16.124 [info] > git for-each-ref --sort -committerdate --format %(refname) %(objectname) %(*objectname) [6ms]
2024-11-30 08:44:18.391 [info] > git config --get commit.template [21ms]
2024-11-30 08:44:18.393 [info] > git for-each-ref --format=%(refname)%00%(upstream:short)%00%(objectname)%00%(upstream:track)%00%(upstream:remotename)%00%(upstream:remoteref) refs/heads/main refs/remotes/main [5ms]
2024-11-30 08:44:18.435 [info] > git status -z -uall [21ms]
2024-11-30 08:44:18.436 [info] > git for-each-ref --sort -committerdate --format %(refname) %(objectname) %(*objectname) [3ms]
2024-11-30 08:44:44.631 [info] > git config --get commit.template [22ms]
2024-11-30 08:44:44.634 [info] > git for-each-ref --format=%(refname)%00%(upstream:short)%00%(objectname)%00%(upstream:track)%00%(upstream:remotename)%00%(upstream:remoteref) refs/heads/main refs/remotes/main [4ms]
2024-11-30 08:44:44.673 [info] > git status -z -uall [20ms]
2024-11-30 08:44:44.674 [info] > git for-each-ref --sort -committerdate --format %(refname) %(objectname) %(*objectname) [3ms]
2024-11-30 08:45:06.619 [info] > git config --get commit.template [24ms]
2024-11-30 08:45:06.620 [info] > git for-each-ref --format=%(refname)%00%(upstream:short)%00%(objectname)%00%(upstream:track)%00%(upstream:remotename)%00%(upstream:remoteref) refs/heads/main refs/remotes/main [4ms]
2024-11-30 08:45:06.647 [info] > git for-each-ref --sort -committerdate --format %(refname) %(objectname) %(*objectname) [2ms]
2024-11-30 08:45:06.648 [info] > git status -z -uall [14ms]
